T2830 21031:670.980   SEGGER J-Link V7.92q Log File
T2830 21031:671.009   DLL Compiled: Nov 23 2023 18:03:53
T2830 21031:671.018   Logging started @ 2023-12-16 00:53
T2830 21031:671.027   Process: C:\Program Files (x86)\Atmel\Studio\7.0\atbackend\atbackend.exe
T2830 21031:671.036 - 40844.873ms
T2830 21031:673.476 JLINK_ExecCommand("Device = ATSAMD21G18A", ...). 
T2830 21031:673.654   Device "ATSAMD21G18A" selected.
T2830 21031:673.826 - 0.325ms returns 0x00
T2830 21031:685.125 JLINK_TIF_Select(JLINKARM_TIF_SWD)
T2830 21031:687.594 - 2.468ms returns 0x00
T2830 21031:687.726 JLINK_SetSpeed(4000)
T2830 21031:688.026 - 0.299ms
T2830 21031:688.047 JLINK_ResetPullsRESET(OFF)
T2830 21031:688.055 - 0.008ms
T2830 21031:688.064 JLINK_Connect()
T2830 21031:688.815   InitTarget() start
T2830 21031:688.823    J-Link Script File: Executing InitTarget()
T2830 21031:688.838   InitTarget()
T2830 21031:693.681   InitTarget() end - Took 4.84ms
T2830 21031:695.336   Found SW-DP with ID 0x0BC11477
T2830 21031:700.693   DPIDR: 0x0BC11477
T2830 21031:700.708   CoreSight SoC-400 or earlier
T2830 21031:700.716   Scanning AP map to find all available APs
T2830 21031:702.334   AP[1]: Stopped AP scan as end of AP map has been reached
T2830 21031:702.344   AP[0]: AHB-AP (IDR: 0x04770031)
T2830 21031:702.352   Iterating through AP map to find AHB-AP to use
T2830 21031:704.342   AP[0]: Core found
T2830 21031:704.352   AP[0]: AHB-AP ROM base: 0x41003000
T2830 21031:705.223   CPUID register: 0x410CC601. Implementer code: 0x41 (ARM)
T2830 21031:705.231   Found Cortex-M0 r0p1, Little endian.
T2830 21031:706.980   -- Max. mem block: 0x00002BA8
T2830 21031:708.149   CPU_ReadMem(4 bytes @ 0xE000EDF0)
T2830 21031:709.438   CPU_WriteMem(4 bytes @ 0xE000EDF0)
T2830 21031:710.453   CPU_ReadMem(4 bytes @ 0xE0002000)
T2830 21031:711.312   FPUnit: 4 code (BP) slots and 0 literal slots
T2830 21031:711.317   CPU_ReadMem(4 bytes @ 0xE000EDFC)
T2830 21031:712.143   CPU_WriteMem(4 bytes @ 0xE000EDFC)
T2830 21031:712.692   CPU_ReadMem(4 bytes @ 0xE0001000)
T2830 21031:713.669   CPU_WriteMem(4 bytes @ 0xE0001000)
T2830 21031:714.552   CoreSight components:
T2830 21031:714.562   ROMTbl[0] @ 41003000
T2830 21031:714.566   CPU_ReadMem(64 bytes @ 0x41003000)
T2830 21031:715.804   CPU_ReadMem(32 bytes @ 0xE00FFFE0)
T2830 21031:716.889   [0][0]: E00FF000 CID B105100D PID 000BB4C0 ROM Table
T2830 21031:716.901   ROMTbl[1] @ E00FF000
T2830 21031:716.905   CPU_ReadMem(64 bytes @ 0xE00FF000)
T2830 21031:717.917   CPU_ReadMem(32 bytes @ 0xE000EFE0)
T2830 21031:718.640   [1][0]: E000E000 CID B105E00D PID 000BB008 SCS
T2830 21031:718.646   CPU_ReadMem(32 bytes @ 0xE0001FE0)
T2830 21031:719.538   [1][1]: E0001000 CID B105E00D PID 000BB00A DWT
T2830 21031:719.548   CPU_ReadMem(32 bytes @ 0xE0002FE0)
T2830 21031:720.434   [1][2]: E0002000 CID B105E00D PID 000BB00B FPB
T2830 21031:720.443   CPU_ReadMem(32 bytes @ 0x41006FE0)
T2830 21031:721.329   [0][1]: 41006000 CID B105900D PID 001BB932 MTB-M0+
T2830 21031:721.345 - 33.280ms returns 0x00
T2830 21031:721.388 JLINK_ExecCommand("ExcludeFlashCacheRange 0x0 - 0x40000", ...). 
T2830 21031:721.393 - 0.000ms returns 0x00
T2830 21031:721.404 JLINK_Halt()
T2830 21031:725.073 - 3.668ms returns 0x00
T2830 21031:725.811 JLINK_JTAG_GetDeviceID(DeviceIndex = 0)
T2830 21031:725.818 - 0.007ms returns 0
T2830 21031:725.823 JLINK_ReadMemU32(0x41002018, 0x1 Items)
T2830 21031:725.835   CPU_ReadMem(4 bytes @ 0x41002018)
T2830 21031:726.414   Data:  05 03 01 10
T2830 21031:726.431 - 0.608ms returns 1 (0x1)
T56B8 21031:736.444 JLINK_IsHalted()
T56B8 21031:737.049 - 0.604ms returns TRUE
T56B8 21031:737.064 JLINK_GetMOEs(...)
T56B8 21031:737.072   CPU_ReadMem(4 bytes @ 0xE000ED30)
T56B8 21031:737.940 - 0.876ms returns 0x01
T56B8 21031:737.954 JLINK_ReadReg(R15 (PC))
T56B8 21031:737.959 - 0.005ms returns 0x0001AA80
T2830 21031:775.263 JLINK_BeginDownload(Flags = 0x00000000)
T2830 21031:775.278 - 0.014ms
T2830 21031:775.287 JLINK_WriteMem(0x00012000, 0x19C98 Bytes, ...)
T2830 21031:775.290   Data:  D8 77 00 20 69 EE 01 00 4D EE 01 00 4D EE 01 00 ...
T2830 21031:775.572   completely In flash
T2830 21031:775.587 - 0.299ms returns 0x19C98
T2830 21031:775.738 JLINK_WriteMem(0x0002BC98, 0x3CC Bytes, ...)
T2830 21031:775.742   Data:  00 00 00 00 C3 F5 88 3F D7 A3 00 40 00 00 40 40 ...
T2830 21031:775.782   completely In flash
T2830 21031:775.787 - 0.049ms returns 0x3CC
T56B8 21031:942.689 JLINK_IsHalted()
T56B8 21031:942.739 - 0.049ms returns TRUE
T2830 21031:943.166 JLINK_EndDownload()
T2830 21031:944.854   CPU_ReadMem(4 bytes @ 0x41006004)
T2830 21031:945.693   CPU_ReadMem(4 bytes @ 0xE000ED90)
T2830 21031:946.583    -- --------------------------------------
T2830 21031:946.590    -- Flash bank @ 0x00000000: Default: L2 verify disabled because algorithm performs L1 verify
T2830 21031:946.595    -- Start of determining dirty areas in flash cache
T2830 21031:946.609    -- Filling invalid ranges in sector buffer (flash cache) for sector @ 0x00012000 if necessary
T2830 21031:946.614    -- Filling invalid ranges in sector buffer (flash cache) for sector @ 0x00012100 if necessary
T2830 21031:946.618    -- Filling invalid ranges in sector buffer (flash cache) for sector @ 0x00012200 if necessary
T2830 21031:946.622    -- Filling invalid ranges in sector buffer (flash cache) for sector @ 0x00012300 if necessary
T2830 21031:946.626    -- Filling invalid ranges in sector buffer (flash cache) for sector @ 0x00012400 if necessary
T2830 21031:946.630    -- Filling invalid ranges in sector buffer (flash cache) for sector @ 0x00012500 if necessary
T2830 21031:946.635    -- Filling invalid ranges in sector buffer (flash cache) for sector @ 0x00012600 if necessary
T2830 21031:946.639    -- Filling invalid ranges in sector buffer (flash cache) for sector @ 0x00012700 if necessary
T2830 21031:946.643    -- Filling invalid ranges in sector buffer (flash cache) for sector @ 0x00012800 if necessary
T2830 21031:946.647    -- Filling invalid ranges in sector buffer (flash cache) for sector @ 0x00012900 if necessary
T2830 21031:946.652    -- Filling invalid ranges in sector buffer (flash cache) for sector @ 0x00012A00 if necessary
T2830 21031:946.656    -- Filling invalid ranges in sector buffer (flash cache) for sector @ 0x00012B00 if necessary
T2830 21031:946.660    -- Filling invalid ranges in sector buffer (flash cache) for sector @ 0x00012C00 if necessary
T2830 21031:946.664    -- Filling invalid ranges in sector buffer (flash cache) for sector @ 0x00012D00 if necessary
T2830 21031:946.668    -- Filling invalid ranges in sector buffer (flash cache) for sector @ 0x00012E00 if necessary
T2830 21031:946.672    -- Filling invalid ranges in sector buffer (flash cache) for sector @ 0x00012F00 if necessary
T2830 21031:946.677    -- Filling invalid ranges in sector buffer (flash cache) for sector @ 0x00013000 if necessary
T2830 21031:946.681    -- Filling invalid ranges in sector buffer (flash cache) for sector @ 0x00013100 if necessary
T2830 21031:946.685    -- Filling invalid ranges in sector buffer (flash cache) for sector @ 0x00013200 if necessary
T2830 21031:946.689    -- Filling invalid ranges in sector buffer (flash cache) for sector @ 0x00013300 if necessary
T2830 21031:946.693    -- Filling invalid ranges in sector buffer (flash cache) for sector @ 0x00013400 if necessary
T2830 21031:946.698    -- Filling invalid ranges in sector buffer (flash cache) for sector @ 0x00013500 if necessary
T2830 21031:946.702    -- Filling invalid ranges in sector buffer (flash cache) for sector @ 0x00013600 if necessary
T2830 21031:946.706    -- Filling invalid ranges in sector buffer (flash cache) for sector @ 0x00013700 if necessary
T2830 21031:946.710    -- Filling invalid ranges in sector buffer (flash cache) for sector @ 0x00013800 if necessary
T2830 21031:946.714    -- Filling invalid ranges in sector buffer (flash cache) for sector @ 0x00013900 if necessary
T2830 21031:946.718    -- Filling invalid ranges in sector buffer (flash cache) for sector @ 0x00013A00 if necessary
T2830 21031:946.723    -- Filling invalid ranges in sector buffer (flash cache) for sector @ 0x00013B00 if necessary
T2830 21031:946.759    -- Filling invalid ranges in sector buffer (flash cache) for sector @ 0x00013C00 if necessary
T2830 21031:946.763    -- Filling invalid ranges in sector buffer (flash cache) for sector @ 0x00013D00 if necessary
T2830 21031:946.768    -- Filling invalid ranges in sector buffer (flash cache) for sector @ 0x00013E00 if necessary
T2830 21031:946.772    -- Filling invalid ranges in sector buffer (flash cache) for sector @ 0x00013F00 if necessary
T2830 21031:946.776    -- Filling invalid ranges in sector buffer (flash cache) for sector @ 0x00014000 if necessary
T2830 21031:946.780    -- Filling invalid ranges in sector buffer (flash cache) for sector @ 0x00014100 if necessary
T2830 21031:946.784    -- Filling invalid ranges in sector buffer (flash cache) for sector @ 0x00014200 if necessary
T2830 21031:946.788    -- Filling invalid ranges in sector buffer (flash cache) for sector @ 0x00014300 if necessary
T2830 21031:946.792    -- Filling invalid ranges in sector buffer (flash cache) for sector @ 0x00014400 if necessary
T2830 21031:946.796    -- Filling invalid ranges in sector buffer (flash cache) for sector @ 0x00014500 if necessary
T2830 21031:946.801    -- Filling invalid ranges in sector buffer (flash cache) for sector @ 0x00014600 if necessary
T2830 21031:946.805    -- Filling invalid ranges in sector buffer (flash cache) for sector @ 0x00014700 if necessary
T2830 21031:946.809    -- Filling invalid ranges in sector buffer (flash cache) for sector @ 0x00014800 if necessary
T2830 21031:946.813    -- Filling invalid ranges in sector buffer (flash cache) for sector @ 0x00014900 if necessary
T2830 21031:946.817    -- Filling invalid ranges in sector buffer (flash cache) for sector @ 0x00014A00 if necessary
T2830 21031:946.821    -- Filling invalid ranges in sector buffer (flash cache) for sector @ 0x00014B00 if necessary
T2830 21031:946.825    -- Filling invalid ranges in sector buffer (flash cache) for sector @ 0x00014C00 if necessary
T2830 21031:946.830    -- Filling invalid ranges in sector buffer (flash cache) for sector @ 0x00014D00 if necessary
T2830 21031:946.834    -- Filling invalid ranges in sector buffer (flash cache) for sector @ 0x00014E00 if necessary
T2830 21031:946.838    -- Filling invalid ranges in sector buffer (flash cache) for sector @ 0x00014F00 if necessary
T2830 21031:946.842    -- Filling invalid ranges in sector buffer (flash cache) for sector @ 0x00015000 if necessary
T2830 21031:946.846    -- Filling invalid ranges in sector buffer (flash cache) for sector @ 0x00015100 if necessary
T2830 21031:946.850    -- Filling invalid ranges in sector buffer (flash cache) for sector @ 0x00015200 if necessary
T2830 21031:946.854    -- Filling invalid ranges in sector buffer (flash cache) for sector @ 0x00015300 if necessary
T2830 21031:946.859    -- Filling invalid ranges in sector buffer (flash cache) for sector @ 0x00015400 if necessary
T2830 21031:946.863    -- Filling invalid ranges in sector buffer (flash cache) for sector @ 0x00015500 if necessary
T2830 21031:946.867    -- Filling invalid ranges in sector buffer (flash cache) for sector @ 0x00015600 if necessary
T2830 21031:946.871    -- Filling invalid ranges in sector buffer (flash cache) for sector @ 0x00015700 if necessary
T2830 21031:946.875    -- Filling invalid ranges in sector buffer (flash cache) for sector @ 0x00015800 if necessary
T2830 21031:946.879    -- Filling invalid ranges in sector buffer (flash cache) for sector @ 0x00015900 if necessary
T2830 21031:946.883    -- Filling invalid ranges in sector buffer (flash cache) for sector @ 0x00015A00 if necessary
T2830 21031:946.888    -- Filling invalid ranges in sector buffer (flash cache) for sector @ 0x00015B00 if necessary
T2830 21031:946.892    -- Filling invalid ranges in sector buffer (flash cache) for sector @ 0x00015C00 if necessary
T2830 21031:946.896    -- Filling invalid ranges in sector buffer (flash cache) for sector @ 0x00015D00 if necessary
T2830 21031:946.901    -- Filling invalid ranges in sector buffer (flash cache) for sector @ 0x00015E00 if necessary
T2830 21031:946.905    -- Filling invalid ranges in sector buffer (flash cache) for sector @ 0x00015F00 if necessary
T2830 21031:946.909    -- Filling invalid ranges in sector buffer (flash cache) for sector @ 0x00016000 if necessary
T2830 21031:946.913    -- Filling invalid ranges in sector buffer (flash cache) for sector @ 0x00016100 if necessary
T2830 21031:946.918    -- Filling invalid ranges in sector buffer (flash cache) for sector @ 0x00016200 if necessary
T2830 21031:946.922    -- Filling invalid ranges in sector buffer (flash cache) for sector @ 0x00016300 if necessary
T2830 21031:946.926    -- Filling invalid ranges in sector buffer (flash cache) for sector @ 0x00016400 if necessary
T2830 21031:946.930    -- Filling invalid ranges in sector buffer (flash cache) for sector @ 0x00016500 if necessary
T2830 21031:946.939    -- Filling invalid ranges in sector buffer (flash cache) for sector @ 0x00016600 if necessary
T2830 21031:946.943    -- Filling invalid ranges in sector buffer (flash cache) for sector @ 0x00016700 if necessary
T2830 21031:946.947    -- Filling invalid ranges in sector buffer (flash cache) for sector @ 0x00016800 if necessary
T2830 21031:946.952    -- Filling invalid ranges in sector buffer (flash cache) for sector @ 0x00016900 if necessary
T2830 21031:946.956    -- Filling invalid ranges in sector buffer (flash cache) for sector @ 0x00016A00 if necessary
T2830 21031:946.960    -- Filling invalid ranges in sector buffer (flash cache) for sector @ 0x00016B00 if necessary
T2830 21031:946.964    -- Filling invalid ranges in sector buffer (flash cache) for sector @ 0x00016C00 if necessary
T2830 21031:946.968    -- Filling invalid ranges in sector buffer (flash cache) for sector @ 0x00016D00 if necessary
T2830 21031:946.972    -- Filling invalid ranges in sector buffer (flash cache) for sector @ 0x00016E00 if necessary
T2830 21031:946.976    -- Filling invalid ranges in sector buffer (flash cache) for sector @ 0x00016F00 if necessary
T2830 21031:946.981    -- Filling invalid ranges in sector buffer (flash cache) for sector @ 0x00017000 if necessary
T2830 21031:946.985    -- Filling invalid ranges in sector buffer (flash cache) for sector @ 0x00017100 if necessary
T2830 21031:946.989    -- Filling invalid ranges in sector buffer (flash cache) for sector @ 0x00017200 if necessary
T2830 21031:946.993    -- Filling invalid ranges in sector buffer (flash cache) for sector @ 0x00017300 if necessary
T2830 21031:946.997    -- Filling invalid ranges in sector buffer (flash cache) for sector @ 0x00017400 if necessary
T2830 21031:947.001    -- Filling invalid ranges in sector buffer (flash cache) for sector @ 0x00017500 if necessary
T2830 21031:947.006    -- Filling invalid ranges in sector buffer (flash cache) for sector @ 0x00017600 if necessary
T2830 21031:947.010    -- Filling invalid ranges in sector buffer (flash cache) for sector @ 0x00017700 if necessary
T2830 21031:947.014    -- Filling invalid ranges in sector buffer (flash cache) for sector @ 0x00017800 if necessary
T2830 21031:947.018    -- Filling invalid ranges in sector buffer (flash cache) for sector @ 0x00017900 if necessary
T2830 21031:947.022    -- Filling invalid ranges in sector buffer (flash cache) for sector @ 0x00017A00 if necessary
T2830 21031:947.026    -- Filling invalid ranges in sector buffer (flash cache) for sector @ 0x00017B00 if necessary
T2830 21031:947.030    -- Filling invalid ranges in sector buffer (flash cache) for sector @ 0x00017C00 if necessary
T2830 21031:947.035    -- Filling invalid ranges in sector buffer (flash cache) for sector @ 0x00017D00 if necessary
T2830 21031:947.039    -- Filling invalid ranges in sector buffer (flash cache) for sector @ 0x00017E00 if necessary
T2830 21031:947.043    -- Filling invalid ranges in sector buffer (flash cache) for sector @ 0x00017F00 if necessary
T2830 21031:947.047    -- Filling invalid ranges in sector buffer (flash cache) for sector @ 0x00018000 if necessary
T2830 21031:947.060    -- Filling invalid ranges in sector buffer (flash cache) for sector @ 0x00018100 if necessary
T2830 21031:947.065    -- Filling invalid ranges in sector buffer (flash cache) for sector @ 0x00018200 if necessary
T2830 21031:947.069    -- Filling invalid ranges in sector buffer (flash cache) for sector @ 0x00018300 if necessary
T2830 21031:947.073    -- Filling invalid ranges in sector buffer (flash cache) for sector @ 0x00018400 if necessary
T2830 21031:947.077    -- Filling invalid ranges in sector buffer (flash cache) for sector @ 0x00018500 if necessary
T2830 21031:947.081    -- Filling invalid ranges in sector buffer (flash cache) for sector @ 0x00018600 if necessary
T2830 21031:947.086    -- Filling invalid ranges in sector buffer (flash cache) for sector @ 0x00018700 if necessary
T2830 21031:947.090    -- Filling invalid ranges in sector buffer (flash cache) for sector @ 0x00018800 if necessary
T2830 21031:947.094    -- Filling invalid ranges in sector buffer (flash cache) for sector @ 0x00018900 if necessary
T2830 21031:947.098    -- Filling invalid ranges in sector buffer (flash cache) for sector @ 0x00018A00 if necessary
T2830 21031:947.102    -- Filling invalid ranges in sector buffer (flash cache) for sector @ 0x00018B00 if necessary
T2830 21031:947.106    -- Filling invalid ranges in sector buffer (flash cache) for sector @ 0x00018C00 if necessary
T2830 21031:947.110    -- Filling invalid ranges in sector buffer (flash cache) for sector @ 0x00018D00 if necessary
T2830 21031:947.114    -- Filling invalid ranges in sector buffer (flash cache) for sector @ 0x00018E00 if necessary
T2830 21031:947.119    -- Filling invalid ranges in sector buffer (flash cache) for sector @ 0x00018F00 if necessary
T2830 21031:947.123    -- Filling invalid ranges in sector buffer (flash cache) for sector @ 0x00019000 if necessary
T2830 21031:947.127    -- Filling invalid ranges in sector buffer (flash cache) for sector @ 0x00019100 if necessary
T2830 21031:947.131    -- Filling invalid ranges in sector buffer (flash cache) for sector @ 0x00019200 if necessary
T2830 21031:947.135    -- Filling invalid ranges in sector buffer (flash cache) for sector @ 0x00019300 if necessary
T2830 21031:947.139    -- Filling invalid ranges in sector buffer (flash cache) for sector @ 0x00019400 if necessary
T2830 21031:947.143    -- Filling invalid ranges in sector buffer (flash cache) for sector @ 0x00019500 if necessary
T2830 21031:947.148    -- Filling invalid ranges in sector buffer (flash cache) for sector @ 0x00019600 if necessary
T2830 21031:947.152    -- Filling invalid ranges in sector buffer (flash cache) for sector @ 0x00019700 if necessary
T2830 21031:947.156    -- Filling invalid ranges in sector buffer (flash cache) for sector @ 0x00019800 if necessary
T2830 21031:947.160    -- Filling invalid ranges in sector buffer (flash cache) for sector @ 0x00019900 if necessary
T2830 21031:947.164    -- Filling invalid ranges in sector buffer (flash cache) for sector @ 0x00019A00 if necessary
T2830 21031:947.168    -- Filling invalid ranges in sector buffer (flash cache) for sector @ 0x00019B00 if necessary
T2830 21031:947.172    -- Filling invalid ranges in sector buffer (flash cache) for sector @ 0x00019C00 if necessary
T2830 21031:947.176    -- Filling invalid ranges in sector buffer (flash cache) for sector @ 0x00019D00 if necessary
T2830 21031:947.181    -- Filling invalid ranges in sector buffer (flash cache) for sector @ 0x00019E00 if necessary
T2830 21031:947.185    -- Filling invalid ranges in sector buffer (flash cache) for sector @ 0x00019F00 if necessary
T2830 21031:947.189    -- Filling invalid ranges in sector buffer (flash cache) for sector @ 0x0001A000 if necessary
T2830 21031:947.193    -- Filling invalid ranges in sector buffer (flash cache) for sector @ 0x0001A100 if necessary
T2830 21031:947.197    -- Filling invalid ranges in sector buffer (flash cache) for sector @ 0x0001A200 if necessary
T2830 21031:947.201    -- Filling invalid ranges in sector buffer (flash cache) for sector @ 0x0001A300 if necessary
T2830 21031:947.206    -- Filling invalid ranges in sector buffer (flash cache) for sector @ 0x0001A400 if necessary
T2830 21031:947.210    -- Filling invalid ranges in sector buffer (flash cache) for sector @ 0x0001A500 if necessary
T2830 21031:947.215    -- Filling invalid ranges in sector buffer (flash cache) for sector @ 0x0001A600 if necessary
T2830 21031:947.219    -- Filling invalid ranges in sector buffer (flash cache) for sector @ 0x0001A700 if necessary
T2830 21031:947.223    -- Filling invalid ranges in sector buffer (flash cache) for sector @ 0x0001A800 if necessary
T2830 21031:947.227    -- Filling invalid ranges in sector buffer (flash cache) for sector @ 0x0001A900 if necessary
T2830 21031:947.231    -- Filling invalid ranges in sector buffer (flash cache) for sector @ 0x0001AA00 if necessary
T2830 21031:947.235    -- Filling invalid ranges in sector buffer (flash cache) for sector @ 0x0001AB00 if necessary
T2830 21031:947.240    -- Filling invalid ranges in sector buffer (flash cache) for sector @ 0x0001AC00 if necessary
T2830 21031:947.244    -- Filling invalid ranges in sector buffer (flash cache) for sector @ 0x0001AD00 if necessary
T2830 21031:947.248    -- Filling invalid ranges in sector buffer (flash cache) for sector @ 0x0001AE00 if necessary
T2830 21031:947.252    -- Filling invalid ranges in sector buffer (flash cache) for sector @ 0x0001AF00 if necessary
T2830 21031:947.256    -- Filling invalid ranges in sector buffer (flash cache) for sector @ 0x0001B000 if necessary
T2830 21031:947.260    -- Filling invalid ranges in sector buffer (flash cache) for sector @ 0x0001B100 if necessary
T2830 21031:947.264    -- Filling invalid ranges in sector buffer (flash cache) for sector @ 0x0001B200 if necessary
T2830 21031:947.268    -- Filling invalid ranges in sector buffer (flash cache) for sector @ 0x0001B300 if necessary
T2830 21031:947.273    -- Filling invalid ranges in sector buffer (flash cache) for sector @ 0x0001B400 if necessary
T2830 21031:947.277    -- Filling invalid ranges in sector buffer (flash cache) for sector @ 0x0001B500 if necessary
T2830 21031:947.281    -- Filling invalid ranges in sector buffer (flash cache) for sector @ 0x0001B600 if necessary
T2830 21031:947.289    -- Filling invalid ranges in sector buffer (flash cache) for sector @ 0x0001B700 if necessary
T2830 21031:947.293    -- Filling invalid ranges in sector buffer (flash cache) for sector @ 0x0001B800 if necessary
T2830 21031:947.297    -- Filling invalid ranges in sector buffer (flash cache) for sector @ 0x0001B900 if necessary
T2830 21031:947.302    -- Filling invalid ranges in sector buffer (flash cache) for sector @ 0x0001BA00 if necessary
T2830 21031:947.306    -- Filling invalid ranges in sector buffer (flash cache) for sector @ 0x0001BB00 if necessary
T2830 21031:947.310    -- Filling invalid ranges in sector buffer (flash cache) for sector @ 0x0001BC00 if necessary
T2830 21031:947.314    -- Filling invalid ranges in sector buffer (flash cache) for sector @ 0x0001BD00 if necessary
T2830 21031:947.318    -- Filling invalid ranges in sector buffer (flash cache) for sector @ 0x0001BE00 if necessary
T2830 21031:947.322    -- Filling invalid ranges in sector buffer (flash cache) for sector @ 0x0001BF00 if necessary
T2830 21031:947.326    -- Filling invalid ranges in sector buffer (flash cache) for sector @ 0x0001C000 if necessary
T2830 21031:947.331    -- Filling invalid ranges in sector buffer (flash cache) for sector @ 0x0001C100 if necessary
T2830 21031:947.335    -- Filling invalid ranges in sector buffer (flash cache) for sector @ 0x0001C200 if necessary
T2830 21031:947.339    -- Filling invalid ranges in sector buffer (flash cache) for sector @ 0x0001C300 if necessary
T2830 21031:947.343    -- Filling invalid ranges in sector buffer (flash cache) for sector @ 0x0001C400 if necessary
T2830 21031:947.347    -- Filling invalid ranges in sector buffer (flash cache) for sector @ 0x0001C500 if necessary
T2830 21031:947.351    -- Filling invalid ranges in sector buffer (flash cache) for sector @ 0x0001C600 if necessary
T2830 21031:947.356    -- Filling invalid ranges in sector buffer (flash cache) for sector @ 0x0001C700 if necessary
T2830 21031:947.360    -- Filling invalid ranges in sector buffer (flash cache) for sector @ 0x0001C800 if necessary
T2830 21031:947.365    -- Filling invalid ranges in sector buffer (flash cache) for sector @ 0x0001C900 if necessary
T2830 21031:947.369    -- Filling invalid ranges in sector buffer (flash cache) for sector @ 0x0001CA00 if necessary
T2830 21031:947.373    -- Filling invalid ranges in sector buffer (flash cache) for sector @ 0x0001CB00 if necessary
T2830 21031:947.377    -- Filling invalid ranges in sector buffer (flash cache) for sector @ 0x0001CC00 if necessary
T2830 21031:947.381    -- Filling invalid ranges in sector buffer (flash cache) for sector @ 0x0001CD00 if necessary
T2830 21031:947.385    -- Filling invalid ranges in sector buffer (flash cache) for sector @ 0x0001CE00 if necessary
T2830 21031:947.389    -- Filling invalid ranges in sector buffer (flash cache) for sector @ 0x0001CF00 if necessary
T2830 21031:947.394    -- Filling invalid ranges in sector buffer (flash cache) for sector @ 0x0001D000 if necessary
T2830 21031:947.398    -- Filling invalid ranges in sector buffer (flash cache) for sector @ 0x0001D100 if necessary
T2830 21031:947.402    -- Filling invalid ranges in sector buffer (flash cache) for sector @ 0x0001D200 if necessary
T2830 21031:947.406    -- Filling invalid ranges in sector buffer (flash cache) for sector @ 0x0001D300 if necessary
T2830 21031:947.410    -- Filling invalid ranges in sector buffer (flash cache) for sector @ 0x0001D400 if necessary
T2830 21031:947.414    -- Filling invalid ranges in sector buffer (flash cache) for sector @ 0x0001D500 if necessary
T2830 21031:947.418    -- Filling invalid ranges in sector buffer (flash cache) for sector @ 0x0001D600 if necessary
T2830 21031:947.423    -- Filling invalid ranges in sector buffer (flash cache) for sector @ 0x0001D700 if necessary
T2830 21031:947.427    -- Filling invalid ranges in sector buffer (flash cache) for sector @ 0x0001D800 if necessary
T2830 21031:947.431    -- Filling invalid ranges in sector buffer (flash cache) for sector @ 0x0001D900 if necessary
T2830 21031:947.435    -- Filling invalid ranges in sector buffer (flash cache) for sector @ 0x0001DA00 if necessary
T2830 21031:947.439    -- Filling invalid ranges in sector buffer (flash cache) for sector @ 0x0001DB00 if necessary
T2830 21031:947.443    -- Filling invalid ranges in sector buffer (flash cache) for sector @ 0x0001DC00 if necessary
T2830 21031:947.447    -- Filling invalid ranges in sector buffer (flash cache) for sector @ 0x0001DD00 if necessary
T2830 21031:947.451    -- Filling invalid ranges in sector buffer (flash cache) for sector @ 0x0001DE00 if necessary
T2830 21031:947.456    -- Filling invalid ranges in sector buffer (flash cache) for sector @ 0x0001DF00 if necessary
T2830 21031:947.460    -- Filling invalid ranges in sector buffer (flash cache) for sector @ 0x0001E000 if necessary
T2830 21031:947.464    -- Filling invalid ranges in sector buffer (flash cache) for sector @ 0x0001E100 if necessary
T2830 21031:947.468    -- Filling invalid ranges in sector buffer (flash cache) for sector @ 0x0001E200 if necessary
T2830 21031:947.472    -- Filling invalid ranges in sector buffer (flash cache) for sector @ 0x0001E300 if necessary
T2830 21031:947.476    -- Filling invalid ranges in sector buffer (flash cache) for sector @ 0x0001E400 if necessary
T2830 21031:947.481    -- Filling invalid ranges in sector buffer (flash cache) for sector @ 0x0001E500 if necessary
T2830 21031:947.485    -- Filling invalid ranges in sector buffer (flash cache) for sector @ 0x0001E600 if necessary
T2830 21031:947.489    -- Filling invalid ranges in sector buffer (flash cache) for sector @ 0x0001E700 if necessary
T2830 21031:947.493    -- Filling invalid ranges in sector buffer (flash cache) for sector @ 0x0001E800 if necessary
T2830 21031:947.498    -- Filling invalid ranges in sector buffer (flash cache) for sector @ 0x0001E900 if necessary
T2830 21031:947.502    -- Filling invalid ranges in sector buffer (flash cache) for sector @ 0x0001EA00 if necessary
T2830 21031:947.506    -- Filling invalid ranges in sector buffer (flash cache) for sector @ 0x0001EB00 if necessary
T2830 21031:947.510    -- Filling invalid ranges in sector buffer (flash cache) for sector @ 0x0001EC00 if necessary
T2830 21031:947.514    -- Filling invalid ranges in sector buffer (flash cache) for sector @ 0x0001ED00 if necessary
T2830 21031:947.519    -- Filling invalid ranges in sector buffer (flash cache) for sector @ 0x0001EE00 if necessary
T2830 21031:947.523    -- Filling invalid ranges in sector buffer (flash cache) for sector @ 0x0001EF00 if necessary
T2830 21031:947.527    -- Filling invalid ranges in sector buffer (flash cache) for sector @ 0x0001F000 if necessary
T2830 21031:947.531    -- Filling invalid ranges in sector buffer (flash cache) for sector @ 0x0001F100 if necessary
T2830 21031:947.535    -- Filling invalid ranges in sector buffer (flash cache) for sector @ 0x0001F200 if necessary
T2830 21031:947.539    -- Filling invalid ranges in sector buffer (flash cache) for sector @ 0x0001F300 if necessary
T2830 21031:947.543    -- Filling invalid ranges in sector buffer (flash cache) for sector @ 0x0001F400 if necessary
T2830 21031:947.548    -- Filling invalid ranges in sector buffer (flash cache) for sector @ 0x0001F500 if necessary
T2830 21031:947.552    -- Filling invalid ranges in sector buffer (flash cache) for sector @ 0x0001F600 if necessary
T2830 21031:947.556    -- Filling invalid ranges in sector buffer (flash cache) for sector @ 0x0001F700 if necessary
T2830 21031:947.560    -- Filling invalid ranges in sector buffer (flash cache) for sector @ 0x0001F800 if necessary
T2830 21031:947.564    -- Filling invalid ranges in sector buffer (flash cache) for sector @ 0x0001F900 if necessary
T2830 21031:947.568    -- Filling invalid ranges in sector buffer (flash cache) for sector @ 0x0001FA00 if necessary
T2830 21031:947.573    -- Filling invalid ranges in sector buffer (flash cache) for sector @ 0x0001FB00 if necessary
T2830 21031:947.577    -- Filling invalid ranges in sector buffer (flash cache) for sector @ 0x0001FC00 if necessary
T2830 21031:947.581    -- Filling invalid ranges in sector buffer (flash cache) for sector @ 0x0001FD00 if necessary
T2830 21031:947.585    -- Filling invalid ranges in sector buffer (flash cache) for sector @ 0x0001FE00 if necessary
T2830 21031:947.589    -- Filling invalid ranges in sector buffer (flash cache) for sector @ 0x0001FF00 if necessary
T2830 21031:947.593    -- Filling invalid ranges in sector buffer (flash cache) for sector @ 0x00020000 if necessary
T2830 21031:947.597    -- Filling invalid ranges in sector buffer (flash cache) for sector @ 0x00020100 if necessary
T2830 21031:947.601    -- Filling invalid ranges in sector buffer (flash cache) for sector @ 0x00020200 if necessary
T2830 21031:947.605    -- Filling invalid ranges in sector buffer (flash cache) for sector @ 0x00020300 if necessary
T2830 21031:947.610    -- Filling invalid ranges in sector buffer (flash cache) for sector @ 0x00020400 if necessary
T2830 21031:947.614    -- Filling invalid ranges in sector buffer (flash cache) for sector @ 0x00020500 if necessary
T2830 21031:947.618    -- Filling invalid ranges in sector buffer (flash cache) for sector @ 0x00020600 if necessary
T2830 21031:947.622    -- Filling invalid ranges in sector buffer (flash cache) for sector @ 0x00020700 if necessary
T2830 21031:947.631    -- Filling invalid ranges in sector buffer (flash cache) for sector @ 0x00020800 if necessary
T2830 21031:947.635    -- Filling invalid ranges in sector buffer (flash cache) for sector @ 0x00020900 if necessary
T2830 21031:947.639    -- Filling invalid ranges in sector buffer (flash cache) for sector @ 0x00020A00 if necessary
T2830 21031:947.643    -- Filling invalid ranges in sector buffer (flash cache) for sector @ 0x00020B00 if necessary
T2830 21031:947.656    -- Filling invalid ranges in sector buffer (flash cache) for sector @ 0x00020C00 if necessary
T2830 21031:947.660    -- Filling invalid ranges in sector buffer (flash cache) for sector @ 0x00020D00 if necessary
T2830 21031:947.664    -- Filling invalid ranges in sector buffer (flash cache) for sector @ 0x00020E00 if necessary
T2830 21031:947.668    -- Filling invalid ranges in sector buffer (flash cache) for sector @ 0x00020F00 if necessary
T2830 21031:947.672    -- Filling invalid ranges in sector buffer (flash cache) for sector @ 0x00021000 if necessary
T2830 21031:947.676    -- Filling invalid ranges in sector buffer (flash cache) for sector @ 0x00021100 if necessary
T2830 21031:947.680    -- Filling invalid ranges in sector buffer (flash cache) for sector @ 0x00021200 if necessary
T2830 21031:947.685    -- Filling invalid ranges in sector buffer (flash cache) for sector @ 0x00021300 if necessary
T2830 21031:947.689    -- Filling invalid ranges in sector buffer (flash cache) for sector @ 0x00021400 if necessary
T2830 21031:947.693    -- Filling invalid ranges in sector buffer (flash cache) for sector @ 0x00021500 if necessary
T2830 21031:947.697    -- Filling invalid ranges in sector buffer (flash cache) for sector @ 0x00021600 if necessary
T2830 21031:947.701    -- Filling invalid ranges in sector buffer (flash cache) for sector @ 0x00021700 if necessary
T2830 21031:947.705    -- Filling invalid ranges in sector buffer (flash cache) for sector @ 0x00021800 if necessary
T2830 21031:947.709    -- Filling invalid ranges in sector buffer (flash cache) for sector @ 0x00021900 if necessary
T2830 21031:947.713    -- Filling invalid ranges in sector buffer (flash cache) for sector @ 0x00021A00 if necessary
T2830 21031:947.717    -- Filling invalid ranges in sector buffer (flash cache) for sector @ 0x00021B00 if necessary
T2830 21031:947.722    -- Filling invalid ranges in sector buffer (flash cache) for sector @ 0x00021C00 if necessary
T2830 21031:947.726    -- Filling invalid ranges in sector buffer (flash cache) for sector @ 0x00021D00 if necessary
T2830 21031:947.730    -- Filling invalid ranges in sector buffer (flash cache) for sector @ 0x00021E00 if necessary
T2830 21031:947.734    -- Filling invalid ranges in sector buffer (flash cache) for sector @ 0x00021F00 if necessary
T2830 21031:947.738    -- Filling invalid ranges in sector buffer (flash cache) for sector @ 0x00022000 if necessary
T2830 21031:947.742    -- Filling invalid ranges in sector buffer (flash cache) for sector @ 0x00022100 if necessary
T2830 21031:947.746    -- Filling invalid ranges in sector buffer (flash cache) for sector @ 0x00022200 if necessary
T2830 21031:947.750    -- Filling invalid ranges in sector buffer (flash cache) for sector @ 0x00022300 if necessary
T2830 21031:947.754    -- Filling invalid ranges in sector buffer (flash cache) for sector @ 0x00022400 if necessary
T2830 21031:947.759    -- Filling invalid ranges in sector buffer (flash cache) for sector @ 0x00022500 if necessary
T2830 21031:947.763    -- Filling invalid ranges in sector buffer (flash cache) for sector @ 0x00022600 if necessary
T2830 21031:947.767    -- Filling invalid ranges in sector buffer (flash cache) for sector @ 0x00022700 if necessary
T2830 21031:947.771    -- Filling invalid ranges in sector buffer (flash cache) for sector @ 0x00022800 if necessary
T2830 21031:947.775    -- Filling invalid ranges in sector buffer (flash cache) for sector @ 0x00022900 if necessary
T2830 21031:947.779    -- Filling invalid ranges in sector buffer (flash cache) for sector @ 0x00022A00 if necessary
T2830 21031:947.784    -- Filling invalid ranges in sector buffer (flash cache) for sector @ 0x00022B00 if necessary
T2830 21031:947.788    -- Filling invalid ranges in sector buffer (flash cache) for sector @ 0x00022C00 if necessary
T2830 21031:947.792    -- Filling invalid ranges in sector buffer (flash cache) for sector @ 0x00022D00 if necessary
T2830 21031:947.796    -- Filling invalid ranges in sector buffer (flash cache) for sector @ 0x00022E00 if necessary
T2830 21031:947.801    -- Filling invalid ranges in sector buffer (flash cache) for sector @ 0x00022F00 if necessary
T2830 21031:947.805    -- Filling invalid ranges in sector buffer (flash cache) for sector @ 0x00023000 if necessary
T2830 21031:947.809    -- Filling invalid ranges in sector buffer (flash cache) for sector @ 0x00023100 if necessary
T2830 21031:947.813    -- Filling invalid ranges in sector buffer (flash cache) for sector @ 0x00023200 if necessary
T2830 21031:947.818    -- Filling invalid ranges in sector buffer (flash cache) for sector @ 0x00023300 if necessary
T2830 21031:947.822    -- Filling invalid ranges in sector buffer (flash cache) for sector @ 0x00023400 if necessary
T2830 21031:947.826    -- Filling invalid ranges in sector buffer (flash cache) for sector @ 0x00023500 if necessary
T2830 21031:947.830    -- Filling invalid ranges in sector buffer (flash cache) for sector @ 0x00023600 if necessary
T2830 21031:947.834    -- Filling invalid ranges in sector buffer (flash cache) for sector @ 0x00023700 if necessary
T2830 21031:947.838    -- Filling invalid ranges in sector buffer (flash cache) for sector @ 0x00023800 if necessary
T2830 21031:947.842    -- Filling invalid ranges in sector buffer (flash cache) for sector @ 0x00023900 if necessary
T2830 21031:947.846    -- Filling invalid ranges in sector buffer (flash cache) for sector @ 0x00023A00 if necessary
T2830 21031:947.850    -- Filling invalid ranges in sector buffer (flash cache) for sector @ 0x00023B00 if necessary
T2830 21031:947.855    -- Filling invalid ranges in sector buffer (flash cache) for sector @ 0x00023C00 if necessary
T2830 21031:947.859    -- Filling invalid ranges in sector buffer (flash cache) for sector @ 0x00023D00 if necessary
T2830 21031:947.863    -- Filling invalid ranges in sector buffer (flash cache) for sector @ 0x00023E00 if necessary
T2830 21031:947.867    -- Filling invalid ranges in sector buffer (flash cache) for sector @ 0x00023F00 if necessary
T2830 21031:947.871    -- Filling invalid ranges in sector buffer (flash cache) for sector @ 0x00024000 if necessary
T2830 21031:947.875    -- Filling invalid ranges in sector buffer (flash cache) for sector @ 0x00024100 if necessary
T2830 21031:947.879    -- Filling invalid ranges in sector buffer (flash cache) for sector @ 0x00024200 if necessary
T2830 21031:947.884    -- Filling invalid ranges in sector buffer (flash cache) for sector @ 0x00024300 if necessary
T2830 21031:947.888    -- Filling invalid ranges in sector buffer (flash cache) for sector @ 0x00024400 if necessary
T2830 21031:947.892    -- Filling invalid ranges in sector buffer (flash cache) for sector @ 0x00024500 if necessary
T2830 21031:947.896    -- Filling invalid ranges in sector buffer (flash cache) for sector @ 0x00024600 if necessary
T2830 21031:947.900    -- Filling invalid ranges in sector buffer (flash cache) for sector @ 0x00024700 if necessary
T2830 21031:947.904    -- Filling invalid ranges in sector buffer (flash cache) for sector @ 0x00024800 if necessary
T2830 21031:947.908    -- Filling invalid ranges in sector buffer (flash cache) for sector @ 0x00024900 if necessary
T2830 21031:947.912    -- Filling invalid ranges in sector buffer (flash cache) for sector @ 0x00024A00 if necessary
T2830 21031:947.917    -- Filling invalid ranges in sector buffer (flash cache) for sector @ 0x00024B00 if necessary
T2830 21031:947.921    -- Filling invalid ranges in sector buffer (flash cache) for sector @ 0x00024C00 if necessary
T2830 21031:947.925    -- Filling invalid ranges in sector buffer (flash cache) for sector @ 0x00024D00 if necessary
T2830 21031:947.929    -- Filling invalid ranges in sector buffer (flash cache) for sector @ 0x00024E00 if necessary
T2830 21031:947.933    -- Filling invalid ranges in sector buffer (flash cache) for sector @ 0x00024F00 if necessary
T2830 21031:947.937    -- Filling invalid ranges in sector buffer (flash cache) for sector @ 0x00025000 if necessary
T2830 21031:947.942    -- Filling invalid ranges in sector buffer (flash cache) for sector @ 0x00025100 if necessary
T2830 21031:947.946    -- Filling invalid ranges in sector buffer (flash cache) for sector @ 0x00025200 if necessary
T2830 21031:947.950    -- Filling invalid ranges in sector buffer (flash cache) for sector @ 0x00025300 if necessary
T2830 21031:947.954    -- Filling invalid ranges in sector buffer (flash cache) for sector @ 0x00025400 if necessary
T2830 21031:947.959    -- Filling invalid ranges in sector buffer (flash cache) for sector @ 0x00025500 if necessary
T2830 21031:947.963    -- Filling invalid ranges in sector buffer (flash cache) for sector @ 0x00025600 if necessary
T2830 21031:947.967    -- Filling invalid ranges in sector buffer (flash cache) for sector @ 0x00025700 if necessary
T2830 21031:947.971    -- Filling invalid ranges in sector buffer (flash cache) for sector @ 0x00025800 if necessary
T2830 21031:947.980    -- Filling invalid ranges in sector buffer (flash cache) for sector @ 0x00025900 if necessary
T2830 21031:947.987    -- Filling invalid ranges in sector buffer (flash cache) for sector @ 0x00025A00 if necessary
T2830 21031:947.991    -- Filling invalid ranges in sector buffer (flash cache) for sector @ 0x00025B00 if necessary
T2830 21031:947.995    -- Filling invalid ranges in sector buffer (flash cache) for sector @ 0x00025C00 if necessary
T2830 21031:947.999    -- Filling invalid ranges in sector buffer (flash cache) for sector @ 0x00025D00 if necessary
T2830 21031:948.003    -- Filling invalid ranges in sector buffer (flash cache) for sector @ 0x00025E00 if necessary
T2830 21031:948.007    -- Filling invalid ranges in sector buffer (flash cache) for sector @ 0x00025F00 if necessary
T2830 21031:948.011    -- Filling invalid ranges in sector buffer (flash cache) for sector @ 0x00026000 if necessary
T2830 21031:948.015    -- Filling invalid ranges in sector buffer (flash cache) for sector @ 0x00026100 if necessary
T2830 21031:948.019    -- Filling invalid ranges in sector buffer (flash cache) for sector @ 0x00026200 if necessary
T2830 21031:948.023    -- Filling invalid ranges in sector buffer (flash cache) for sector @ 0x00026300 if necessary
T2830 21031:948.027    -- Filling invalid ranges in sector buffer (flash cache) for sector @ 0x00026400 if necessary
T2830 21031:948.031    -- Filling invalid ranges in sector buffer (flash cache) for sector @ 0x00026500 if necessary
T2830 21031:948.035    -- Filling invalid ranges in sector buffer (flash cache) for sector @ 0x00026600 if necessary
T2830 21031:948.039    -- Filling invalid ranges in sector buffer (flash cache) for sector @ 0x00026700 if necessary
T2830 21031:948.043    -- Filling invalid ranges in sector buffer (flash cache) for sector @ 0x00026800 if necessary
T2830 21031:948.047    -- Filling invalid ranges in sector buffer (flash cache) for sector @ 0x00026900 if necessary
T2830 21031:948.051    -- Filling invalid ranges in sector buffer (flash cache) for sector @ 0x00026A00 if necessary
T2830 21031:948.057    -- Filling invalid ranges in sector buffer (flash cache) for sector @ 0x00026B00 if necessary
T2830 21031:948.061    -- Filling invalid ranges in sector buffer (flash cache) for sector @ 0x00026C00 if necessary
T2830 21031:948.065    -- Filling invalid ranges in sector buffer (flash cache) for sector @ 0x00026D00 if necessary
T2830 21031:948.069    -- Filling invalid ranges in sector buffer (flash cache) for sector @ 0x00026E00 if necessary
T2830 21031:948.073    -- Filling invalid ranges in sector buffer (flash cache) for sector @ 0x00026F00 if necessary
T2830 21031:948.077    -- Filling invalid ranges in sector buffer (flash cache) for sector @ 0x00027000 if necessary
T2830 21031:948.081    -- Filling invalid ranges in sector buffer (flash cache) for sector @ 0x00027100 if necessary
T2830 21031:948.086    -- Filling invalid ranges in sector buffer (flash cache) for sector @ 0x00027200 if necessary
T2830 21031:948.090    -- Filling invalid ranges in sector buffer (flash cache) for sector @ 0x00027300 if necessary
T2830 21031:948.095    -- Filling invalid ranges in sector buffer (flash cache) for sector @ 0x00027400 if necessary
T2830 21031:948.099    -- Filling invalid ranges in sector buffer (flash cache) for sector @ 0x00027500 if necessary
T2830 21031:948.103    -- Filling invalid ranges in sector buffer (flash cache) for sector @ 0x00027600 if necessary
T2830 21031:948.107    -- Filling invalid ranges in sector buffer (flash cache) for sector @ 0x00027700 if necessary
T2830 21031:948.111    -- Filling invalid ranges in sector buffer (flash cache) for sector @ 0x00027800 if necessary
T2830 21031:948.116    -- Filling invalid ranges in sector buffer (flash cache) for sector @ 0x00027900 if necessary
T2830 21031:948.120    -- Filling invalid ranges in sector buffer (flash cache) for sector @ 0x00027A00 if necessary
T2830 21031:948.124    -- Filling invalid ranges in sector buffer (flash cache) for sector @ 0x00027B00 if necessary
T2830 21031:948.128    -- Filling invalid ranges in sector buffer (flash cache) for sector @ 0x00027C00 if necessary
T2830 21031:948.132    -- Filling invalid ranges in sector buffer (flash cache) for sector @ 0x00027D00 if necessary
T2830 21031:948.136    -- Filling invalid ranges in sector buffer (flash cache) for sector @ 0x00027E00 if necessary
T2830 21031:948.141    -- Filling invalid ranges in sector buffer (flash cache) for sector @ 0x00027F00 if necessary
T2830 21031:948.145    -- Filling invalid ranges in sector buffer (flash cache) for sector @ 0x00028000 if necessary
T2830 21031:948.149    -- Filling invalid ranges in sector buffer (flash cache) for sector @ 0x00028100 if necessary
T2830 21031:948.153    -- Filling invalid ranges in sector buffer (flash cache) for sector @ 0x00028200 if necessary
T2830 21031:948.157    -- Filling invalid ranges in sector buffer (flash cache) for sector @ 0x00028300 if necessary
T2830 21031:948.161    -- Filling invalid ranges in sector buffer (flash cache) for sector @ 0x00028400 if necessary
T2830 21031:948.165    -- Filling invalid ranges in sector buffer (flash cache) for sector @ 0x00028500 if necessary
T2830 21031:948.170    -- Filling invalid ranges in sector buffer (flash cache) for sector @ 0x00028600 if necessary
T2830 21031:948.174    -- Filling invalid ranges in sector buffer (flash cache) for sector @ 0x00028700 if necessary
T2830 21031:948.178    -- Filling invalid ranges in sector buffer (flash cache) for sector @ 0x00028800 if necessary
T2830 21031:948.182    -- Filling invalid ranges in sector buffer (flash cache) for sector @ 0x00028900 if necessary
T2830 21031:948.186    -- Filling invalid ranges in sector buffer (flash cache) for sector @ 0x00028A00 if necessary
T2830 21031:948.190    -- Filling invalid ranges in sector buffer (flash cache) for sector @ 0x00028B00 if necessary
T2830 21031:948.194    -- Filling invalid ranges in sector buffer (flash cache) for sector @ 0x00028C00 if necessary
T2830 21031:948.199    -- Filling invalid ranges in sector buffer (flash cache) for sector @ 0x00028D00 if necessary
T2830 21031:948.203    -- Filling invalid ranges in sector buffer (flash cache) for sector @ 0x00028E00 if necessary
T2830 21031:948.207    -- Filling invalid ranges in sector buffer (flash cache) for sector @ 0x00028F00 if necessary
T2830 21031:948.211    -- Filling invalid ranges in sector buffer (flash cache) for sector @ 0x00029000 if necessary
T2830 21031:948.215    -- Filling invalid ranges in sector buffer (flash cache) for sector @ 0x00029100 if necessary
T2830 21031:948.219    -- Filling invalid ranges in sector buffer (flash cache) for sector @ 0x00029200 if necessary
T2830 21031:948.223    -- Filling invalid ranges in sector buffer (flash cache) for sector @ 0x00029300 if necessary
T2830 21031:948.227    -- Filling invalid ranges in sector buffer (flash cache) for sector @ 0x00029400 if necessary
T2830 21031:948.232    -- Filling invalid ranges in sector buffer (flash cache) for sector @ 0x00029500 if necessary
T2830 21031:948.236    -- Filling invalid ranges in sector buffer (flash cache) for sector @ 0x00029600 if necessary
T2830 21031:948.241    -- Filling invalid ranges in sector buffer (flash cache) for sector @ 0x00029700 if necessary
T2830 21031:948.245    -- Filling invalid ranges in sector buffer (flash cache) for sector @ 0x00029800 if necessary
T2830 21031:948.249    -- Filling invalid ranges in sector buffer (flash cache) for sector @ 0x00029900 if necessary
T2830 21031:948.253    -- Filling invalid ranges in sector buffer (flash cache) for sector @ 0x00029A00 if necessary
T2830 21031:948.257    -- Filling invalid ranges in sector buffer (flash cache) for sector @ 0x00029B00 if necessary
T2830 21031:948.261    -- Filling invalid ranges in sector buffer (flash cache) for sector @ 0x00029C00 if necessary
T2830 21031:948.265    -- Filling invalid ranges in sector buffer (flash cache) for sector @ 0x00029D00 if necessary
T2830 21031:948.270    -- Filling invalid ranges in sector buffer (flash cache) for sector @ 0x00029E00 if necessary
T2830 21031:948.274    -- Filling invalid ranges in sector buffer (flash cache) for sector @ 0x00029F00 if necessary
T2830 21031:948.278    -- Filling invalid ranges in sector buffer (flash cache) for sector @ 0x0002A000 if necessary
T2830 21031:948.282    -- Filling invalid ranges in sector buffer (flash cache) for sector @ 0x0002A100 if necessary
T2830 21031:948.286    -- Filling invalid ranges in sector buffer (flash cache) for sector @ 0x0002A200 if necessary
T2830 21031:948.290    -- Filling invalid ranges in sector buffer (flash cache) for sector @ 0x0002A300 if necessary
T2830 21031:948.295    -- Filling invalid ranges in sector buffer (flash cache) for sector @ 0x0002A400 if necessary
T2830 21031:948.299    -- Filling invalid ranges in sector buffer (flash cache) for sector @ 0x0002A500 if necessary
T2830 21031:948.303    -- Filling invalid ranges in sector buffer (flash cache) for sector @ 0x0002A600 if necessary
T2830 21031:948.307    -- Filling invalid ranges in sector buffer (flash cache) for sector @ 0x0002A700 if necessary
T2830 21031:948.311    -- Filling invalid ranges in sector buffer (flash cache) for sector @ 0x0002A800 if necessary
T2830 21031:948.315    -- Filling invalid ranges in sector buffer (flash cache) for sector @ 0x0002A900 if necessary
T2830 21031:948.324    -- Filling invalid ranges in sector buffer (flash cache) for sector @ 0x0002AA00 if necessary
T2830 21031:948.328    -- Filling invalid ranges in sector buffer (flash cache) for sector @ 0x0002AB00 if necessary
T2830 21031:948.332    -- Filling invalid ranges in sector buffer (flash cache) for sector @ 0x0002AC00 if necessary
T2830 21031:948.336    -- Filling invalid ranges in sector buffer (flash cache) for sector @ 0x0002AD00 if necessary
T2830 21031:948.340    -- Filling invalid ranges in sector buffer (flash cache) for sector @ 0x0002AE00 if necessary
T2830 21031:948.344    -- Filling invalid ranges in sector buffer (flash cache) for sector @ 0x0002AF00 if necessary
T2830 21031:948.349    -- Filling invalid ranges in sector buffer (flash cache) for sector @ 0x0002B000 if necessary
T2830 21031:948.353    -- Filling invalid ranges in sector buffer (flash cache) for sector @ 0x0002B100 if necessary
T2830 21031:948.357    -- Filling invalid ranges in sector buffer (flash cache) for sector @ 0x0002B200 if necessary
T2830 21031:948.361    -- Filling invalid ranges in sector buffer (flash cache) for sector @ 0x0002B300 if necessary
T2830 21031:948.365    -- Filling invalid ranges in sector buffer (flash cache) for sector @ 0x0002B400 if necessary
T2830 21031:948.369    -- Filling invalid ranges in sector buffer (flash cache) for sector @ 0x0002B500 if necessary
T2830 21031:948.373    -- Filling invalid ranges in sector buffer (flash cache) for sector @ 0x0002B600 if necessary
T2830 21031:948.377    -- Filling invalid ranges in sector buffer (flash cache) for sector @ 0x0002B700 if necessary
T2830 21031:948.381    -- Filling invalid ranges in sector buffer (flash cache) for sector @ 0x0002B800 if necessary
T2830 21031:948.385    -- Filling invalid ranges in sector buffer (flash cache) for sector @ 0x0002B900 if necessary
T2830 21031:948.391    -- Filling invalid ranges in sector buffer (flash cache) for sector @ 0x0002BA00 if necessary
T2830 21031:948.396    -- Filling invalid ranges in sector buffer (flash cache) for sector @ 0x0002BB00 if necessary
T2830 21031:948.400    -- Filling invalid ranges in sector buffer (flash cache) for sector @ 0x0002BC00 if necessary
T2830 21031:948.404    -- Filling invalid ranges in sector buffer (flash cache) for sector @ 0x0002BD00 if necessary
T2830 21031:948.408    -- Filling invalid ranges in sector buffer (flash cache) for sector @ 0x0002BE00 if necessary
T2830 21031:948.412    -- Filling invalid ranges in sector buffer (flash cache) for sector @ 0x0002BF00 if necessary
T2830 21031:948.417    -- Filling invalid ranges in sector buffer (flash cache) for sector @ 0x0002C000 if necessary
T2830 21031:948.432    -- End of determining dirty areas
T2830 21031:948.436    -- Start of preparing flash programming
T2830 21031:948.440    -- Calculating RAM usage
T2830 21031:948.449    -- RAM usage = 5956 Bytes
T2830 21031:948.453    -- Preserving CPU registers
T2830 21031:948.464    -- Preparing target
T2830 21031:948.468    -- Preserving target RAM temporarily used for programming
T2830 21031:980.048    -- Downloading RAMCode
T2830 21031:997.677    -- Preparing RAMCode
T2830 21032:005.014    -- End of preparing flash programming
T2830 21032:009.633    -- CPU speed could not be measured.
T2830 21032:009.645    -- Start of comparing flash
T2830 21032:009.650    -- CRC check was estimated as fastest method
T2830 21032:043.438    -- Comparing range 0x12000 - 0x21FFF (256 Sectors, 64 KB), using multi-block CRC calculation
T2830 21032:075.099    -- CRC does not match for sectors 0-2, 4-5, 7-11, 13-15, 19, 22, 25-255
T2830 21032:096.620    -- Comparing range 0x22000 - 0x2C0FF (161 Sectors, 40 KB), using multi-block CRC calculation
T2830 21032:117.848    -- CRC does not match for sectors 0-160
T2830 21032:118.012    -- Comparing range 0x12300 - 0x123FF (1 Sector, 256 Bytes), using alternative multi-block CRC calculation
T2830 21032:121.068    -- All CRCs match
T2830 21032:121.216    -- Comparing range 0x12600 - 0x126FF (1 Sector, 256 Bytes), using alternative multi-block CRC calculation
T2830 21032:123.978    -- All CRCs match
T2830 21032:128.257    -- Comparing range 0x12C00 - 0x12CFF (1 Sector, 256 Bytes), using alternative multi-block CRC calculation
T2830 21032:134.360    -- All CRCs match
T2830 21032:139.398    -- Comparing range 0x13000 - 0x132FF (3 Sectors, 768 Bytes), using alternative multi-block CRC calculation
T2830 21032:153.248    -- All CRCs match
T2830 21032:153.406    -- Comparing range 0x13400 - 0x135FF (2 Sectors, 512 Bytes), using alternative multi-block CRC calculation
T2830 21032:158.625    -- All CRCs match
T2830 21032:158.756    -- Comparing range 0x13700 - 0x138FF (2 Sectors, 512 Bytes), using alternative multi-block CRC calculation
T2830 21032:162.924    -- All CRCs match
T2830 21032:162.934    -- End of comparing flash
T2830 21032:162.939    -- Start of erasing sectors
T2830 21032:162.944    -- Erasing range 0x00012000 - 0x000122FF (  3 Sectors, 768 Bytes)
T2830 21032:174.809    -- Erasing range 0x00012400 - 0x000125FF (  2 Sectors, 512 Bytes)
T2830 21032:179.713    -- Erasing range 0x00012700 - 0x00012BFF (  5 Sectors, 1 KB)
T2830 21032:187.913    -- Erasing range 0x00012D00 - 0x00012FFF (  3 Sectors, 768 Bytes)
T2830 21032:216.382    -- Erasing range 0x00013300 - 0x000133FF (  1 Sector, 256 Bytes)
T2830 21032:221.259    -- Erasing range 0x00013600 - 0x000136FF (  1 Sector, 256 Bytes)
T2830 21032:225.212    -- Erasing range 0x00013900 - 0x0002C0FF (392 Sectors, 98 KB)
T2830 21032:658.607    -- End of erasing sectors
T2830 21032:658.632    -- Start of flash programming
T2830 21032:658.638    -- Programming range 0x00012000 - 0x000122FF (  3 Sectors, 768 Bytes)
T2830 21032:665.575    -- Programming range 0x00012400 - 0x000125FF (  2 Sectors, 512 Bytes)
T2830 21032:666.321    -- Programming range 0x00012700 - 0x00012BFF (  5 Sectors, 1 KB)
T2830 21032:676.470    -- Programming range 0x00012D00 - 0x00012FFF (  3 Sectors, 768 Bytes)
T2830 21032:694.527    -- Programming range 0x00013300 - 0x000133FF (  1 Sector, 256 Bytes)
T2830 21032:703.576    -- Programming range 0x00013600 - 0x000136FF (  1 Sector, 256 Bytes)
T2830 21032:708.033    -- Programming range 0x00013900 - 0x0001B8FF (128 Sectors, 32 KB)
T2830 21032:902.742    -- Programming range 0x0001B900 - 0x000238FF (128 Sectors, 32 KB)
T2830 21033:107.814    -- Programming range 0x00023900 - 0x0002B8FF (128 Sectors, 32 KB)
T2830 21033:313.941    -- Programming range 0x0002B900 - 0x0002C0FF (  8 Sectors, 2 KB)
T2830 21033:326.829    -- End of flash programming
T2830 21033:326.841    -- 0x12000 - 0x122FF (  3 Sectors, 768 Bytes)
T2830 21033:326.845    -- 0x12400 - 0x125FF (  2 Sectors, 512 Bytes)
T2830 21033:326.849    -- 0x12700 - 0x12BFF (  5 Sectors, 1 KB)
T2830 21033:326.853    -- 0x12D00 - 0x12FFF (  3 Sectors, 768 Bytes)
T2830 21033:326.857    -- 0x13300 - 0x133FF (  1 Sector, 256 Bytes)
T2830 21033:326.861    -- 0x13600 - 0x136FF (  1 Sector, 256 Bytes)
T2830 21033:326.865    -- 0x13900 - 0x2C0FF (392 Sectors, 98 KB)
T2830 21033:326.869    -- Start of restoring
T2830 21033:326.873    -- Restoring RAMCode
T2830 21033:353.794    -- Restoring target memory
T2830 21033:383.958    -- Restore target
T2830 21033:383.969    -- Restoring CPU registers
T2830 21033:383.981    -- End of restoring
T2830 21033:384.032    -- Bank 0 @ 0x00000000: 7 ranges affected (104192 bytes)
T2830 21033:384.047    -- Total: 1.435s (Prepare: 0.061s, Compare: 0.153s, Erase: 0.495s, Program & Verify: 0.689s, Restore: 0.035s)
T2830 21033:384.055    -- Program & Verify speed: 147 KB/s
T2830 21033:396.274 - 1453.106ms returns 104192 (0x19700)
T2830 21033:396.326 JLINK_ResetPullsRESET(ON)
T2830 21033:396.329 - 0.003ms
T2830 21033:396.333 JLINK_ResetNoHalt()
T2830 21033:396.726   InitTarget() start
T2830 21033:396.734    J-Link Script File: Executing InitTarget()
T2830 21033:396.743   InitTarget()
T2830 21033:401.424   InitTarget() end - Took 4.66ms
T2830 21033:402.961   Found SW-DP with ID 0x0BC11477
T2830 21033:407.177   DPIDR: 0x0BC11477
T2830 21033:407.194   CoreSight SoC-400 or earlier
T2830 21033:407.203   AP map detection skipped. Manually configured AP map found.
T2830 21033:407.210   AP[0]: AHB-AP (IDR: Not set)
T2830 21033:409.467   AP[0]: Core found
T2830 21033:409.485   AP[0]: AHB-AP ROM base: 0x41003000
T2830 21033:410.435   CPUID register: 0x410CC601. Implementer code: 0x41 (ARM)
T2830 21033:410.453   Found Cortex-M0 r0p1, Little endian.
T2830 21033:410.909   -- Max. mem block: 0x00002860
T2830 21033:410.918   CPU_ReadMem(4 bytes @ 0xE000EDF0)
T2830 21033:411.702   CPU_ReadMem(4 bytes @ 0xE0002000)
T2830 21033:412.610   FPUnit: 4 code (BP) slots and 0 literal slots
T2830 21033:412.615   CPU_ReadMem(4 bytes @ 0xE000EDFC)
T2830 21033:413.455   CPU_ReadMem(4 bytes @ 0xE0001000)
T2830 21033:415.099   CoreSight components:
T2830 21033:415.109   ROMTbl[0] @ 41003000
T2830 21033:415.114   CPU_ReadMem(64 bytes @ 0x41003000)
T2830 21033:416.376   CPU_ReadMem(32 bytes @ 0xE00FFFE0)
T2830 21033:417.666   [0][0]: E00FF000 CID B105100D PID 000BB4C0 ROM Table
T2830 21033:417.674   ROMTbl[1] @ E00FF000
T2830 21033:417.678   CPU_ReadMem(64 bytes @ 0xE00FF000)
T2830 21033:419.024   CPU_ReadMem(32 bytes @ 0xE000EFE0)
T2830 21033:419.922   [1][0]: E000E000 CID B105E00D PID 000BB008 SCS
T2830 21033:419.927   CPU_ReadMem(32 bytes @ 0xE0001FE0)
T2830 21033:420.818   [1][1]: E0001000 CID B105E00D PID 000BB00A DWT
T2830 21033:420.824   CPU_ReadMem(32 bytes @ 0xE0002FE0)
T2830 21033:421.865   [1][2]: E0002000 CID B105E00D PID 000BB00B FPB
T2830 21033:421.876   CPU_ReadMem(32 bytes @ 0x41006FE0)
T2830 21033:422.729   [0][1]: 41006000 CID B105900D PID 001BB932 MTB-M0+
T2830 21033:422.745   JLINK_Reset()
T2830 21033:422.752     CPU_ReadMem(4 bytes @ 0x20000000)
T2830 21033:423.360     CPU_WriteMem(4 bytes @ 0x20000000)
T2830 21033:424.011     ResetTarget() start
T2830 21033:424.019      J-Link Script File: Executing ResetTarget()
T2830 21033:424.801     CPU_ReadMem(4 bytes @ 0xE000EDFC)
T2830 21033:425.708     CPU_WriteMem(4 bytes @ 0xE000EDFC)
T2830 21033:426.671     CPU_WriteMem(4 bytes @ 0xE000ED0C)
T2830 21033:429.326     CPU_ReadMem(4 bytes @ 0xE000EDF0)
T2830 21033:430.764     CPU_ReadMem(4 bytes @ 0x41002100)
T2830 21033:431.659     CPU_WriteMem(4 bytes @ 0xE000EDFC)
T2830 21033:433.070     ResetTarget() end - Took 9.02ms
T2830 21033:437.821     CPU_WriteMem(4 bytes @ 0xE0002000)
T2830 21033:438.659     CPU_ReadMem(4 bytes @ 0xE000EDFC)
T2830 21033:439.540     CPU_ReadMem(4 bytes @ 0xE0001000)
T2830 21033:440.548     CPU_WriteMem(4 bytes @ 0xE0001000)
T2830 21033:441.446   - 18.700ms
T2830 21033:441.451   JLINK_Go()
T2830 21033:441.458     CPU_ReadMem(4 bytes @ 0xE0001000)
T2830 21033:442.965     CPU_WriteMem(4 bytes @ 0xE0001000)
T2830 21033:443.915     CPU_WriteMem(4 bytes @ 0xE0001004)
T2830 21033:445.960     Memory map 'after startup completion point' is active
T2830 21033:445.968   - 4.516ms
T2830 21033:445.971 - 49.638ms
T2830 21033:446.965 JLINK_Close()
T2830 21033:470.238 - 23.272ms
T2830 21033:470.251   
T2830 21033:470.254   Closed
