T2830 21062:054.485   SEGGER J-Link V7.92q Log File
T2830 21062:054.516   DLL Compiled: Nov 23 2023 18:03:53
T2830 21062:054.525   Logging started @ 2023-12-16 00:54
T2830 21062:054.534   Process: C:\Program Files (x86)\Atmel\Studio\7.0\atbackend\atbackend.exe
T2830 21062:054.543 - 28454.733ms
T2830 21062:059.502 JLINK_ExecCommand("Device = ATSAMD21G18A", ...). 
T2830 21062:059.682   Device "ATSAMD21G18A" selected.
T2830 21062:059.863 - 0.336ms returns 0x00
T2830 21062:076.496 JLINK_TIF_Select(JLINKARM_TIF_SWD)
T2830 21062:078.582 - 2.085ms returns 0x00
T2830 21062:078.612 JLINK_SetSpeed(4000)
T2830 21062:079.272 - 0.659ms
T2830 21062:079.292 JLINK_ResetPullsRESET(OFF)
T2830 21062:079.301 - 0.008ms
T2830 21062:079.311 JLINK_Connect()
T2830 21062:080.210   InitTarget() start
T2830 21062:080.226    J-Link Script File: Executing InitTarget()
T2830 21062:080.241   InitTarget()
T2830 21062:085.456   InitTarget() end - Took 5.20ms
T2830 21062:086.811   Found SW-DP with ID 0x0BC11477
T2830 21062:091.365   DPIDR: 0x0BC11477
T2830 21062:091.380   CoreSight SoC-400 or earlier
T2830 21062:091.387   Scanning AP map to find all available APs
T2830 21062:092.662   AP[1]: Stopped AP scan as end of AP map has been reached
T2830 21062:092.671   AP[0]: AHB-AP (IDR: 0x04770031)
T2830 21062:092.679   Iterating through AP map to find AHB-AP to use
T2830 21062:094.582   AP[0]: Core found
T2830 21062:094.599   AP[0]: AHB-AP ROM base: 0x41003000
T2830 21062:095.564   CPUID register: 0x410CC601. Implementer code: 0x41 (ARM)
T2830 21062:095.578   Found Cortex-M0 r0p1, Little endian.
T2830 21062:096.746   -- Max. mem block: 0x00002BA8
T2830 21062:097.700   CPU_ReadMem(4 bytes @ 0xE000EDF0)
T2830 21062:098.332   CPU_WriteMem(4 bytes @ 0xE000EDF0)
T2830 21062:099.239   CPU_ReadMem(4 bytes @ 0xE0002000)
T2830 21062:099.744   FPUnit: 4 code (BP) slots and 0 literal slots
T2830 21062:099.751   CPU_ReadMem(4 bytes @ 0xE000EDFC)
T2830 21062:100.285   CPU_WriteMem(4 bytes @ 0xE000EDFC)
T2830 21062:100.924   CPU_ReadMem(4 bytes @ 0xE0001000)
T2830 21062:101.812   CPU_WriteMem(4 bytes @ 0xE0001000)
T2830 21062:102.751   CoreSight components:
T2830 21062:102.760   ROMTbl[0] @ 41003000
T2830 21062:102.765   CPU_ReadMem(64 bytes @ 0x41003000)
T2830 21062:103.999   CPU_ReadMem(32 bytes @ 0xE00FFFE0)
T2830 21062:105.054   [0][0]: E00FF000 CID B105100D PID 000BB4C0 ROM Table
T2830 21062:105.069   ROMTbl[1] @ E00FF000
T2830 21062:105.074   CPU_ReadMem(64 bytes @ 0xE00FF000)
T2830 21062:106.091   CPU_ReadMem(32 bytes @ 0xE000EFE0)
T2830 21062:107.155   [1][0]: E000E000 CID B105E00D PID 000BB008 SCS
T2830 21062:107.163   CPU_ReadMem(32 bytes @ 0xE0001FE0)
T2830 21062:108.090   [1][1]: E0001000 CID B105E00D PID 000BB00A DWT
T2830 21062:108.098   CPU_ReadMem(32 bytes @ 0xE0002FE0)
T2830 21062:108.947   [1][2]: E0002000 CID B105E00D PID 000BB00B FPB
T2830 21062:108.954   CPU_ReadMem(32 bytes @ 0x41006FE0)
T2830 21062:109.864   [0][1]: 41006000 CID B105900D PID 001BB932 MTB-M0+
T2830 21062:109.877 - 30.565ms returns 0x00
T2830 21062:109.935 JLINK_ExecCommand("ExcludeFlashCacheRange 0x0 - 0x40000", ...). 
T2830 21062:109.948 - 0.000ms returns 0x00
T2830 21062:109.964 JLINK_Halt()
T2830 21062:113.600 - 3.636ms returns 0x00
T2830 21062:114.189 JLINK_JTAG_GetDeviceID(DeviceIndex = 0)
T2830 21062:114.195 - 0.006ms returns 0
T2830 21062:114.200 JLINK_ReadMemU32(0x41002018, 0x1 Items)
T2830 21062:114.209   CPU_ReadMem(4 bytes @ 0x41002018)
T2830 21062:115.003   Data:  05 03 01 10
T2830 21062:115.014 - 0.814ms returns 1 (0x1)
T4F10 21062:125.974 JLINK_IsHalted()
T4F10 21062:126.703 - 0.728ms returns TRUE
T4F10 21062:126.716 JLINK_GetMOEs(...)
T4F10 21062:126.723   CPU_ReadMem(4 bytes @ 0xE000ED30)
T4F10 21062:127.606 - 0.889ms returns 0x01
T4F10 21062:127.612 JLINK_ReadReg(R15 (PC))
T4F10 21062:127.618 - 0.005ms returns 0x00017D3A
T2830 21062:164.228 JLINK_BeginDownload(Flags = 0x00000000)
T2830 21062:164.248 - 0.019ms
T2830 21062:164.257 JLINK_WriteMem(0x00012000, 0x19C98 Bytes, ...)
T2830 21062:164.260   Data:  D8 77 00 20 69 EE 01 00 4D EE 01 00 4D EE 01 00 ...
T2830 21062:164.550   completely In flash
T2830 21062:164.565 - 0.308ms returns 0x19C98
T2830 21062:164.709 JLINK_WriteMem(0x0002BC98, 0x3CC Bytes, ...)
T2830 21062:164.714   Data:  00 00 00 00 C3 F5 88 3F D7 A3 00 40 00 00 40 40 ...
T2830 21062:164.759   completely In flash
T2830 21062:164.764 - 0.054ms returns 0x3CC
T4F10 21062:331.718 JLINK_IsHalted()
T4F10 21062:331.737 - 0.018ms returns TRUE
T2830 21062:332.381 JLINK_EndDownload()
T2830 21062:333.053   CPU_ReadMem(4 bytes @ 0x41006004)
T2830 21062:333.682   CPU_ReadMem(4 bytes @ 0xE000ED90)
T2830 21062:334.219    -- --------------------------------------
T2830 21062:334.231    -- Flash bank @ 0x00000000: Default: L2 verify disabled because algorithm performs L1 verify
T2830 21062:334.236    -- Start of determining dirty areas in flash cache
T2830 21062:334.250    -- Filling invalid ranges in sector buffer (flash cache) for sector @ 0x00012000 if necessary
T2830 21062:334.258    -- Filling invalid ranges in sector buffer (flash cache) for sector @ 0x00012100 if necessary
T2830 21062:334.263    -- Filling invalid ranges in sector buffer (flash cache) for sector @ 0x00012200 if necessary
T2830 21062:334.267    -- Filling invalid ranges in sector buffer (flash cache) for sector @ 0x00012300 if necessary
T2830 21062:334.271    -- Filling invalid ranges in sector buffer (flash cache) for sector @ 0x00012400 if necessary
T2830 21062:334.276    -- Filling invalid ranges in sector buffer (flash cache) for sector @ 0x00012500 if necessary
T2830 21062:334.280    -- Filling invalid ranges in sector buffer (flash cache) for sector @ 0x00012600 if necessary
T2830 21062:334.284    -- Filling invalid ranges in sector buffer (flash cache) for sector @ 0x00012700 if necessary
T2830 21062:334.288    -- Filling invalid ranges in sector buffer (flash cache) for sector @ 0x00012800 if necessary
T2830 21062:334.293    -- Filling invalid ranges in sector buffer (flash cache) for sector @ 0x00012900 if necessary
T2830 21062:334.297    -- Filling invalid ranges in sector buffer (flash cache) for sector @ 0x00012A00 if necessary
T2830 21062:334.301    -- Filling invalid ranges in sector buffer (flash cache) for sector @ 0x00012B00 if necessary
T2830 21062:334.306    -- Filling invalid ranges in sector buffer (flash cache) for sector @ 0x00012C00 if necessary
T2830 21062:334.310    -- Filling invalid ranges in sector buffer (flash cache) for sector @ 0x00012D00 if necessary
T2830 21062:334.315    -- Filling invalid ranges in sector buffer (flash cache) for sector @ 0x00012E00 if necessary
T2830 21062:334.319    -- Filling invalid ranges in sector buffer (flash cache) for sector @ 0x00012F00 if necessary
T2830 21062:334.326    -- Filling invalid ranges in sector buffer (flash cache) for sector @ 0x00013000 if necessary
T2830 21062:334.341    -- Filling invalid ranges in sector buffer (flash cache) for sector @ 0x00013100 if necessary
T2830 21062:334.347    -- Filling invalid ranges in sector buffer (flash cache) for sector @ 0x00013200 if necessary
T2830 21062:334.352    -- Filling invalid ranges in sector buffer (flash cache) for sector @ 0x00013300 if necessary
T2830 21062:334.357    -- Filling invalid ranges in sector buffer (flash cache) for sector @ 0x00013400 if necessary
T2830 21062:334.361    -- Filling invalid ranges in sector buffer (flash cache) for sector @ 0x00013500 if necessary
T2830 21062:334.366    -- Filling invalid ranges in sector buffer (flash cache) for sector @ 0x00013600 if necessary
T2830 21062:334.370    -- Filling invalid ranges in sector buffer (flash cache) for sector @ 0x00013700 if necessary
T2830 21062:334.374    -- Filling invalid ranges in sector buffer (flash cache) for sector @ 0x00013800 if necessary
T2830 21062:334.379    -- Filling invalid ranges in sector buffer (flash cache) for sector @ 0x00013900 if necessary
T2830 21062:334.383    -- Filling invalid ranges in sector buffer (flash cache) for sector @ 0x00013A00 if necessary
T2830 21062:334.387    -- Filling invalid ranges in sector buffer (flash cache) for sector @ 0x00013B00 if necessary
T2830 21062:334.427    -- Filling invalid ranges in sector buffer (flash cache) for sector @ 0x00013C00 if necessary
T2830 21062:334.432    -- Filling invalid ranges in sector buffer (flash cache) for sector @ 0x00013D00 if necessary
T2830 21062:334.436    -- Filling invalid ranges in sector buffer (flash cache) for sector @ 0x00013E00 if necessary
T2830 21062:334.440    -- Filling invalid ranges in sector buffer (flash cache) for sector @ 0x00013F00 if necessary
T2830 21062:334.444    -- Filling invalid ranges in sector buffer (flash cache) for sector @ 0x00014000 if necessary
T2830 21062:334.449    -- Filling invalid ranges in sector buffer (flash cache) for sector @ 0x00014100 if necessary
T2830 21062:334.453    -- Filling invalid ranges in sector buffer (flash cache) for sector @ 0x00014200 if necessary
T2830 21062:334.457    -- Filling invalid ranges in sector buffer (flash cache) for sector @ 0x00014300 if necessary
T2830 21062:334.463    -- Filling invalid ranges in sector buffer (flash cache) for sector @ 0x00014400 if necessary
T2830 21062:334.468    -- Filling invalid ranges in sector buffer (flash cache) for sector @ 0x00014500 if necessary
T2830 21062:334.474    -- Filling invalid ranges in sector buffer (flash cache) for sector @ 0x00014600 if necessary
T2830 21062:334.480    -- Filling invalid ranges in sector buffer (flash cache) for sector @ 0x00014700 if necessary
T2830 21062:334.485    -- Filling invalid ranges in sector buffer (flash cache) for sector @ 0x00014800 if necessary
T2830 21062:334.489    -- Filling invalid ranges in sector buffer (flash cache) for sector @ 0x00014900 if necessary
T2830 21062:334.494    -- Filling invalid ranges in sector buffer (flash cache) for sector @ 0x00014A00 if necessary
T2830 21062:334.498    -- Filling invalid ranges in sector buffer (flash cache) for sector @ 0x00014B00 if necessary
T2830 21062:334.502    -- Filling invalid ranges in sector buffer (flash cache) for sector @ 0x00014C00 if necessary
T2830 21062:334.506    -- Filling invalid ranges in sector buffer (flash cache) for sector @ 0x00014D00 if necessary
T2830 21062:334.511    -- Filling invalid ranges in sector buffer (flash cache) for sector @ 0x00014E00 if necessary
T2830 21062:334.515    -- Filling invalid ranges in sector buffer (flash cache) for sector @ 0x00014F00 if necessary
T2830 21062:334.519    -- Filling invalid ranges in sector buffer (flash cache) for sector @ 0x00015000 if necessary
T2830 21062:334.523    -- Filling invalid ranges in sector buffer (flash cache) for sector @ 0x00015100 if necessary
T2830 21062:334.527    -- Filling invalid ranges in sector buffer (flash cache) for sector @ 0x00015200 if necessary
T2830 21062:334.532    -- Filling invalid ranges in sector buffer (flash cache) for sector @ 0x00015300 if necessary
T2830 21062:334.536    -- Filling invalid ranges in sector buffer (flash cache) for sector @ 0x00015400 if necessary
T2830 21062:334.540    -- Filling invalid ranges in sector buffer (flash cache) for sector @ 0x00015500 if necessary
T2830 21062:334.544    -- Filling invalid ranges in sector buffer (flash cache) for sector @ 0x00015600 if necessary
T2830 21062:334.549    -- Filling invalid ranges in sector buffer (flash cache) for sector @ 0x00015700 if necessary
T2830 21062:334.553    -- Filling invalid ranges in sector buffer (flash cache) for sector @ 0x00015800 if necessary
T2830 21062:334.557    -- Filling invalid ranges in sector buffer (flash cache) for sector @ 0x00015900 if necessary
T2830 21062:334.561    -- Filling invalid ranges in sector buffer (flash cache) for sector @ 0x00015A00 if necessary
T2830 21062:334.566    -- Filling invalid ranges in sector buffer (flash cache) for sector @ 0x00015B00 if necessary
T2830 21062:334.570    -- Filling invalid ranges in sector buffer (flash cache) for sector @ 0x00015C00 if necessary
T2830 21062:334.574    -- Filling invalid ranges in sector buffer (flash cache) for sector @ 0x00015D00 if necessary
T2830 21062:334.579    -- Filling invalid ranges in sector buffer (flash cache) for sector @ 0x00015E00 if necessary
T2830 21062:334.584    -- Filling invalid ranges in sector buffer (flash cache) for sector @ 0x00015F00 if necessary
T2830 21062:334.588    -- Filling invalid ranges in sector buffer (flash cache) for sector @ 0x00016000 if necessary
T2830 21062:334.593    -- Filling invalid ranges in sector buffer (flash cache) for sector @ 0x00016100 if necessary
T2830 21062:334.597    -- Filling invalid ranges in sector buffer (flash cache) for sector @ 0x00016200 if necessary
T2830 21062:334.601    -- Filling invalid ranges in sector buffer (flash cache) for sector @ 0x00016300 if necessary
T2830 21062:334.606    -- Filling invalid ranges in sector buffer (flash cache) for sector @ 0x00016400 if necessary
T2830 21062:334.610    -- Filling invalid ranges in sector buffer (flash cache) for sector @ 0x00016500 if necessary
T2830 21062:334.614    -- Filling invalid ranges in sector buffer (flash cache) for sector @ 0x00016600 if necessary
T2830 21062:334.618    -- Filling invalid ranges in sector buffer (flash cache) for sector @ 0x00016700 if necessary
T2830 21062:334.623    -- Filling invalid ranges in sector buffer (flash cache) for sector @ 0x00016800 if necessary
T2830 21062:334.627    -- Filling invalid ranges in sector buffer (flash cache) for sector @ 0x00016900 if necessary
T2830 21062:334.631    -- Filling invalid ranges in sector buffer (flash cache) for sector @ 0x00016A00 if necessary
T2830 21062:334.635    -- Filling invalid ranges in sector buffer (flash cache) for sector @ 0x00016B00 if necessary
T2830 21062:334.639    -- Filling invalid ranges in sector buffer (flash cache) for sector @ 0x00016C00 if necessary
T2830 21062:334.644    -- Filling invalid ranges in sector buffer (flash cache) for sector @ 0x00016D00 if necessary
T2830 21062:334.651    -- Filling invalid ranges in sector buffer (flash cache) for sector @ 0x00016E00 if necessary
T2830 21062:334.655    -- Filling invalid ranges in sector buffer (flash cache) for sector @ 0x00016F00 if necessary
T2830 21062:334.659    -- Filling invalid ranges in sector buffer (flash cache) for sector @ 0x00017000 if necessary
T2830 21062:334.663    -- Filling invalid ranges in sector buffer (flash cache) for sector @ 0x00017100 if necessary
T2830 21062:334.667    -- Filling invalid ranges in sector buffer (flash cache) for sector @ 0x00017200 if necessary
T2830 21062:334.672    -- Filling invalid ranges in sector buffer (flash cache) for sector @ 0x00017300 if necessary
T2830 21062:334.676    -- Filling invalid ranges in sector buffer (flash cache) for sector @ 0x00017400 if necessary
T2830 21062:334.680    -- Filling invalid ranges in sector buffer (flash cache) for sector @ 0x00017500 if necessary
T2830 21062:334.684    -- Filling invalid ranges in sector buffer (flash cache) for sector @ 0x00017600 if necessary
T2830 21062:334.688    -- Filling invalid ranges in sector buffer (flash cache) for sector @ 0x00017700 if necessary
T2830 21062:334.692    -- Filling invalid ranges in sector buffer (flash cache) for sector @ 0x00017800 if necessary
T2830 21062:334.697    -- Filling invalid ranges in sector buffer (flash cache) for sector @ 0x00017900 if necessary
T2830 21062:334.701    -- Filling invalid ranges in sector buffer (flash cache) for sector @ 0x00017A00 if necessary
T2830 21062:334.705    -- Filling invalid ranges in sector buffer (flash cache) for sector @ 0x00017B00 if necessary
T2830 21062:334.709    -- Filling invalid ranges in sector buffer (flash cache) for sector @ 0x00017C00 if necessary
T2830 21062:334.714    -- Filling invalid ranges in sector buffer (flash cache) for sector @ 0x00017D00 if necessary
T2830 21062:334.718    -- Filling invalid ranges in sector buffer (flash cache) for sector @ 0x00017E00 if necessary
T2830 21062:334.722    -- Filling invalid ranges in sector buffer (flash cache) for sector @ 0x00017F00 if necessary
T2830 21062:334.726    -- Filling invalid ranges in sector buffer (flash cache) for sector @ 0x00018000 if necessary
T2830 21062:334.740    -- Filling invalid ranges in sector buffer (flash cache) for sector @ 0x00018100 if necessary
T2830 21062:334.749    -- Filling invalid ranges in sector buffer (flash cache) for sector @ 0x00018200 if necessary
T2830 21062:334.754    -- Filling invalid ranges in sector buffer (flash cache) for sector @ 0x00018300 if necessary
T2830 21062:334.758    -- Filling invalid ranges in sector buffer (flash cache) for sector @ 0x00018400 if necessary
T2830 21062:334.762    -- Filling invalid ranges in sector buffer (flash cache) for sector @ 0x00018500 if necessary
T2830 21062:334.766    -- Filling invalid ranges in sector buffer (flash cache) for sector @ 0x00018600 if necessary
T2830 21062:334.770    -- Filling invalid ranges in sector buffer (flash cache) for sector @ 0x00018700 if necessary
T2830 21062:334.774    -- Filling invalid ranges in sector buffer (flash cache) for sector @ 0x00018800 if necessary
T2830 21062:334.778    -- Filling invalid ranges in sector buffer (flash cache) for sector @ 0x00018900 if necessary
T2830 21062:334.783    -- Filling invalid ranges in sector buffer (flash cache) for sector @ 0x00018A00 if necessary
T2830 21062:334.787    -- Filling invalid ranges in sector buffer (flash cache) for sector @ 0x00018B00 if necessary
T2830 21062:334.791    -- Filling invalid ranges in sector buffer (flash cache) for sector @ 0x00018C00 if necessary
T2830 21062:334.795    -- Filling invalid ranges in sector buffer (flash cache) for sector @ 0x00018D00 if necessary
T2830 21062:334.800    -- Filling invalid ranges in sector buffer (flash cache) for sector @ 0x00018E00 if necessary
T2830 21062:334.804    -- Filling invalid ranges in sector buffer (flash cache) for sector @ 0x00018F00 if necessary
T2830 21062:334.808    -- Filling invalid ranges in sector buffer (flash cache) for sector @ 0x00019000 if necessary
T2830 21062:334.812    -- Filling invalid ranges in sector buffer (flash cache) for sector @ 0x00019100 if necessary
T2830 21062:334.816    -- Filling invalid ranges in sector buffer (flash cache) for sector @ 0x00019200 if necessary
T2830 21062:334.820    -- Filling invalid ranges in sector buffer (flash cache) for sector @ 0x00019300 if necessary
T2830 21062:334.824    -- Filling invalid ranges in sector buffer (flash cache) for sector @ 0x00019400 if necessary
T2830 21062:334.828    -- Filling invalid ranges in sector buffer (flash cache) for sector @ 0x00019500 if necessary
T2830 21062:334.833    -- Filling invalid ranges in sector buffer (flash cache) for sector @ 0x00019600 if necessary
T2830 21062:334.837    -- Filling invalid ranges in sector buffer (flash cache) for sector @ 0x00019700 if necessary
T2830 21062:334.841    -- Filling invalid ranges in sector buffer (flash cache) for sector @ 0x00019800 if necessary
T2830 21062:334.846    -- Filling invalid ranges in sector buffer (flash cache) for sector @ 0x00019900 if necessary
T2830 21062:334.850    -- Filling invalid ranges in sector buffer (flash cache) for sector @ 0x00019A00 if necessary
T2830 21062:334.854    -- Filling invalid ranges in sector buffer (flash cache) for sector @ 0x00019B00 if necessary
T2830 21062:334.858    -- Filling invalid ranges in sector buffer (flash cache) for sector @ 0x00019C00 if necessary
T2830 21062:334.862    -- Filling invalid ranges in sector buffer (flash cache) for sector @ 0x00019D00 if necessary
T2830 21062:334.867    -- Filling invalid ranges in sector buffer (flash cache) for sector @ 0x00019E00 if necessary
T2830 21062:334.871    -- Filling invalid ranges in sector buffer (flash cache) for sector @ 0x00019F00 if necessary
T2830 21062:334.875    -- Filling invalid ranges in sector buffer (flash cache) for sector @ 0x0001A000 if necessary
T2830 21062:334.880    -- Filling invalid ranges in sector buffer (flash cache) for sector @ 0x0001A100 if necessary
T2830 21062:334.884    -- Filling invalid ranges in sector buffer (flash cache) for sector @ 0x0001A200 if necessary
T2830 21062:334.888    -- Filling invalid ranges in sector buffer (flash cache) for sector @ 0x0001A300 if necessary
T2830 21062:334.893    -- Filling invalid ranges in sector buffer (flash cache) for sector @ 0x0001A400 if necessary
T2830 21062:334.897    -- Filling invalid ranges in sector buffer (flash cache) for sector @ 0x0001A500 if necessary
T2830 21062:334.901    -- Filling invalid ranges in sector buffer (flash cache) for sector @ 0x0001A600 if necessary
T2830 21062:334.905    -- Filling invalid ranges in sector buffer (flash cache) for sector @ 0x0001A700 if necessary
T2830 21062:334.910    -- Filling invalid ranges in sector buffer (flash cache) for sector @ 0x0001A800 if necessary
T2830 21062:334.914    -- Filling invalid ranges in sector buffer (flash cache) for sector @ 0x0001A900 if necessary
T2830 21062:334.918    -- Filling invalid ranges in sector buffer (flash cache) for sector @ 0x0001AA00 if necessary
T2830 21062:334.922    -- Filling invalid ranges in sector buffer (flash cache) for sector @ 0x0001AB00 if necessary
T2830 21062:334.926    -- Filling invalid ranges in sector buffer (flash cache) for sector @ 0x0001AC00 if necessary
T2830 21062:334.930    -- Filling invalid ranges in sector buffer (flash cache) for sector @ 0x0001AD00 if necessary
T2830 21062:334.935    -- Filling invalid ranges in sector buffer (flash cache) for sector @ 0x0001AE00 if necessary
T2830 21062:334.939    -- Filling invalid ranges in sector buffer (flash cache) for sector @ 0x0001AF00 if necessary
T2830 21062:334.943    -- Filling invalid ranges in sector buffer (flash cache) for sector @ 0x0001B000 if necessary
T2830 21062:334.947    -- Filling invalid ranges in sector buffer (flash cache) for sector @ 0x0001B100 if necessary
T2830 21062:334.951    -- Filling invalid ranges in sector buffer (flash cache) for sector @ 0x0001B200 if necessary
T2830 21062:334.955    -- Filling invalid ranges in sector buffer (flash cache) for sector @ 0x0001B300 if necessary
T2830 21062:334.959    -- Filling invalid ranges in sector buffer (flash cache) for sector @ 0x0001B400 if necessary
T2830 21062:334.964    -- Filling invalid ranges in sector buffer (flash cache) for sector @ 0x0001B500 if necessary
T2830 21062:334.968    -- Filling invalid ranges in sector buffer (flash cache) for sector @ 0x0001B600 if necessary
T2830 21062:334.972    -- Filling invalid ranges in sector buffer (flash cache) for sector @ 0x0001B700 if necessary
T2830 21062:334.976    -- Filling invalid ranges in sector buffer (flash cache) for sector @ 0x0001B800 if necessary
T2830 21062:334.981    -- Filling invalid ranges in sector buffer (flash cache) for sector @ 0x0001B900 if necessary
T2830 21062:334.986    -- Filling invalid ranges in sector buffer (flash cache) for sector @ 0x0001BA00 if necessary
T2830 21062:334.992    -- Filling invalid ranges in sector buffer (flash cache) for sector @ 0x0001BB00 if necessary
T2830 21062:334.998    -- Filling invalid ranges in sector buffer (flash cache) for sector @ 0x0001BC00 if necessary
T2830 21062:335.003    -- Filling invalid ranges in sector buffer (flash cache) for sector @ 0x0001BD00 if necessary
T2830 21062:335.008    -- Filling invalid ranges in sector buffer (flash cache) for sector @ 0x0001BE00 if necessary
T2830 21062:335.012    -- Filling invalid ranges in sector buffer (flash cache) for sector @ 0x0001BF00 if necessary
T2830 21062:335.017    -- Filling invalid ranges in sector buffer (flash cache) for sector @ 0x0001C000 if necessary
T2830 21062:335.021    -- Filling invalid ranges in sector buffer (flash cache) for sector @ 0x0001C100 if necessary
T2830 21062:335.025    -- Filling invalid ranges in sector buffer (flash cache) for sector @ 0x0001C200 if necessary
T2830 21062:335.029    -- Filling invalid ranges in sector buffer (flash cache) for sector @ 0x0001C300 if necessary
T2830 21062:335.033    -- Filling invalid ranges in sector buffer (flash cache) for sector @ 0x0001C400 if necessary
T2830 21062:335.037    -- Filling invalid ranges in sector buffer (flash cache) for sector @ 0x0001C500 if necessary
T2830 21062:335.042    -- Filling invalid ranges in sector buffer (flash cache) for sector @ 0x0001C600 if necessary
T2830 21062:335.047    -- Filling invalid ranges in sector buffer (flash cache) for sector @ 0x0001C700 if necessary
T2830 21062:335.051    -- Filling invalid ranges in sector buffer (flash cache) for sector @ 0x0001C800 if necessary
T2830 21062:335.055    -- Filling invalid ranges in sector buffer (flash cache) for sector @ 0x0001C900 if necessary
T2830 21062:335.059    -- Filling invalid ranges in sector buffer (flash cache) for sector @ 0x0001CA00 if necessary
T2830 21062:335.064    -- Filling invalid ranges in sector buffer (flash cache) for sector @ 0x0001CB00 if necessary
T2830 21062:335.068    -- Filling invalid ranges in sector buffer (flash cache) for sector @ 0x0001CC00 if necessary
T2830 21062:335.072    -- Filling invalid ranges in sector buffer (flash cache) for sector @ 0x0001CD00 if necessary
T2830 21062:335.076    -- Filling invalid ranges in sector buffer (flash cache) for sector @ 0x0001CE00 if necessary
T2830 21062:335.080    -- Filling invalid ranges in sector buffer (flash cache) for sector @ 0x0001CF00 if necessary
T2830 21062:335.085    -- Filling invalid ranges in sector buffer (flash cache) for sector @ 0x0001D000 if necessary
T2830 21062:335.089    -- Filling invalid ranges in sector buffer (flash cache) for sector @ 0x0001D100 if necessary
T2830 21062:335.093    -- Filling invalid ranges in sector buffer (flash cache) for sector @ 0x0001D200 if necessary
T2830 21062:335.101    -- Filling invalid ranges in sector buffer (flash cache) for sector @ 0x0001D300 if necessary
T2830 21062:335.106    -- Filling invalid ranges in sector buffer (flash cache) for sector @ 0x0001D400 if necessary
T2830 21062:335.110    -- Filling invalid ranges in sector buffer (flash cache) for sector @ 0x0001D500 if necessary
T2830 21062:335.115    -- Filling invalid ranges in sector buffer (flash cache) for sector @ 0x0001D600 if necessary
T2830 21062:335.119    -- Filling invalid ranges in sector buffer (flash cache) for sector @ 0x0001D700 if necessary
T2830 21062:335.123    -- Filling invalid ranges in sector buffer (flash cache) for sector @ 0x0001D800 if necessary
T2830 21062:335.128    -- Filling invalid ranges in sector buffer (flash cache) for sector @ 0x0001D900 if necessary
T2830 21062:335.132    -- Filling invalid ranges in sector buffer (flash cache) for sector @ 0x0001DA00 if necessary
T2830 21062:335.136    -- Filling invalid ranges in sector buffer (flash cache) for sector @ 0x0001DB00 if necessary
T2830 21062:335.140    -- Filling invalid ranges in sector buffer (flash cache) for sector @ 0x0001DC00 if necessary
T2830 21062:335.144    -- Filling invalid ranges in sector buffer (flash cache) for sector @ 0x0001DD00 if necessary
T2830 21062:335.149    -- Filling invalid ranges in sector buffer (flash cache) for sector @ 0x0001DE00 if necessary
T2830 21062:335.153    -- Filling invalid ranges in sector buffer (flash cache) for sector @ 0x0001DF00 if necessary
T2830 21062:335.157    -- Filling invalid ranges in sector buffer (flash cache) for sector @ 0x0001E000 if necessary
T2830 21062:335.161    -- Filling invalid ranges in sector buffer (flash cache) for sector @ 0x0001E100 if necessary
T2830 21062:335.165    -- Filling invalid ranges in sector buffer (flash cache) for sector @ 0x0001E200 if necessary
T2830 21062:335.170    -- Filling invalid ranges in sector buffer (flash cache) for sector @ 0x0001E300 if necessary
T2830 21062:335.174    -- Filling invalid ranges in sector buffer (flash cache) for sector @ 0x0001E400 if necessary
T2830 21062:335.178    -- Filling invalid ranges in sector buffer (flash cache) for sector @ 0x0001E500 if necessary
T2830 21062:335.182    -- Filling invalid ranges in sector buffer (flash cache) for sector @ 0x0001E600 if necessary
T2830 21062:335.186    -- Filling invalid ranges in sector buffer (flash cache) for sector @ 0x0001E700 if necessary
T2830 21062:335.191    -- Filling invalid ranges in sector buffer (flash cache) for sector @ 0x0001E800 if necessary
T2830 21062:335.196    -- Filling invalid ranges in sector buffer (flash cache) for sector @ 0x0001E900 if necessary
T2830 21062:335.200    -- Filling invalid ranges in sector buffer (flash cache) for sector @ 0x0001EA00 if necessary
T2830 21062:335.204    -- Filling invalid ranges in sector buffer (flash cache) for sector @ 0x0001EB00 if necessary
T2830 21062:335.208    -- Filling invalid ranges in sector buffer (flash cache) for sector @ 0x0001EC00 if necessary
T2830 21062:335.212    -- Filling invalid ranges in sector buffer (flash cache) for sector @ 0x0001ED00 if necessary
T2830 21062:335.217    -- Filling invalid ranges in sector buffer (flash cache) for sector @ 0x0001EE00 if necessary
T2830 21062:335.221    -- Filling invalid ranges in sector buffer (flash cache) for sector @ 0x0001EF00 if necessary
T2830 21062:335.225    -- Filling invalid ranges in sector buffer (flash cache) for sector @ 0x0001F000 if necessary
T2830 21062:335.229    -- Filling invalid ranges in sector buffer (flash cache) for sector @ 0x0001F100 if necessary
T2830 21062:335.233    -- Filling invalid ranges in sector buffer (flash cache) for sector @ 0x0001F200 if necessary
T2830 21062:335.238    -- Filling invalid ranges in sector buffer (flash cache) for sector @ 0x0001F300 if necessary
T2830 21062:335.242    -- Filling invalid ranges in sector buffer (flash cache) for sector @ 0x0001F400 if necessary
T2830 21062:335.246    -- Filling invalid ranges in sector buffer (flash cache) for sector @ 0x0001F500 if necessary
T2830 21062:335.250    -- Filling invalid ranges in sector buffer (flash cache) for sector @ 0x0001F600 if necessary
T2830 21062:335.254    -- Filling invalid ranges in sector buffer (flash cache) for sector @ 0x0001F700 if necessary
T2830 21062:335.258    -- Filling invalid ranges in sector buffer (flash cache) for sector @ 0x0001F800 if necessary
T2830 21062:335.263    -- Filling invalid ranges in sector buffer (flash cache) for sector @ 0x0001F900 if necessary
T2830 21062:335.267    -- Filling invalid ranges in sector buffer (flash cache) for sector @ 0x0001FA00 if necessary
T2830 21062:335.271    -- Filling invalid ranges in sector buffer (flash cache) for sector @ 0x0001FB00 if necessary
T2830 21062:335.275    -- Filling invalid ranges in sector buffer (flash cache) for sector @ 0x0001FC00 if necessary
T2830 21062:335.280    -- Filling invalid ranges in sector buffer (flash cache) for sector @ 0x0001FD00 if necessary
T2830 21062:335.286    -- Filling invalid ranges in sector buffer (flash cache) for sector @ 0x0001FE00 if necessary
T2830 21062:335.292    -- Filling invalid ranges in sector buffer (flash cache) for sector @ 0x0001FF00 if necessary
T2830 21062:335.296    -- Filling invalid ranges in sector buffer (flash cache) for sector @ 0x00020000 if necessary
T2830 21062:335.300    -- Filling invalid ranges in sector buffer (flash cache) for sector @ 0x00020100 if necessary
T2830 21062:335.305    -- Filling invalid ranges in sector buffer (flash cache) for sector @ 0x00020200 if necessary
T2830 21062:335.309    -- Filling invalid ranges in sector buffer (flash cache) for sector @ 0x00020300 if necessary
T2830 21062:335.313    -- Filling invalid ranges in sector buffer (flash cache) for sector @ 0x00020400 if necessary
T2830 21062:335.317    -- Filling invalid ranges in sector buffer (flash cache) for sector @ 0x00020500 if necessary
T2830 21062:335.321    -- Filling invalid ranges in sector buffer (flash cache) for sector @ 0x00020600 if necessary
T2830 21062:335.325    -- Filling invalid ranges in sector buffer (flash cache) for sector @ 0x00020700 if necessary
T2830 21062:335.330    -- Filling invalid ranges in sector buffer (flash cache) for sector @ 0x00020800 if necessary
T2830 21062:335.334    -- Filling invalid ranges in sector buffer (flash cache) for sector @ 0x00020900 if necessary
T2830 21062:335.338    -- Filling invalid ranges in sector buffer (flash cache) for sector @ 0x00020A00 if necessary
T2830 21062:335.342    -- Filling invalid ranges in sector buffer (flash cache) for sector @ 0x00020B00 if necessary
T2830 21062:335.355    -- Filling invalid ranges in sector buffer (flash cache) for sector @ 0x00020C00 if necessary
T2830 21062:335.359    -- Filling invalid ranges in sector buffer (flash cache) for sector @ 0x00020D00 if necessary
T2830 21062:335.363    -- Filling invalid ranges in sector buffer (flash cache) for sector @ 0x00020E00 if necessary
T2830 21062:335.367    -- Filling invalid ranges in sector buffer (flash cache) for sector @ 0x00020F00 if necessary
T2830 21062:335.372    -- Filling invalid ranges in sector buffer (flash cache) for sector @ 0x00021000 if necessary
T2830 21062:335.376    -- Filling invalid ranges in sector buffer (flash cache) for sector @ 0x00021100 if necessary
T2830 21062:335.380    -- Filling invalid ranges in sector buffer (flash cache) for sector @ 0x00021200 if necessary
T2830 21062:335.384    -- Filling invalid ranges in sector buffer (flash cache) for sector @ 0x00021300 if necessary
T2830 21062:335.388    -- Filling invalid ranges in sector buffer (flash cache) for sector @ 0x00021400 if necessary
T2830 21062:335.392    -- Filling invalid ranges in sector buffer (flash cache) for sector @ 0x00021500 if necessary
T2830 21062:335.397    -- Filling invalid ranges in sector buffer (flash cache) for sector @ 0x00021600 if necessary
T2830 21062:335.401    -- Filling invalid ranges in sector buffer (flash cache) for sector @ 0x00021700 if necessary
T2830 21062:335.405    -- Filling invalid ranges in sector buffer (flash cache) for sector @ 0x00021800 if necessary
T2830 21062:335.409    -- Filling invalid ranges in sector buffer (flash cache) for sector @ 0x00021900 if necessary
T2830 21062:335.415    -- Filling invalid ranges in sector buffer (flash cache) for sector @ 0x00021A00 if necessary
T2830 21062:335.421    -- Filling invalid ranges in sector buffer (flash cache) for sector @ 0x00021B00 if necessary
T2830 21062:335.426    -- Filling invalid ranges in sector buffer (flash cache) for sector @ 0x00021C00 if necessary
T2830 21062:335.431    -- Filling invalid ranges in sector buffer (flash cache) for sector @ 0x00021D00 if necessary
T2830 21062:335.437    -- Filling invalid ranges in sector buffer (flash cache) for sector @ 0x00021E00 if necessary
T2830 21062:335.441    -- Filling invalid ranges in sector buffer (flash cache) for sector @ 0x00021F00 if necessary
T2830 21062:335.445    -- Filling invalid ranges in sector buffer (flash cache) for sector @ 0x00022000 if necessary
T2830 21062:335.450    -- Filling invalid ranges in sector buffer (flash cache) for sector @ 0x00022100 if necessary
T2830 21062:335.454    -- Filling invalid ranges in sector buffer (flash cache) for sector @ 0x00022200 if necessary
T2830 21062:335.458    -- Filling invalid ranges in sector buffer (flash cache) for sector @ 0x00022300 if necessary
T2830 21062:335.467    -- Filling invalid ranges in sector buffer (flash cache) for sector @ 0x00022400 if necessary
T2830 21062:335.471    -- Filling invalid ranges in sector buffer (flash cache) for sector @ 0x00022500 if necessary
T2830 21062:335.476    -- Filling invalid ranges in sector buffer (flash cache) for sector @ 0x00022600 if necessary
T2830 21062:335.480    -- Filling invalid ranges in sector buffer (flash cache) for sector @ 0x00022700 if necessary
T2830 21062:335.484    -- Filling invalid ranges in sector buffer (flash cache) for sector @ 0x00022800 if necessary
T2830 21062:335.488    -- Filling invalid ranges in sector buffer (flash cache) for sector @ 0x00022900 if necessary
T2830 21062:335.492    -- Filling invalid ranges in sector buffer (flash cache) for sector @ 0x00022A00 if necessary
T2830 21062:335.496    -- Filling invalid ranges in sector buffer (flash cache) for sector @ 0x00022B00 if necessary
T2830 21062:335.500    -- Filling invalid ranges in sector buffer (flash cache) for sector @ 0x00022C00 if necessary
T2830 21062:335.505    -- Filling invalid ranges in sector buffer (flash cache) for sector @ 0x00022D00 if necessary
T2830 21062:335.509    -- Filling invalid ranges in sector buffer (flash cache) for sector @ 0x00022E00 if necessary
T2830 21062:335.514    -- Filling invalid ranges in sector buffer (flash cache) for sector @ 0x00022F00 if necessary
T2830 21062:335.518    -- Filling invalid ranges in sector buffer (flash cache) for sector @ 0x00023000 if necessary
T2830 21062:335.522    -- Filling invalid ranges in sector buffer (flash cache) for sector @ 0x00023100 if necessary
T2830 21062:335.526    -- Filling invalid ranges in sector buffer (flash cache) for sector @ 0x00023200 if necessary
T2830 21062:335.531    -- Filling invalid ranges in sector buffer (flash cache) for sector @ 0x00023300 if necessary
T2830 21062:335.535    -- Filling invalid ranges in sector buffer (flash cache) for sector @ 0x00023400 if necessary
T2830 21062:335.539    -- Filling invalid ranges in sector buffer (flash cache) for sector @ 0x00023500 if necessary
T2830 21062:335.543    -- Filling invalid ranges in sector buffer (flash cache) for sector @ 0x00023600 if necessary
T2830 21062:335.548    -- Filling invalid ranges in sector buffer (flash cache) for sector @ 0x00023700 if necessary
T2830 21062:335.554    -- Filling invalid ranges in sector buffer (flash cache) for sector @ 0x00023800 if necessary
T2830 21062:335.559    -- Filling invalid ranges in sector buffer (flash cache) for sector @ 0x00023900 if necessary
T2830 21062:335.565    -- Filling invalid ranges in sector buffer (flash cache) for sector @ 0x00023A00 if necessary
T2830 21062:335.570    -- Filling invalid ranges in sector buffer (flash cache) for sector @ 0x00023B00 if necessary
T2830 21062:335.576    -- Filling invalid ranges in sector buffer (flash cache) for sector @ 0x00023C00 if necessary
T2830 21062:335.580    -- Filling invalid ranges in sector buffer (flash cache) for sector @ 0x00023D00 if necessary
T2830 21062:335.584    -- Filling invalid ranges in sector buffer (flash cache) for sector @ 0x00023E00 if necessary
T2830 21062:335.588    -- Filling invalid ranges in sector buffer (flash cache) for sector @ 0x00023F00 if necessary
T2830 21062:335.592    -- Filling invalid ranges in sector buffer (flash cache) for sector @ 0x00024000 if necessary
T2830 21062:335.596    -- Filling invalid ranges in sector buffer (flash cache) for sector @ 0x00024100 if necessary
T2830 21062:335.601    -- Filling invalid ranges in sector buffer (flash cache) for sector @ 0x00024200 if necessary
T2830 21062:335.605    -- Filling invalid ranges in sector buffer (flash cache) for sector @ 0x00024300 if necessary
T2830 21062:335.609    -- Filling invalid ranges in sector buffer (flash cache) for sector @ 0x00024400 if necessary
T2830 21062:335.613    -- Filling invalid ranges in sector buffer (flash cache) for sector @ 0x00024500 if necessary
T2830 21062:335.617    -- Filling invalid ranges in sector buffer (flash cache) for sector @ 0x00024600 if necessary
T2830 21062:335.621    -- Filling invalid ranges in sector buffer (flash cache) for sector @ 0x00024700 if necessary
T2830 21062:335.625    -- Filling invalid ranges in sector buffer (flash cache) for sector @ 0x00024800 if necessary
T2830 21062:335.630    -- Filling invalid ranges in sector buffer (flash cache) for sector @ 0x00024900 if necessary
T2830 21062:335.634    -- Filling invalid ranges in sector buffer (flash cache) for sector @ 0x00024A00 if necessary
T2830 21062:335.638    -- Filling invalid ranges in sector buffer (flash cache) for sector @ 0x00024B00 if necessary
T2830 21062:335.642    -- Filling invalid ranges in sector buffer (flash cache) for sector @ 0x00024C00 if necessary
T2830 21062:335.646    -- Filling invalid ranges in sector buffer (flash cache) for sector @ 0x00024D00 if necessary
T2830 21062:335.650    -- Filling invalid ranges in sector buffer (flash cache) for sector @ 0x00024E00 if necessary
T2830 21062:335.654    -- Filling invalid ranges in sector buffer (flash cache) for sector @ 0x00024F00 if necessary
T2830 21062:335.659    -- Filling invalid ranges in sector buffer (flash cache) for sector @ 0x00025000 if necessary
T2830 21062:335.664    -- Filling invalid ranges in sector buffer (flash cache) for sector @ 0x00025100 if necessary
T2830 21062:335.668    -- Filling invalid ranges in sector buffer (flash cache) for sector @ 0x00025200 if necessary
T2830 21062:335.672    -- Filling invalid ranges in sector buffer (flash cache) for sector @ 0x00025300 if necessary
T2830 21062:335.676    -- Filling invalid ranges in sector buffer (flash cache) for sector @ 0x00025400 if necessary
T2830 21062:335.681    -- Filling invalid ranges in sector buffer (flash cache) for sector @ 0x00025500 if necessary
T2830 21062:335.687    -- Filling invalid ranges in sector buffer (flash cache) for sector @ 0x00025600 if necessary
T2830 21062:335.692    -- Filling invalid ranges in sector buffer (flash cache) for sector @ 0x00025700 if necessary
T2830 21062:335.698    -- Filling invalid ranges in sector buffer (flash cache) for sector @ 0x00025800 if necessary
T2830 21062:335.703    -- Filling invalid ranges in sector buffer (flash cache) for sector @ 0x00025900 if necessary
T2830 21062:335.708    -- Filling invalid ranges in sector buffer (flash cache) for sector @ 0x00025A00 if necessary
T2830 21062:335.712    -- Filling invalid ranges in sector buffer (flash cache) for sector @ 0x00025B00 if necessary
T2830 21062:335.716    -- Filling invalid ranges in sector buffer (flash cache) for sector @ 0x00025C00 if necessary
T2830 21062:335.720    -- Filling invalid ranges in sector buffer (flash cache) for sector @ 0x00025D00 if necessary
T2830 21062:335.725    -- Filling invalid ranges in sector buffer (flash cache) for sector @ 0x00025E00 if necessary
T2830 21062:335.729    -- Filling invalid ranges in sector buffer (flash cache) for sector @ 0x00025F00 if necessary
T2830 21062:335.733    -- Filling invalid ranges in sector buffer (flash cache) for sector @ 0x00026000 if necessary
T2830 21062:335.737    -- Filling invalid ranges in sector buffer (flash cache) for sector @ 0x00026100 if necessary
T2830 21062:335.741    -- Filling invalid ranges in sector buffer (flash cache) for sector @ 0x00026200 if necessary
T2830 21062:335.745    -- Filling invalid ranges in sector buffer (flash cache) for sector @ 0x00026300 if necessary
T2830 21062:335.749    -- Filling invalid ranges in sector buffer (flash cache) for sector @ 0x00026400 if necessary
T2830 21062:335.753    -- Filling invalid ranges in sector buffer (flash cache) for sector @ 0x00026500 if necessary
T2830 21062:335.758    -- Filling invalid ranges in sector buffer (flash cache) for sector @ 0x00026600 if necessary
T2830 21062:335.762    -- Filling invalid ranges in sector buffer (flash cache) for sector @ 0x00026700 if necessary
T2830 21062:335.766    -- Filling invalid ranges in sector buffer (flash cache) for sector @ 0x00026800 if necessary
T2830 21062:335.770    -- Filling invalid ranges in sector buffer (flash cache) for sector @ 0x00026900 if necessary
T2830 21062:335.774    -- Filling invalid ranges in sector buffer (flash cache) for sector @ 0x00026A00 if necessary
T2830 21062:335.778    -- Filling invalid ranges in sector buffer (flash cache) for sector @ 0x00026B00 if necessary
T2830 21062:335.783    -- Filling invalid ranges in sector buffer (flash cache) for sector @ 0x00026C00 if necessary
T2830 21062:335.787    -- Filling invalid ranges in sector buffer (flash cache) for sector @ 0x00026D00 if necessary
T2830 21062:335.791    -- Filling invalid ranges in sector buffer (flash cache) for sector @ 0x00026E00 if necessary
T2830 21062:335.795    -- Filling invalid ranges in sector buffer (flash cache) for sector @ 0x00026F00 if necessary
T2830 21062:335.800    -- Filling invalid ranges in sector buffer (flash cache) for sector @ 0x00027000 if necessary
T2830 21062:335.805    -- Filling invalid ranges in sector buffer (flash cache) for sector @ 0x00027100 if necessary
T2830 21062:335.811    -- Filling invalid ranges in sector buffer (flash cache) for sector @ 0x00027200 if necessary
T2830 21062:335.816    -- Filling invalid ranges in sector buffer (flash cache) for sector @ 0x00027300 if necessary
T2830 21062:335.823    -- Filling invalid ranges in sector buffer (flash cache) for sector @ 0x00027400 if necessary
T2830 21062:335.833    -- Filling invalid ranges in sector buffer (flash cache) for sector @ 0x00027500 if necessary
T2830 21062:335.837    -- Filling invalid ranges in sector buffer (flash cache) for sector @ 0x00027600 if necessary
T2830 21062:335.842    -- Filling invalid ranges in sector buffer (flash cache) for sector @ 0x00027700 if necessary
T2830 21062:335.846    -- Filling invalid ranges in sector buffer (flash cache) for sector @ 0x00027800 if necessary
T2830 21062:335.850    -- Filling invalid ranges in sector buffer (flash cache) for sector @ 0x00027900 if necessary
T2830 21062:335.854    -- Filling invalid ranges in sector buffer (flash cache) for sector @ 0x00027A00 if necessary
T2830 21062:335.858    -- Filling invalid ranges in sector buffer (flash cache) for sector @ 0x00027B00 if necessary
T2830 21062:335.862    -- Filling invalid ranges in sector buffer (flash cache) for sector @ 0x00027C00 if necessary
T2830 21062:335.866    -- Filling invalid ranges in sector buffer (flash cache) for sector @ 0x00027D00 if necessary
T2830 21062:335.871    -- Filling invalid ranges in sector buffer (flash cache) for sector @ 0x00027E00 if necessary
T2830 21062:335.875    -- Filling invalid ranges in sector buffer (flash cache) for sector @ 0x00027F00 if necessary
T2830 21062:335.879    -- Filling invalid ranges in sector buffer (flash cache) for sector @ 0x00028000 if necessary
T2830 21062:335.883    -- Filling invalid ranges in sector buffer (flash cache) for sector @ 0x00028100 if necessary
T2830 21062:335.887    -- Filling invalid ranges in sector buffer (flash cache) for sector @ 0x00028200 if necessary
T2830 21062:335.891    -- Filling invalid ranges in sector buffer (flash cache) for sector @ 0x00028300 if necessary
T2830 21062:335.896    -- Filling invalid ranges in sector buffer (flash cache) for sector @ 0x00028400 if necessary
T2830 21062:335.900    -- Filling invalid ranges in sector buffer (flash cache) for sector @ 0x00028500 if necessary
T2830 21062:335.904    -- Filling invalid ranges in sector buffer (flash cache) for sector @ 0x00028600 if necessary
T2830 21062:335.908    -- Filling invalid ranges in sector buffer (flash cache) for sector @ 0x00028700 if necessary
T2830 21062:335.912    -- Filling invalid ranges in sector buffer (flash cache) for sector @ 0x00028800 if necessary
T2830 21062:335.916    -- Filling invalid ranges in sector buffer (flash cache) for sector @ 0x00028900 if necessary
T2830 21062:335.920    -- Filling invalid ranges in sector buffer (flash cache) for sector @ 0x00028A00 if necessary
T2830 21062:335.925    -- Filling invalid ranges in sector buffer (flash cache) for sector @ 0x00028B00 if necessary
T2830 21062:335.929    -- Filling invalid ranges in sector buffer (flash cache) for sector @ 0x00028C00 if necessary
T2830 21062:335.933    -- Filling invalid ranges in sector buffer (flash cache) for sector @ 0x00028D00 if necessary
T2830 21062:335.937    -- Filling invalid ranges in sector buffer (flash cache) for sector @ 0x00028E00 if necessary
T2830 21062:335.941    -- Filling invalid ranges in sector buffer (flash cache) for sector @ 0x00028F00 if necessary
T2830 21062:335.945    -- Filling invalid ranges in sector buffer (flash cache) for sector @ 0x00029000 if necessary
T2830 21062:335.949    -- Filling invalid ranges in sector buffer (flash cache) for sector @ 0x00029100 if necessary
T2830 21062:335.954    -- Filling invalid ranges in sector buffer (flash cache) for sector @ 0x00029200 if necessary
T2830 21062:335.958    -- Filling invalid ranges in sector buffer (flash cache) for sector @ 0x00029300 if necessary
T2830 21062:335.962    -- Filling invalid ranges in sector buffer (flash cache) for sector @ 0x00029400 if necessary
T2830 21062:335.966    -- Filling invalid ranges in sector buffer (flash cache) for sector @ 0x00029500 if necessary
T2830 21062:335.970    -- Filling invalid ranges in sector buffer (flash cache) for sector @ 0x00029600 if necessary
T2830 21062:335.975    -- Filling invalid ranges in sector buffer (flash cache) for sector @ 0x00029700 if necessary
T2830 21062:335.979    -- Filling invalid ranges in sector buffer (flash cache) for sector @ 0x00029800 if necessary
T2830 21062:335.984    -- Filling invalid ranges in sector buffer (flash cache) for sector @ 0x00029900 if necessary
T2830 21062:335.988    -- Filling invalid ranges in sector buffer (flash cache) for sector @ 0x00029A00 if necessary
T2830 21062:335.992    -- Filling invalid ranges in sector buffer (flash cache) for sector @ 0x00029B00 if necessary
T2830 21062:335.996    -- Filling invalid ranges in sector buffer (flash cache) for sector @ 0x00029C00 if necessary
T2830 21062:336.000    -- Filling invalid ranges in sector buffer (flash cache) for sector @ 0x00029D00 if necessary
T2830 21062:336.004    -- Filling invalid ranges in sector buffer (flash cache) for sector @ 0x00029E00 if necessary
T2830 21062:336.009    -- Filling invalid ranges in sector buffer (flash cache) for sector @ 0x00029F00 if necessary
T2830 21062:336.013    -- Filling invalid ranges in sector buffer (flash cache) for sector @ 0x0002A000 if necessary
T2830 21062:336.017    -- Filling invalid ranges in sector buffer (flash cache) for sector @ 0x0002A100 if necessary
T2830 21062:336.021    -- Filling invalid ranges in sector buffer (flash cache) for sector @ 0x0002A200 if necessary
T2830 21062:336.025    -- Filling invalid ranges in sector buffer (flash cache) for sector @ 0x0002A300 if necessary
T2830 21062:336.029    -- Filling invalid ranges in sector buffer (flash cache) for sector @ 0x0002A400 if necessary
T2830 21062:336.033    -- Filling invalid ranges in sector buffer (flash cache) for sector @ 0x0002A500 if necessary
T2830 21062:336.038    -- Filling invalid ranges in sector buffer (flash cache) for sector @ 0x0002A600 if necessary
T2830 21062:336.042    -- Filling invalid ranges in sector buffer (flash cache) for sector @ 0x0002A700 if necessary
T2830 21062:336.046    -- Filling invalid ranges in sector buffer (flash cache) for sector @ 0x0002A800 if necessary
T2830 21062:336.050    -- Filling invalid ranges in sector buffer (flash cache) for sector @ 0x0002A900 if necessary
T2830 21062:336.054    -- Filling invalid ranges in sector buffer (flash cache) for sector @ 0x0002AA00 if necessary
T2830 21062:336.058    -- Filling invalid ranges in sector buffer (flash cache) for sector @ 0x0002AB00 if necessary
T2830 21062:336.062    -- Filling invalid ranges in sector buffer (flash cache) for sector @ 0x0002AC00 if necessary
T2830 21062:336.066    -- Filling invalid ranges in sector buffer (flash cache) for sector @ 0x0002AD00 if necessary
T2830 21062:336.071    -- Filling invalid ranges in sector buffer (flash cache) for sector @ 0x0002AE00 if necessary
T2830 21062:336.075    -- Filling invalid ranges in sector buffer (flash cache) for sector @ 0x0002AF00 if necessary
T2830 21062:336.079    -- Filling invalid ranges in sector buffer (flash cache) for sector @ 0x0002B000 if necessary
T2830 21062:336.083    -- Filling invalid ranges in sector buffer (flash cache) for sector @ 0x0002B100 if necessary
T2830 21062:336.087    -- Filling invalid ranges in sector buffer (flash cache) for sector @ 0x0002B200 if necessary
T2830 21062:336.091    -- Filling invalid ranges in sector buffer (flash cache) for sector @ 0x0002B300 if necessary
T2830 21062:336.095    -- Filling invalid ranges in sector buffer (flash cache) for sector @ 0x0002B400 if necessary
T2830 21062:336.100    -- Filling invalid ranges in sector buffer (flash cache) for sector @ 0x0002B500 if necessary
T2830 21062:336.104    -- Filling invalid ranges in sector buffer (flash cache) for sector @ 0x0002B600 if necessary
T2830 21062:336.108    -- Filling invalid ranges in sector buffer (flash cache) for sector @ 0x0002B700 if necessary
T2830 21062:336.112    -- Filling invalid ranges in sector buffer (flash cache) for sector @ 0x0002B800 if necessary
T2830 21062:336.116    -- Filling invalid ranges in sector buffer (flash cache) for sector @ 0x0002B900 if necessary
T2830 21062:336.123    -- Filling invalid ranges in sector buffer (flash cache) for sector @ 0x0002BA00 if necessary
T2830 21062:336.127    -- Filling invalid ranges in sector buffer (flash cache) for sector @ 0x0002BB00 if necessary
T2830 21062:336.131    -- Filling invalid ranges in sector buffer (flash cache) for sector @ 0x0002BC00 if necessary
T2830 21062:336.135    -- Filling invalid ranges in sector buffer (flash cache) for sector @ 0x0002BD00 if necessary
T2830 21062:336.140    -- Filling invalid ranges in sector buffer (flash cache) for sector @ 0x0002BE00 if necessary
T2830 21062:336.144    -- Filling invalid ranges in sector buffer (flash cache) for sector @ 0x0002BF00 if necessary
T2830 21062:336.148    -- Filling invalid ranges in sector buffer (flash cache) for sector @ 0x0002C000 if necessary
T2830 21062:336.162    -- End of determining dirty areas
T2830 21062:336.167    -- Start of preparing flash programming
T2830 21062:336.171    -- Calculating RAM usage
T2830 21062:336.180    -- RAM usage = 5956 Bytes
T2830 21062:336.184    -- Preserving CPU registers
T2830 21062:336.196    -- Preparing target
T2830 21062:336.201    -- Preserving target RAM temporarily used for programming
T2830 21062:367.917    -- Downloading RAMCode
T2830 21062:385.349    -- Preparing RAMCode
T2830 21062:392.623    -- End of preparing flash programming
T2830 21062:397.202    -- CPU speed could not be measured.
T2830 21062:397.213    -- Start of comparing flash
T2830 21062:397.223    -- CRC check was estimated as fastest method
T2830 21062:425.567    -- Comparing range 0x12000 - 0x21FFF (256 Sectors, 64 KB), using multi-block CRC calculation
T2830 21062:482.533    -- All CRCs match
T2830 21062:489.554    -- Comparing range 0x22000 - 0x2C0FF (161 Sectors, 40 KB), using multi-block CRC calculation
T2830 21062:523.872    -- CRC does not match for sector 12
T2830 21062:524.076    -- Comparing range 0x12000 - 0x21FFF (256 Sectors, 64 KB), using alternative multi-block CRC calculation
T2830 21062:575.144    -- All CRCs match
T2830 21062:575.379    -- Comparing range 0x22000 - 0x22BFF (12 Sectors, 3 KB), using alternative multi-block CRC calculation
T2830 21062:582.072    -- All CRCs match
T2830 21062:590.613    -- Comparing range 0x22D00 - 0x2C0FF (148 Sectors, 37 KB), using alternative multi-block CRC calculation
T2830 21062:621.632    -- All CRCs match
T2830 21062:621.647    -- End of comparing flash
T2830 21062:621.652    -- Start of erasing sectors
T2830 21062:621.657    -- Erasing range 0x00022C00 - 0x00022CFF (  1 Sector, 256 Bytes)
T2830 21062:641.445    -- End of erasing sectors
T2830 21062:641.458    -- Start of flash programming
T2830 21062:641.464    -- Programming range 0x00022C00 - 0x00022CFF (  1 Sector, 256 Bytes)
T2830 21062:644.875    -- End of flash programming
T2830 21062:644.887    -- 0x22C00 - 0x22CFF (  1 Sector, 256 Bytes)
T2830 21062:644.892    -- Start of restoring
T2830 21062:644.896    -- Restoring RAMCode
T2830 21062:656.431    -- Restoring target memory
T2830 21062:686.191    -- Restore target
T2830 21062:686.205    -- Restoring CPU registers
T2830 21062:686.217    -- End of restoring
T2830 21062:686.256    -- Bank 0 @ 0x00000000: 1 range affected (256 bytes)
T2830 21062:686.270    -- Total: 0.350s (Prepare: 0.061s, Compare: 0.224s, Erase: 0.019s, Program & Verify: 0.009s, Restore: 0.034s)
T2830 21062:686.278    -- Program & Verify speed: 27 KB/s
T2830 21062:690.912 - 358.529ms returns 256 (0x100)
T2830 21062:690.957 JLINK_ResetPullsRESET(ON)
T2830 21062:690.960 - 0.003ms
T2830 21062:690.964 JLINK_ResetNoHalt()
T2830 21062:691.377   InitTarget() start
T2830 21062:691.385    J-Link Script File: Executing InitTarget()
T2830 21062:691.394   InitTarget()
T2830 21062:696.446   InitTarget() end - Took 5.04ms
T2830 21062:697.718   Found SW-DP with ID 0x0BC11477
T2830 21062:701.829   DPIDR: 0x0BC11477
T2830 21062:701.853   CoreSight SoC-400 or earlier
T2830 21062:701.876   AP map detection skipped. Manually configured AP map found.
T2830 21062:701.889   AP[0]: AHB-AP (IDR: Not set)
T2830 21062:703.812   AP[0]: Core found
T2830 21062:703.842   AP[0]: AHB-AP ROM base: 0x41003000
T2830 21062:704.772   CPUID register: 0x410CC601. Implementer code: 0x41 (ARM)
T2830 21062:704.789   Found Cortex-M0 r0p1, Little endian.
T2830 21062:705.331   -- Max. mem block: 0x00002860
T2830 21062:705.342   CPU_ReadMem(4 bytes @ 0xE000EDF0)
T2830 21062:705.940   CPU_ReadMem(4 bytes @ 0xE0002000)
T2830 21062:706.797   FPUnit: 4 code (BP) slots and 0 literal slots
T2830 21062:706.806   CPU_ReadMem(4 bytes @ 0xE000EDFC)
T2830 21062:707.681   CPU_ReadMem(4 bytes @ 0xE0001000)
T2830 21062:708.184   CoreSight components:
T2830 21062:708.193   ROMTbl[0] @ 41003000
T2830 21062:708.197   CPU_ReadMem(64 bytes @ 0x41003000)
T2830 21062:709.458   CPU_ReadMem(32 bytes @ 0xE00FFFE0)
T2830 21062:710.164   [0][0]: E00FF000 CID B105100D PID 000BB4C0 ROM Table
T2830 21062:710.174   ROMTbl[1] @ E00FF000
T2830 21062:710.179   CPU_ReadMem(64 bytes @ 0xE00FF000)
T2830 21062:711.286   CPU_ReadMem(32 bytes @ 0xE000EFE0)
T2830 21062:712.336   [1][0]: E000E000 CID B105E00D PID 000BB008 SCS
T2830 21062:712.346   CPU_ReadMem(32 bytes @ 0xE0001FE0)
T2830 21062:713.325   [1][1]: E0001000 CID B105E00D PID 000BB00A DWT
T2830 21062:713.331   CPU_ReadMem(32 bytes @ 0xE0002FE0)
T2830 21062:714.225   [1][2]: E0002000 CID B105E00D PID 000BB00B FPB
T2830 21062:714.230   CPU_ReadMem(32 bytes @ 0x41006FE0)
T2830 21062:715.110   [0][1]: 41006000 CID B105900D PID 001BB932 MTB-M0+
T2830 21062:715.120   JLINK_Reset()
T2830 21062:715.125     CPU_ReadMem(4 bytes @ 0x20000000)
T2830 21062:715.731     CPU_WriteMem(4 bytes @ 0x20000000)
T2830 21062:716.301     ResetTarget() start
T2830 21062:716.305      J-Link Script File: Executing ResetTarget()
T2830 21062:717.938     CPU_ReadMem(4 bytes @ 0xE000EDFC)
T2830 21062:718.875     CPU_WriteMem(4 bytes @ 0xE000EDFC)
T2830 21062:719.710     CPU_WriteMem(4 bytes @ 0xE000ED0C)
T2830 21062:721.834     CPU_ReadMem(4 bytes @ 0xE000EDF0)
T2830 21062:722.806     CPU_ReadMem(4 bytes @ 0x41002100)
T2830 21062:723.591     CPU_WriteMem(4 bytes @ 0xE000EDFC)
T2830 21062:725.134     ResetTarget() end - Took 8.78ms
T2830 21062:729.939     CPU_WriteMem(4 bytes @ 0xE0002000)
T2830 21062:730.685     CPU_ReadMem(4 bytes @ 0xE000EDFC)
T2830 21062:731.501     CPU_ReadMem(4 bytes @ 0xE0001000)
T2830 21062:732.454     CPU_WriteMem(4 bytes @ 0xE0001000)
T2830 21062:733.319   - 18.198ms
T2830 21062:733.326   JLINK_Go()
T2830 21062:733.335     CPU_ReadMem(4 bytes @ 0xE0001000)
T2830 21062:734.276     CPU_WriteMem(4 bytes @ 0xE0001000)
T2830 21062:735.152     CPU_WriteMem(4 bytes @ 0xE0001004)
T2830 21062:737.113     Memory map 'after startup completion point' is active
T2830 21062:737.122   - 3.794ms
T2830 21062:737.125 - 46.161ms
T2830 21062:745.897 JLINK_Close()
T2830 21062:768.582 - 22.684ms
T2830 21062:768.595   
T2830 21062:768.598   Closed
