T2B00 278:831.045   SEGGER J-Link V7.92q Log File
T2B00 278:831.087   DLL Compiled: Nov 23 2023 18:03:53
T2B00 278:831.099   Logging started @ 2023-12-15 00:37
T2B00 278:831.109   Process: C:\Program Files (x86)\Atmel\Studio\7.0\atbackend\atbackend.exe
T2B00 278:831.127 - 191317.765ms
T2B00 278:833.772 JLINK_ExecCommand("Device = ATSAMD21G18A", ...). 
T2B00 278:833.965   Device "ATSAMD21G18A" selected.
T2B00 278:834.216 - 0.421ms returns 0x00
T2B00 278:853.487 JLINK_TIF_Select(JLINKARM_TIF_SWD)
T2B00 278:855.590 - 2.101ms returns 0x00
T2B00 278:855.635 JLINK_SetSpeed(4000)
T2B00 278:856.091 - 0.456ms
T2B00 278:856.104 JLINK_ResetPullsRESET(OFF)
T2B00 278:856.112 - 0.008ms
T2B00 278:856.121 JLINK_Connect()
T2B00 278:856.672   InitTarget() start
T2B00 278:856.750    J-Link Script File: Executing InitTarget()
T2B00 278:856.764   InitTarget()
T2B00 278:861.267   InitTarget() end - Took 4.50ms
T2B00 278:862.967   Found SW-DP with ID 0x0BC11477
T2B00 278:867.595   DPIDR: 0x0BC11477
T2B00 278:867.646   CoreSight SoC-400 or earlier
T2B00 278:867.662   Scanning AP map to find all available APs
T2B00 278:868.789   AP[1]: Stopped AP scan as end of AP map has been reached
T2B00 278:868.800   AP[0]: AHB-AP (IDR: 0x04770031)
T2B00 278:868.807   Iterating through AP map to find AHB-AP to use
T2B00 278:870.905   AP[0]: Core found
T2B00 278:870.914   AP[0]: AHB-AP ROM base: 0x41003000
T2B00 278:871.720   CPUID register: 0x410CC601. Implementer code: 0x41 (ARM)
T2B00 278:871.729   Found Cortex-M0 r0p1, Little endian.
T2B00 278:872.814   -- Max. mem block: 0x00002BA8
T2B00 278:874.220   CPU_ReadMem(4 bytes @ 0xE000EDF0)
T2B00 278:874.797   CPU_WriteMem(4 bytes @ 0xE000EDF0)
T2B00 278:875.399   CPU_ReadMem(4 bytes @ 0xE0002000)
T2B00 278:876.240   FPUnit: 4 code (BP) slots and 0 literal slots
T2B00 278:876.246   CPU_ReadMem(4 bytes @ 0xE000EDFC)
T2B00 278:877.117   CPU_WriteMem(4 bytes @ 0xE000EDFC)
T2B00 278:877.640   CPU_ReadMem(4 bytes @ 0xE0001000)
T2B00 278:878.138   CPU_WriteMem(4 bytes @ 0xE0001000)
T2B00 278:878.767   CoreSight components:
T2B00 278:878.779   ROMTbl[0] @ 41003000
T2B00 278:878.785   CPU_ReadMem(64 bytes @ 0x41003000)
T2B00 278:879.937   CPU_ReadMem(32 bytes @ 0xE00FFFE0)
T2B00 278:880.993   [0][0]: E00FF000 CID B105100D PID 000BB4C0 ROM Table
T2B00 278:881.003   ROMTbl[1] @ E00FF000
T2B00 278:881.008   CPU_ReadMem(64 bytes @ 0xE00FF000)
T2B00 278:882.118   CPU_ReadMem(32 bytes @ 0xE000EFE0)
T2B00 278:883.314   [1][0]: E000E000 CID B105E00D PID 000BB008 SCS
T2B00 278:883.335   CPU_ReadMem(32 bytes @ 0xE0001FE0)
T2B00 278:884.493   [1][1]: E0001000 CID B105E00D PID 000BB00A DWT
T2B00 278:884.501   CPU_ReadMem(32 bytes @ 0xE0002FE0)
T2B00 278:885.427   [1][2]: E0002000 CID B105E00D PID 000BB00B FPB
T2B00 278:885.434   CPU_ReadMem(32 bytes @ 0x41006FE0)
T2B00 278:886.278   [0][1]: 41006000 CID B105900D PID 001BB932 MTB-M0+
T2B00 278:886.312 - 30.190ms returns 0x00
T2B00 278:886.343 JLINK_ExecCommand("ExcludeFlashCacheRange 0x0 - 0x40000", ...). 
T2B00 278:886.348 - 0.000ms returns 0x00
T2B00 278:886.357 JLINK_Halt()
T2B00 278:892.015 - 5.658ms returns 0x00
T2B00 278:892.871 JLINK_JTAG_GetDeviceID(DeviceIndex = 0)
T2B00 278:892.880 - 0.009ms returns 0
T2B00 278:892.886 JLINK_ReadMemU32(0x41002018, 0x1 Items)
T2B00 278:892.899   CPU_ReadMem(4 bytes @ 0x41002018)
T2B00 278:893.522   Data:  05 03 01 10
T2B00 278:893.529 - 0.643ms returns 1 (0x1)
T384C 278:901.956 JLINK_IsHalted()
T384C 278:902.635 - 0.677ms returns TRUE
T384C 278:902.671 JLINK_GetMOEs(...)
T384C 278:902.679   CPU_ReadMem(4 bytes @ 0xE000ED30)
T384C 278:903.586 - 0.910ms returns 0x01
T384C 278:903.598 JLINK_ReadReg(R15 (PC))
T384C 278:903.604 - 0.006ms returns 0x0001D4EE
T2B00 278:910.250 JLINK_BeginDownload(Flags = 0x00000000)
T2B00 278:910.258 - 0.008ms
T2B00 278:910.267 JLINK_WriteMem(0x00000000, 0xBF84 Bytes, ...)
T2B00 278:910.270   Data:  30 2D 00 20 BD 68 00 00 B5 69 00 00 B5 69 00 00 ...
T2B00 278:910.456   completely In flash
T2B00 278:910.466 - 0.198ms returns 0xBF84
T2B00 278:910.581 JLINK_WriteMem(0x0000BF84, 0xBC Bytes, ...)
T2B00 278:910.617   Data:  40 1F 00 00 08 00 00 00 07 01 00 00 30 3A 73 64 ...
T2B00 278:910.625   completely In flash
T2B00 278:910.629 - 0.048ms returns 0xBC
T384C 279:103.750 JLINK_IsHalted()
T384C 279:104.051 - 0.301ms returns TRUE
T2B00 279:105.541 JLINK_EndDownload()
T2B00 279:106.108   CPU_ReadMem(4 bytes @ 0x41006004)
T2B00 279:106.743   CPU_ReadMem(4 bytes @ 0xE000ED90)
T2B00 279:107.732    -- --------------------------------------
T2B00 279:107.762    -- Flash bank @ 0x00000000: Default: L2 verify disabled because algorithm performs L1 verify
T2B00 279:107.769    -- Start of determining dirty areas in flash cache
T2B00 279:107.775    -- Filling invalid ranges in sector buffer (flash cache) for sector @ 0x00000000 if necessary
T2B00 279:107.782    -- Filling invalid ranges in sector buffer (flash cache) for sector @ 0x00000100 if necessary
T2B00 279:107.788    -- Filling invalid ranges in sector buffer (flash cache) for sector @ 0x00000200 if necessary
T2B00 279:107.793    -- Filling invalid ranges in sector buffer (flash cache) for sector @ 0x00000300 if necessary
T2B00 279:107.799    -- Filling invalid ranges in sector buffer (flash cache) for sector @ 0x00000400 if necessary
T2B00 279:107.805    -- Filling invalid ranges in sector buffer (flash cache) for sector @ 0x00000500 if necessary
T2B00 279:107.811    -- Filling invalid ranges in sector buffer (flash cache) for sector @ 0x00000600 if necessary
T2B00 279:107.817    -- Filling invalid ranges in sector buffer (flash cache) for sector @ 0x00000700 if necessary
T2B00 279:107.823    -- Filling invalid ranges in sector buffer (flash cache) for sector @ 0x00000800 if necessary
T2B00 279:107.829    -- Filling invalid ranges in sector buffer (flash cache) for sector @ 0x00000900 if necessary
T2B00 279:107.833    -- Filling invalid ranges in sector buffer (flash cache) for sector @ 0x00000A00 if necessary
T2B00 279:107.838    -- Filling invalid ranges in sector buffer (flash cache) for sector @ 0x00000B00 if necessary
T2B00 279:107.842    -- Filling invalid ranges in sector buffer (flash cache) for sector @ 0x00000C00 if necessary
T2B00 279:107.846    -- Filling invalid ranges in sector buffer (flash cache) for sector @ 0x00000D00 if necessary
T2B00 279:107.851    -- Filling invalid ranges in sector buffer (flash cache) for sector @ 0x00000E00 if necessary
T2B00 279:107.855    -- Filling invalid ranges in sector buffer (flash cache) for sector @ 0x00000F00 if necessary
T2B00 279:107.859    -- Filling invalid ranges in sector buffer (flash cache) for sector @ 0x00001000 if necessary
T2B00 279:107.863    -- Filling invalid ranges in sector buffer (flash cache) for sector @ 0x00001100 if necessary
T2B00 279:107.867    -- Filling invalid ranges in sector buffer (flash cache) for sector @ 0x00001200 if necessary
T2B00 279:107.872    -- Filling invalid ranges in sector buffer (flash cache) for sector @ 0x00001300 if necessary
T2B00 279:107.876    -- Filling invalid ranges in sector buffer (flash cache) for sector @ 0x00001400 if necessary
T2B00 279:107.880    -- Filling invalid ranges in sector buffer (flash cache) for sector @ 0x00001500 if necessary
T2B00 279:107.884    -- Filling invalid ranges in sector buffer (flash cache) for sector @ 0x00001600 if necessary
T2B00 279:107.889    -- Filling invalid ranges in sector buffer (flash cache) for sector @ 0x00001700 if necessary
T2B00 279:107.893    -- Filling invalid ranges in sector buffer (flash cache) for sector @ 0x00001800 if necessary
T2B00 279:107.897    -- Filling invalid ranges in sector buffer (flash cache) for sector @ 0x00001900 if necessary
T2B00 279:107.902    -- Filling invalid ranges in sector buffer (flash cache) for sector @ 0x00001A00 if necessary
T2B00 279:107.906    -- Filling invalid ranges in sector buffer (flash cache) for sector @ 0x00001B00 if necessary
T2B00 279:107.910    -- Filling invalid ranges in sector buffer (flash cache) for sector @ 0x00001C00 if necessary
T2B00 279:107.914    -- Filling invalid ranges in sector buffer (flash cache) for sector @ 0x00001D00 if necessary
T2B00 279:107.957    -- Filling invalid ranges in sector buffer (flash cache) for sector @ 0x00001E00 if necessary
T2B00 279:107.963    -- Filling invalid ranges in sector buffer (flash cache) for sector @ 0x00001F00 if necessary
T2B00 279:107.968    -- Filling invalid ranges in sector buffer (flash cache) for sector @ 0x00002000 if necessary
T2B00 279:107.974    -- Filling invalid ranges in sector buffer (flash cache) for sector @ 0x00002100 if necessary
T2B00 279:107.980    -- Filling invalid ranges in sector buffer (flash cache) for sector @ 0x00002200 if necessary
T2B00 279:107.986    -- Filling invalid ranges in sector buffer (flash cache) for sector @ 0x00002300 if necessary
T2B00 279:107.991    -- Filling invalid ranges in sector buffer (flash cache) for sector @ 0x00002400 if necessary
T2B00 279:107.997    -- Filling invalid ranges in sector buffer (flash cache) for sector @ 0x00002500 if necessary
T2B00 279:108.002    -- Filling invalid ranges in sector buffer (flash cache) for sector @ 0x00002600 if necessary
T2B00 279:108.008    -- Filling invalid ranges in sector buffer (flash cache) for sector @ 0x00002700 if necessary
T2B00 279:108.014    -- Filling invalid ranges in sector buffer (flash cache) for sector @ 0x00002800 if necessary
T2B00 279:108.020    -- Filling invalid ranges in sector buffer (flash cache) for sector @ 0x00002900 if necessary
T2B00 279:108.026    -- Filling invalid ranges in sector buffer (flash cache) for sector @ 0x00002A00 if necessary
T2B00 279:108.032    -- Filling invalid ranges in sector buffer (flash cache) for sector @ 0x00002B00 if necessary
T2B00 279:108.038    -- Filling invalid ranges in sector buffer (flash cache) for sector @ 0x00002C00 if necessary
T2B00 279:108.044    -- Filling invalid ranges in sector buffer (flash cache) for sector @ 0x00002D00 if necessary
T2B00 279:108.050    -- Filling invalid ranges in sector buffer (flash cache) for sector @ 0x00002E00 if necessary
T2B00 279:108.056    -- Filling invalid ranges in sector buffer (flash cache) for sector @ 0x00002F00 if necessary
T2B00 279:108.062    -- Filling invalid ranges in sector buffer (flash cache) for sector @ 0x00003000 if necessary
T2B00 279:108.068    -- Filling invalid ranges in sector buffer (flash cache) for sector @ 0x00003100 if necessary
T2B00 279:108.074    -- Filling invalid ranges in sector buffer (flash cache) for sector @ 0x00003200 if necessary
T2B00 279:108.080    -- Filling invalid ranges in sector buffer (flash cache) for sector @ 0x00003300 if necessary
T2B00 279:108.087    -- Filling invalid ranges in sector buffer (flash cache) for sector @ 0x00003400 if necessary
T2B00 279:108.093    -- Filling invalid ranges in sector buffer (flash cache) for sector @ 0x00003500 if necessary
T2B00 279:108.099    -- Filling invalid ranges in sector buffer (flash cache) for sector @ 0x00003600 if necessary
T2B00 279:108.105    -- Filling invalid ranges in sector buffer (flash cache) for sector @ 0x00003700 if necessary
T2B00 279:108.111    -- Filling invalid ranges in sector buffer (flash cache) for sector @ 0x00003800 if necessary
T2B00 279:108.117    -- Filling invalid ranges in sector buffer (flash cache) for sector @ 0x00003900 if necessary
T2B00 279:108.123    -- Filling invalid ranges in sector buffer (flash cache) for sector @ 0x00003A00 if necessary
T2B00 279:108.130    -- Filling invalid ranges in sector buffer (flash cache) for sector @ 0x00003B00 if necessary
T2B00 279:108.137    -- Filling invalid ranges in sector buffer (flash cache) for sector @ 0x00003C00 if necessary
T2B00 279:108.144    -- Filling invalid ranges in sector buffer (flash cache) for sector @ 0x00003D00 if necessary
T2B00 279:108.157    -- Filling invalid ranges in sector buffer (flash cache) for sector @ 0x00003E00 if necessary
T2B00 279:108.163    -- Filling invalid ranges in sector buffer (flash cache) for sector @ 0x00003F00 if necessary
T2B00 279:108.169    -- Filling invalid ranges in sector buffer (flash cache) for sector @ 0x00004000 if necessary
T2B00 279:108.177    -- Filling invalid ranges in sector buffer (flash cache) for sector @ 0x00004100 if necessary
T2B00 279:108.183    -- Filling invalid ranges in sector buffer (flash cache) for sector @ 0x00004200 if necessary
T2B00 279:108.189    -- Filling invalid ranges in sector buffer (flash cache) for sector @ 0x00004300 if necessary
T2B00 279:108.196    -- Filling invalid ranges in sector buffer (flash cache) for sector @ 0x00004400 if necessary
T2B00 279:108.202    -- Filling invalid ranges in sector buffer (flash cache) for sector @ 0x00004500 if necessary
T2B00 279:108.208    -- Filling invalid ranges in sector buffer (flash cache) for sector @ 0x00004600 if necessary
T2B00 279:108.214    -- Filling invalid ranges in sector buffer (flash cache) for sector @ 0x00004700 if necessary
T2B00 279:108.221    -- Filling invalid ranges in sector buffer (flash cache) for sector @ 0x00004800 if necessary
T2B00 279:108.227    -- Filling invalid ranges in sector buffer (flash cache) for sector @ 0x00004900 if necessary
T2B00 279:108.236    -- Filling invalid ranges in sector buffer (flash cache) for sector @ 0x00004A00 if necessary
T2B00 279:108.241    -- Filling invalid ranges in sector buffer (flash cache) for sector @ 0x00004B00 if necessary
T2B00 279:108.248    -- Filling invalid ranges in sector buffer (flash cache) for sector @ 0x00004C00 if necessary
T2B00 279:108.254    -- Filling invalid ranges in sector buffer (flash cache) for sector @ 0x00004D00 if necessary
T2B00 279:108.260    -- Filling invalid ranges in sector buffer (flash cache) for sector @ 0x00004E00 if necessary
T2B00 279:108.266    -- Filling invalid ranges in sector buffer (flash cache) for sector @ 0x00004F00 if necessary
T2B00 279:108.272    -- Filling invalid ranges in sector buffer (flash cache) for sector @ 0x00005000 if necessary
T2B00 279:108.278    -- Filling invalid ranges in sector buffer (flash cache) for sector @ 0x00005100 if necessary
T2B00 279:108.284    -- Filling invalid ranges in sector buffer (flash cache) for sector @ 0x00005200 if necessary
T2B00 279:108.290    -- Filling invalid ranges in sector buffer (flash cache) for sector @ 0x00005300 if necessary
T2B00 279:108.296    -- Filling invalid ranges in sector buffer (flash cache) for sector @ 0x00005400 if necessary
T2B00 279:108.302    -- Filling invalid ranges in sector buffer (flash cache) for sector @ 0x00005500 if necessary
T2B00 279:108.308    -- Filling invalid ranges in sector buffer (flash cache) for sector @ 0x00005600 if necessary
T2B00 279:108.314    -- Filling invalid ranges in sector buffer (flash cache) for sector @ 0x00005700 if necessary
T2B00 279:108.320    -- Filling invalid ranges in sector buffer (flash cache) for sector @ 0x00005800 if necessary
T2B00 279:108.326    -- Filling invalid ranges in sector buffer (flash cache) for sector @ 0x00005900 if necessary
T2B00 279:108.332    -- Filling invalid ranges in sector buffer (flash cache) for sector @ 0x00005A00 if necessary
T2B00 279:108.338    -- Filling invalid ranges in sector buffer (flash cache) for sector @ 0x00005B00 if necessary
T2B00 279:108.344    -- Filling invalid ranges in sector buffer (flash cache) for sector @ 0x00005C00 if necessary
T2B00 279:108.350    -- Filling invalid ranges in sector buffer (flash cache) for sector @ 0x00005D00 if necessary
T2B00 279:108.356    -- Filling invalid ranges in sector buffer (flash cache) for sector @ 0x00005E00 if necessary
T2B00 279:108.362    -- Filling invalid ranges in sector buffer (flash cache) for sector @ 0x00005F00 if necessary
T2B00 279:108.368    -- Filling invalid ranges in sector buffer (flash cache) for sector @ 0x00006000 if necessary
T2B00 279:108.374    -- Filling invalid ranges in sector buffer (flash cache) for sector @ 0x00006100 if necessary
T2B00 279:108.380    -- Filling invalid ranges in sector buffer (flash cache) for sector @ 0x00006200 if necessary
T2B00 279:108.386    -- Filling invalid ranges in sector buffer (flash cache) for sector @ 0x00006300 if necessary
T2B00 279:108.414    -- Filling invalid ranges in sector buffer (flash cache) for sector @ 0x00006400 if necessary
T2B00 279:108.420    -- Filling invalid ranges in sector buffer (flash cache) for sector @ 0x00006500 if necessary
T2B00 279:108.426    -- Filling invalid ranges in sector buffer (flash cache) for sector @ 0x00006600 if necessary
T2B00 279:108.432    -- Filling invalid ranges in sector buffer (flash cache) for sector @ 0x00006700 if necessary
T2B00 279:108.438    -- Filling invalid ranges in sector buffer (flash cache) for sector @ 0x00006800 if necessary
T2B00 279:108.444    -- Filling invalid ranges in sector buffer (flash cache) for sector @ 0x00006900 if necessary
T2B00 279:108.450    -- Filling invalid ranges in sector buffer (flash cache) for sector @ 0x00006A00 if necessary
T2B00 279:108.456    -- Filling invalid ranges in sector buffer (flash cache) for sector @ 0x00006B00 if necessary
T2B00 279:108.462    -- Filling invalid ranges in sector buffer (flash cache) for sector @ 0x00006C00 if necessary
T2B00 279:108.468    -- Filling invalid ranges in sector buffer (flash cache) for sector @ 0x00006D00 if necessary
T2B00 279:108.474    -- Filling invalid ranges in sector buffer (flash cache) for sector @ 0x00006E00 if necessary
T2B00 279:108.480    -- Filling invalid ranges in sector buffer (flash cache) for sector @ 0x00006F00 if necessary
T2B00 279:108.486    -- Filling invalid ranges in sector buffer (flash cache) for sector @ 0x00007000 if necessary
T2B00 279:108.492    -- Filling invalid ranges in sector buffer (flash cache) for sector @ 0x00007100 if necessary
T2B00 279:108.498    -- Filling invalid ranges in sector buffer (flash cache) for sector @ 0x00007200 if necessary
T2B00 279:108.504    -- Filling invalid ranges in sector buffer (flash cache) for sector @ 0x00007300 if necessary
T2B00 279:108.510    -- Filling invalid ranges in sector buffer (flash cache) for sector @ 0x00007400 if necessary
T2B00 279:108.516    -- Filling invalid ranges in sector buffer (flash cache) for sector @ 0x00007500 if necessary
T2B00 279:108.522    -- Filling invalid ranges in sector buffer (flash cache) for sector @ 0x00007600 if necessary
T2B00 279:108.528    -- Filling invalid ranges in sector buffer (flash cache) for sector @ 0x00007700 if necessary
T2B00 279:108.534    -- Filling invalid ranges in sector buffer (flash cache) for sector @ 0x00007800 if necessary
T2B00 279:108.540    -- Filling invalid ranges in sector buffer (flash cache) for sector @ 0x00007900 if necessary
T2B00 279:108.545    -- Filling invalid ranges in sector buffer (flash cache) for sector @ 0x00007A00 if necessary
T2B00 279:108.551    -- Filling invalid ranges in sector buffer (flash cache) for sector @ 0x00007B00 if necessary
T2B00 279:108.557    -- Filling invalid ranges in sector buffer (flash cache) for sector @ 0x00007C00 if necessary
T2B00 279:108.563    -- Filling invalid ranges in sector buffer (flash cache) for sector @ 0x00007D00 if necessary
T2B00 279:108.569    -- Filling invalid ranges in sector buffer (flash cache) for sector @ 0x00007E00 if necessary
T2B00 279:108.575    -- Filling invalid ranges in sector buffer (flash cache) for sector @ 0x00007F00 if necessary
T2B00 279:108.581    -- Filling invalid ranges in sector buffer (flash cache) for sector @ 0x00008000 if necessary
T2B00 279:108.587    -- Filling invalid ranges in sector buffer (flash cache) for sector @ 0x00008100 if necessary
T2B00 279:108.593    -- Filling invalid ranges in sector buffer (flash cache) for sector @ 0x00008200 if necessary
T2B00 279:108.598    -- Filling invalid ranges in sector buffer (flash cache) for sector @ 0x00008300 if necessary
T2B00 279:108.605    -- Filling invalid ranges in sector buffer (flash cache) for sector @ 0x00008400 if necessary
T2B00 279:108.611    -- Filling invalid ranges in sector buffer (flash cache) for sector @ 0x00008500 if necessary
T2B00 279:108.617    -- Filling invalid ranges in sector buffer (flash cache) for sector @ 0x00008600 if necessary
T2B00 279:108.622    -- Filling invalid ranges in sector buffer (flash cache) for sector @ 0x00008700 if necessary
T2B00 279:108.630    -- Filling invalid ranges in sector buffer (flash cache) for sector @ 0x00008800 if necessary
T2B00 279:108.636    -- Filling invalid ranges in sector buffer (flash cache) for sector @ 0x00008900 if necessary
T2B00 279:108.641    -- Filling invalid ranges in sector buffer (flash cache) for sector @ 0x00008A00 if necessary
T2B00 279:108.647    -- Filling invalid ranges in sector buffer (flash cache) for sector @ 0x00008B00 if necessary
T2B00 279:108.653    -- Filling invalid ranges in sector buffer (flash cache) for sector @ 0x00008C00 if necessary
T2B00 279:108.659    -- Filling invalid ranges in sector buffer (flash cache) for sector @ 0x00008D00 if necessary
T2B00 279:108.665    -- Filling invalid ranges in sector buffer (flash cache) for sector @ 0x00008E00 if necessary
T2B00 279:108.671    -- Filling invalid ranges in sector buffer (flash cache) for sector @ 0x00008F00 if necessary
T2B00 279:108.683    -- Filling invalid ranges in sector buffer (flash cache) for sector @ 0x00009000 if necessary
T2B00 279:108.689    -- Filling invalid ranges in sector buffer (flash cache) for sector @ 0x00009100 if necessary
T2B00 279:108.695    -- Filling invalid ranges in sector buffer (flash cache) for sector @ 0x00009200 if necessary
T2B00 279:108.701    -- Filling invalid ranges in sector buffer (flash cache) for sector @ 0x00009300 if necessary
T2B00 279:108.707    -- Filling invalid ranges in sector buffer (flash cache) for sector @ 0x00009400 if necessary
T2B00 279:108.713    -- Filling invalid ranges in sector buffer (flash cache) for sector @ 0x00009500 if necessary
T2B00 279:108.719    -- Filling invalid ranges in sector buffer (flash cache) for sector @ 0x00009600 if necessary
T2B00 279:108.725    -- Filling invalid ranges in sector buffer (flash cache) for sector @ 0x00009700 if necessary
T2B00 279:108.731    -- Filling invalid ranges in sector buffer (flash cache) for sector @ 0x00009800 if necessary
T2B00 279:108.737    -- Filling invalid ranges in sector buffer (flash cache) for sector @ 0x00009900 if necessary
T2B00 279:108.743    -- Filling invalid ranges in sector buffer (flash cache) for sector @ 0x00009A00 if necessary
T2B00 279:108.748    -- Filling invalid ranges in sector buffer (flash cache) for sector @ 0x00009B00 if necessary
T2B00 279:108.754    -- Filling invalid ranges in sector buffer (flash cache) for sector @ 0x00009C00 if necessary
T2B00 279:108.760    -- Filling invalid ranges in sector buffer (flash cache) for sector @ 0x00009D00 if necessary
T2B00 279:108.766    -- Filling invalid ranges in sector buffer (flash cache) for sector @ 0x00009E00 if necessary
T2B00 279:108.772    -- Filling invalid ranges in sector buffer (flash cache) for sector @ 0x00009F00 if necessary
T2B00 279:108.778    -- Filling invalid ranges in sector buffer (flash cache) for sector @ 0x0000A000 if necessary
T2B00 279:108.783    -- Filling invalid ranges in sector buffer (flash cache) for sector @ 0x0000A100 if necessary
T2B00 279:108.789    -- Filling invalid ranges in sector buffer (flash cache) for sector @ 0x0000A200 if necessary
T2B00 279:108.795    -- Filling invalid ranges in sector buffer (flash cache) for sector @ 0x0000A300 if necessary
T2B00 279:108.801    -- Filling invalid ranges in sector buffer (flash cache) for sector @ 0x0000A400 if necessary
T2B00 279:108.806    -- Filling invalid ranges in sector buffer (flash cache) for sector @ 0x0000A500 if necessary
T2B00 279:108.812    -- Filling invalid ranges in sector buffer (flash cache) for sector @ 0x0000A600 if necessary
T2B00 279:108.818    -- Filling invalid ranges in sector buffer (flash cache) for sector @ 0x0000A700 if necessary
T2B00 279:108.824    -- Filling invalid ranges in sector buffer (flash cache) for sector @ 0x0000A800 if necessary
T2B00 279:108.830    -- Filling invalid ranges in sector buffer (flash cache) for sector @ 0x0000A900 if necessary
T2B00 279:108.836    -- Filling invalid ranges in sector buffer (flash cache) for sector @ 0x0000AA00 if necessary
T2B00 279:108.843    -- Filling invalid ranges in sector buffer (flash cache) for sector @ 0x0000AB00 if necessary
T2B00 279:108.849    -- Filling invalid ranges in sector buffer (flash cache) for sector @ 0x0000AC00 if necessary
T2B00 279:108.855    -- Filling invalid ranges in sector buffer (flash cache) for sector @ 0x0000AD00 if necessary
T2B00 279:108.861    -- Filling invalid ranges in sector buffer (flash cache) for sector @ 0x0000AE00 if necessary
T2B00 279:108.866    -- Filling invalid ranges in sector buffer (flash cache) for sector @ 0x0000AF00 if necessary
T2B00 279:108.872    -- Filling invalid ranges in sector buffer (flash cache) for sector @ 0x0000B000 if necessary
T2B00 279:108.878    -- Filling invalid ranges in sector buffer (flash cache) for sector @ 0x0000B100 if necessary
T2B00 279:108.884    -- Filling invalid ranges in sector buffer (flash cache) for sector @ 0x0000B200 if necessary
T2B00 279:108.890    -- Filling invalid ranges in sector buffer (flash cache) for sector @ 0x0000B300 if necessary
T2B00 279:108.896    -- Filling invalid ranges in sector buffer (flash cache) for sector @ 0x0000B400 if necessary
T2B00 279:108.902    -- Filling invalid ranges in sector buffer (flash cache) for sector @ 0x0000B500 if necessary
T2B00 279:108.908    -- Filling invalid ranges in sector buffer (flash cache) for sector @ 0x0000B600 if necessary
T2B00 279:108.914    -- Filling invalid ranges in sector buffer (flash cache) for sector @ 0x0000B700 if necessary
T2B00 279:108.919    -- Filling invalid ranges in sector buffer (flash cache) for sector @ 0x0000B800 if necessary
T2B00 279:108.925    -- Filling invalid ranges in sector buffer (flash cache) for sector @ 0x0000B900 if necessary
T2B00 279:108.931    -- Filling invalid ranges in sector buffer (flash cache) for sector @ 0x0000BA00 if necessary
T2B00 279:108.937    -- Filling invalid ranges in sector buffer (flash cache) for sector @ 0x0000BB00 if necessary
T2B00 279:108.943    -- Filling invalid ranges in sector buffer (flash cache) for sector @ 0x0000BC00 if necessary
T2B00 279:108.949    -- Filling invalid ranges in sector buffer (flash cache) for sector @ 0x0000BD00 if necessary
T2B00 279:108.955    -- Filling invalid ranges in sector buffer (flash cache) for sector @ 0x0000BE00 if necessary
T2B00 279:108.961    -- Filling invalid ranges in sector buffer (flash cache) for sector @ 0x0000BF00 if necessary
T2B00 279:108.967    -- Filling invalid ranges in sector buffer (flash cache) for sector @ 0x0000C000 if necessary
T2B00 279:109.023    -- End of determining dirty areas
T2B00 279:109.030    -- Start of preparing flash programming
T2B00 279:109.035    -- Calculating RAM usage
T2B00 279:109.047    -- RAM usage = 3908 Bytes
T2B00 279:109.053    -- Preserving CPU registers
T2B00 279:109.068    -- Preparing target
T2B00 279:109.073    -- Preserving target RAM temporarily used for programming
T2B00 279:130.298    -- Downloading RAMCode
T2B00 279:148.502    -- Preparing RAMCode
T2B00 279:156.696    -- End of preparing flash programming
T2B00 279:163.061    -- CPU speed could not be measured.
T2B00 279:163.075    -- Start of comparing flash
T2B00 279:163.080    -- CRC check was estimated as fastest method
T2B00 279:207.353    -- Comparing range 0x0000 - 0x7FFF (128 Sectors, 32 KB), using multi-block CRC calculation
T2B00 279:242.592    -- All CRCs match
T2B00 279:242.855    -- Comparing range 0x8000 - 0xC0FF (65 Sectors, 16 KB), using multi-block CRC calculation
T2B00 279:258.912    -- All CRCs match
T2B00 279:259.124    -- Comparing range 0x0000 - 0x7FFF (128 Sectors, 32 KB), using alternative multi-block CRC calculation
T2B00 279:286.059    -- All CRCs match
T2B00 279:286.268    -- Comparing range 0x8000 - 0xC0FF (65 Sectors, 16 KB), using alternative multi-block CRC calculation
T2B00 279:302.163    -- All CRCs match
T2B00 279:302.177    -- End of comparing flash
T2B00 279:302.182    -- Start of erasing sectors
T2B00 279:302.186    -- End of erasing sectors
T2B00 279:302.191    -- Start of flash programming
T2B00 279:302.199    -- End of flash programming
T2B00 279:302.203    -- Start of restoring
T2B00 279:302.207    -- Restoring RAMCode
T2B00 279:307.593    -- Restoring target memory
T2B00 279:327.819    -- Restore target
T2B00 279:327.830    -- Restoring CPU registers
T2B00 279:327.842    -- End of restoring
T2B00 279:327.882    -- Bank 0 @ 0x00000000: Skipped. Contents already match
T2B00 279:327.887    -- Bank 0 @ 0x00000000: Skipped. Contents already match
T2B00 279:333.138 - 227.596ms returns 0 (0x0)
T2B00 279:333.180 JLINK_ResetPullsRESET(ON)
T2B00 279:333.184 - 0.003ms
T2B00 279:333.187 JLINK_ResetNoHalt()
T2B00 279:333.619   InitTarget() start
T2B00 279:333.628    J-Link Script File: Executing InitTarget()
T2B00 279:333.638   InitTarget()
T2B00 279:338.694   InitTarget() end - Took 5.04ms
T2B00 279:340.235   Found SW-DP with ID 0x0BC11477
T2B00 279:344.923   DPIDR: 0x0BC11477
T2B00 279:344.935   CoreSight SoC-400 or earlier
T2B00 279:344.944   AP map detection skipped. Manually configured AP map found.
T2B00 279:344.951   AP[0]: AHB-AP (IDR: Not set)
T2B00 279:346.778   AP[0]: Core found
T2B00 279:346.791   AP[0]: AHB-AP ROM base: 0x41003000
T2B00 279:347.557   CPUID register: 0x410CC601. Implementer code: 0x41 (ARM)
T2B00 279:347.571   Found Cortex-M0 r0p1, Little endian.
T2B00 279:348.087   -- Max. mem block: 0x00002860
T2B00 279:348.165   CPU_ReadMem(4 bytes @ 0xE000EDF0)
T2B00 279:348.747   CPU_ReadMem(4 bytes @ 0xE0002000)
T2B00 279:349.289   FPUnit: 4 code (BP) slots and 0 literal slots
T2B00 279:349.297   CPU_ReadMem(4 bytes @ 0xE000EDFC)
T2B00 279:349.839   CPU_ReadMem(4 bytes @ 0xE0001000)
T2B00 279:350.351   CoreSight components:
T2B00 279:350.365   ROMTbl[0] @ 41003000
T2B00 279:350.371   CPU_ReadMem(64 bytes @ 0x41003000)
T2B00 279:351.647   CPU_ReadMem(32 bytes @ 0xE00FFFE0)
T2B00 279:352.681   [0][0]: E00FF000 CID B105100D PID 000BB4C0 ROM Table
T2B00 279:352.691   ROMTbl[1] @ E00FF000
T2B00 279:352.696   CPU_ReadMem(64 bytes @ 0xE00FF000)
T2B00 279:354.135   CPU_ReadMem(32 bytes @ 0xE000EFE0)
T2B00 279:354.968   [1][0]: E000E000 CID B105E00D PID 000BB008 SCS
T2B00 279:354.978   CPU_ReadMem(32 bytes @ 0xE0001FE0)
T2B00 279:355.753   [1][1]: E0001000 CID B105E00D PID 000BB00A DWT
T2B00 279:355.765   CPU_ReadMem(32 bytes @ 0xE0002FE0)
T2B00 279:356.654   [1][2]: E0002000 CID B105E00D PID 000BB00B FPB
T2B00 279:356.663   CPU_ReadMem(32 bytes @ 0x41006FE0)
T2B00 279:357.554   [0][1]: 41006000 CID B105900D PID 001BB932 MTB-M0+
T2B00 279:357.568   JLINK_Reset()
T2B00 279:357.574     CPU_ReadMem(4 bytes @ 0x20000000)
T2B00 279:358.246     CPU_WriteMem(4 bytes @ 0x20000000)
T2B00 279:359.229     ResetTarget() start
T2B00 279:359.234      J-Link Script File: Executing ResetTarget()
T2B00 279:359.241     CPU_ReadMem(4 bytes @ 0xE000EDFC)
T2B00 279:360.233     CPU_WriteMem(4 bytes @ 0xE000EDFC)
T2B00 279:361.291     CPU_WriteMem(4 bytes @ 0xE000ED0C)
T2B00 279:363.609     CPU_ReadMem(4 bytes @ 0xE000EDF0)
T2B00 279:364.388     CPU_ReadMem(4 bytes @ 0x41002100)
T2B00 279:365.403     CPU_WriteMem(4 bytes @ 0xE000EDFC)
T2B00 279:366.108     ResetTarget() end - Took 6.84ms
T2B00 279:372.090     CPU_WriteMem(4 bytes @ 0xE0002000)
T2B00 279:372.988     CPU_ReadMem(4 bytes @ 0xE000EDFC)
T2B00 279:374.044     CPU_ReadMem(4 bytes @ 0xE0001000)
T2B00 279:374.829     CPU_WriteMem(4 bytes @ 0xE0001000)
T2B00 279:375.647   - 18.078ms
T2B00 279:375.655   JLINK_Go()
T2B00 279:375.664     CPU_ReadMem(4 bytes @ 0xE0001000)
T2B00 279:376.524     CPU_WriteMem(4 bytes @ 0xE0001000)
T2B00 279:377.455     CPU_WriteMem(4 bytes @ 0xE0001004)
T2B00 279:379.472     Memory map 'after startup completion point' is active
T2B00 279:379.479   - 3.823ms
T2B00 279:379.483 - 46.295ms
T2B00 279:382.879 JLINK_Close()
T2B00 279:406.344 - 23.463ms
T2B00 279:406.354   
T2B00 279:406.357   Closed
