T2D34 3392:769.119   SEGGER J-Link V7.92q Log File
T2D34 3392:769.154   DLL Compiled: Nov 23 2023 18:03:53
T2D34 3392:769.164   Logging started @ 2023-12-13 07:27
T2D34 3392:769.172   Process: C:\Program Files (x86)\Atmel\Studio\7.0\atbackend\atbackend.exe
T2D34 3392:769.181 - 17058.788ms
T2D34 3392:771.894 JLINK_ExecCommand("Device = ATSAMD21G18A", ...). 
T2D34 3392:772.070   Device "ATSAMD21G18A" selected.
T2D34 3392:772.237 - 0.319ms returns 0x00
T2D34 3392:781.412 JLINK_TIF_Select(JLINKARM_TIF_SWD)
T2D34 3392:781.856 - 0.443ms returns 0x00
T2D34 3392:781.871 JLINK_SetSpeed(4000)
T2D34 3392:781.940 - 0.069ms
T2D34 3392:781.952 JLINK_ResetPullsRESET(OFF)
T2D34 3392:781.960 - 0.008ms
T2D34 3392:781.969 JLINK_Connect()
T2D34 3392:783.980   InitTarget() start
T2D34 3392:783.989    J-Link Script File: Executing InitTarget()
T2D34 3392:783.997   InitTarget()
T2D34 3392:786.082   InitTarget() end - Took 2.07ms
T2D34 3392:786.611   Found SW-DP with ID 0x0BC11477
T2D34 3392:788.395   DPIDR: 0x0BC11477
T2D34 3392:788.407   CoreSight SoC-400 or earlier
T2D34 3392:788.415   Scanning AP map to find all available APs
T2D34 3392:789.016   AP[1]: Stopped AP scan as end of AP map has been reached
T2D34 3392:789.030   AP[0]: AHB-AP (IDR: 0x04770031)
T2D34 3392:789.037   Iterating through AP map to find AHB-AP to use
T2D34 3392:789.817   AP[0]: Core found
T2D34 3392:789.835   AP[0]: AHB-AP ROM base: 0x41003000
T2D34 3392:790.316   CPUID register: 0x410CC601. Implementer code: 0x41 (ARM)
T2D34 3392:790.340   Found Cortex-M0 r0p1, Little endian.
T2D34 3392:791.546   -- Max. mem block: 0x00002BA8
T2D34 3392:791.892   CPU_ReadMem(4 bytes @ 0xE000EDF0)
T2D34 3392:792.197   CPU_WriteMem(4 bytes @ 0xE000EDF0)
T2D34 3392:792.485   CPU_ReadMem(4 bytes @ 0xE0002000)
T2D34 3392:792.748   FPUnit: 4 code (BP) slots and 0 literal slots
T2D34 3392:792.757   CPU_ReadMem(4 bytes @ 0xE000EDFC)
T2D34 3392:793.016   CPU_WriteMem(4 bytes @ 0xE000EDFC)
T2D34 3392:793.287   CPU_ReadMem(4 bytes @ 0xE0001000)
T2D34 3392:793.537   CPU_WriteMem(4 bytes @ 0xE0001000)
T2D34 3392:793.812   CoreSight components:
T2D34 3392:793.822   ROMTbl[0] @ 41003000
T2D34 3392:793.827   CPU_ReadMem(64 bytes @ 0x41003000)
T2D34 3392:794.426   CPU_ReadMem(32 bytes @ 0xE00FFFE0)
T2D34 3392:794.955   [0][0]: E00FF000 CID B105100D PID 000BB4C0 ROM Table
T2D34 3392:794.970   ROMTbl[1] @ E00FF000
T2D34 3392:794.975   CPU_ReadMem(64 bytes @ 0xE00FF000)
T2D34 3392:795.631   CPU_ReadMem(32 bytes @ 0xE000EFE0)
T2D34 3392:796.074   [1][0]: E000E000 CID B105E00D PID 000BB008 SCS
T2D34 3392:796.080   CPU_ReadMem(32 bytes @ 0xE0001FE0)
T2D34 3392:796.506   [1][1]: E0001000 CID B105E00D PID 000BB00A DWT
T2D34 3392:796.511   CPU_ReadMem(32 bytes @ 0xE0002FE0)
T2D34 3392:797.029   [1][2]: E0002000 CID B105E00D PID 000BB00B FPB
T2D34 3392:797.036   CPU_ReadMem(32 bytes @ 0x41006FE0)
T2D34 3392:797.500   [0][1]: 41006000 CID B105900D PID 001BB932 MTB-M0+
T2D34 3392:797.509 - 15.539ms returns 0x00
T2D34 3392:797.564 JLINK_ExecCommand("ExcludeFlashCacheRange 0x0 - 0x40000", ...). 
T2D34 3392:797.569 - 0.000ms returns 0x00
T2D34 3392:797.592 JLINK_Halt()
T2D34 3392:800.245 - 2.652ms returns 0x00
T2D34 3392:801.071 JLINK_JTAG_GetDeviceID(DeviceIndex = 0)
T2D34 3392:801.077 - 0.006ms returns 0
T2D34 3392:801.081 JLINK_ReadMemU32(0x41002018, 0x1 Items)
T2D34 3392:801.092   CPU_ReadMem(4 bytes @ 0x41002018)
T2D34 3392:801.357   Data:  05 03 01 10
T2D34 3392:801.366 - 0.285ms returns 1 (0x1)
T6710 3392:810.443 JLINK_IsHalted()
T6710 3392:810.750 - 0.307ms returns TRUE
T6710 3392:810.763 JLINK_GetMOEs(...)
T6710 3392:810.771   CPU_ReadMem(4 bytes @ 0xE000ED30)
T6710 3392:811.069 - 0.306ms returns 0x01
T6710 3392:811.074 JLINK_ReadReg(R15 (PC))
T6710 3392:811.080 - 0.005ms returns 0x00005680
T2D34 3392:827.117 JLINK_BeginDownload(Flags = 0x00000000)
T2D34 3392:827.136 - 0.019ms
T2D34 3392:827.145 JLINK_WriteMem(0x00000000, 0xEFC0 Bytes, ...)
T2D34 3392:827.148   Data:  08 6F 00 20 D5 84 00 00 B9 84 00 00 B9 84 00 00 ...
T2D34 3392:827.352   completely In flash
T2D34 3392:827.400 - 0.255ms returns 0xEFC0
T2D34 3392:827.580 JLINK_WriteMem(0x0000EFC0, 0x270 Bytes, ...)
T2D34 3392:827.584   Data:  00 00 00 00 C3 F5 88 3F D7 A3 00 40 00 00 40 40 ...
T2D34 3392:827.593   completely In flash
T2D34 3392:827.597 - 0.017ms returns 0x270
T6710 3393:010.737 JLINK_IsHalted()
T6710 3393:010.757 - 0.019ms returns TRUE
T2D34 3393:011.203 JLINK_EndDownload()
T2D34 3393:011.381   CPU_ReadMem(4 bytes @ 0x41006004)
T2D34 3393:011.754   CPU_ReadMem(4 bytes @ 0xE000ED90)
T2D34 3393:012.162    -- --------------------------------------
T2D34 3393:012.168    -- Flash bank @ 0x00000000: Default: L2 verify disabled because algorithm performs L1 verify
T2D34 3393:012.173    -- Start of determining dirty areas in flash cache
T2D34 3393:012.178    -- Filling invalid ranges in sector buffer (flash cache) for sector @ 0x00000000 if necessary
T2D34 3393:012.182    -- Filling invalid ranges in sector buffer (flash cache) for sector @ 0x00000100 if necessary
T2D34 3393:012.192    -- Filling invalid ranges in sector buffer (flash cache) for sector @ 0x00000200 if necessary
T2D34 3393:012.221    -- Filling invalid ranges in sector buffer (flash cache) for sector @ 0x00000300 if necessary
T2D34 3393:012.231    -- Filling invalid ranges in sector buffer (flash cache) for sector @ 0x00000400 if necessary
T2D34 3393:012.236    -- Filling invalid ranges in sector buffer (flash cache) for sector @ 0x00000500 if necessary
T2D34 3393:012.240    -- Filling invalid ranges in sector buffer (flash cache) for sector @ 0x00000600 if necessary
T2D34 3393:012.244    -- Filling invalid ranges in sector buffer (flash cache) for sector @ 0x00000700 if necessary
T2D34 3393:012.248    -- Filling invalid ranges in sector buffer (flash cache) for sector @ 0x00000800 if necessary
T2D34 3393:012.252    -- Filling invalid ranges in sector buffer (flash cache) for sector @ 0x00000900 if necessary
T2D34 3393:012.257    -- Filling invalid ranges in sector buffer (flash cache) for sector @ 0x00000A00 if necessary
T2D34 3393:012.261    -- Filling invalid ranges in sector buffer (flash cache) for sector @ 0x00000B00 if necessary
T2D34 3393:012.265    -- Filling invalid ranges in sector buffer (flash cache) for sector @ 0x00000C00 if necessary
T2D34 3393:012.269    -- Filling invalid ranges in sector buffer (flash cache) for sector @ 0x00000D00 if necessary
T2D34 3393:012.273    -- Filling invalid ranges in sector buffer (flash cache) for sector @ 0x00000E00 if necessary
T2D34 3393:012.278    -- Filling invalid ranges in sector buffer (flash cache) for sector @ 0x00000F00 if necessary
T2D34 3393:012.282    -- Filling invalid ranges in sector buffer (flash cache) for sector @ 0x00001000 if necessary
T2D34 3393:012.286    -- Filling invalid ranges in sector buffer (flash cache) for sector @ 0x00001100 if necessary
T2D34 3393:012.290    -- Filling invalid ranges in sector buffer (flash cache) for sector @ 0x00001200 if necessary
T2D34 3393:012.294    -- Filling invalid ranges in sector buffer (flash cache) for sector @ 0x00001300 if necessary
T2D34 3393:012.298    -- Filling invalid ranges in sector buffer (flash cache) for sector @ 0x00001400 if necessary
T2D34 3393:012.303    -- Filling invalid ranges in sector buffer (flash cache) for sector @ 0x00001500 if necessary
T2D34 3393:012.307    -- Filling invalid ranges in sector buffer (flash cache) for sector @ 0x00001600 if necessary
T2D34 3393:012.311    -- Filling invalid ranges in sector buffer (flash cache) for sector @ 0x00001700 if necessary
T2D34 3393:012.315    -- Filling invalid ranges in sector buffer (flash cache) for sector @ 0x00001800 if necessary
T2D34 3393:012.319    -- Filling invalid ranges in sector buffer (flash cache) for sector @ 0x00001900 if necessary
T2D34 3393:012.323    -- Filling invalid ranges in sector buffer (flash cache) for sector @ 0x00001A00 if necessary
T2D34 3393:012.327    -- Filling invalid ranges in sector buffer (flash cache) for sector @ 0x00001B00 if necessary
T2D34 3393:012.332    -- Filling invalid ranges in sector buffer (flash cache) for sector @ 0x00001C00 if necessary
T2D34 3393:012.369    -- Filling invalid ranges in sector buffer (flash cache) for sector @ 0x00001D00 if necessary
T2D34 3393:012.373    -- Filling invalid ranges in sector buffer (flash cache) for sector @ 0x00001E00 if necessary
T2D34 3393:012.377    -- Filling invalid ranges in sector buffer (flash cache) for sector @ 0x00001F00 if necessary
T2D34 3393:012.381    -- Filling invalid ranges in sector buffer (flash cache) for sector @ 0x00002000 if necessary
T2D34 3393:012.386    -- Filling invalid ranges in sector buffer (flash cache) for sector @ 0x00002100 if necessary
T2D34 3393:012.390    -- Filling invalid ranges in sector buffer (flash cache) for sector @ 0x00002200 if necessary
T2D34 3393:012.394    -- Filling invalid ranges in sector buffer (flash cache) for sector @ 0x00002300 if necessary
T2D34 3393:012.398    -- Filling invalid ranges in sector buffer (flash cache) for sector @ 0x00002400 if necessary
T2D34 3393:012.402    -- Filling invalid ranges in sector buffer (flash cache) for sector @ 0x00002500 if necessary
T2D34 3393:012.406    -- Filling invalid ranges in sector buffer (flash cache) for sector @ 0x00002600 if necessary
T2D34 3393:012.410    -- Filling invalid ranges in sector buffer (flash cache) for sector @ 0x00002700 if necessary
T2D34 3393:012.415    -- Filling invalid ranges in sector buffer (flash cache) for sector @ 0x00002800 if necessary
T2D34 3393:012.419    -- Filling invalid ranges in sector buffer (flash cache) for sector @ 0x00002900 if necessary
T2D34 3393:012.423    -- Filling invalid ranges in sector buffer (flash cache) for sector @ 0x00002A00 if necessary
T2D34 3393:012.427    -- Filling invalid ranges in sector buffer (flash cache) for sector @ 0x00002B00 if necessary
T2D34 3393:012.431    -- Filling invalid ranges in sector buffer (flash cache) for sector @ 0x00002C00 if necessary
T2D34 3393:012.436    -- Filling invalid ranges in sector buffer (flash cache) for sector @ 0x00002D00 if necessary
T2D34 3393:012.440    -- Filling invalid ranges in sector buffer (flash cache) for sector @ 0x00002E00 if necessary
T2D34 3393:012.444    -- Filling invalid ranges in sector buffer (flash cache) for sector @ 0x00002F00 if necessary
T2D34 3393:012.448    -- Filling invalid ranges in sector buffer (flash cache) for sector @ 0x00003000 if necessary
T2D34 3393:012.452    -- Filling invalid ranges in sector buffer (flash cache) for sector @ 0x00003100 if necessary
T2D34 3393:012.456    -- Filling invalid ranges in sector buffer (flash cache) for sector @ 0x00003200 if necessary
T2D34 3393:012.461    -- Filling invalid ranges in sector buffer (flash cache) for sector @ 0x00003300 if necessary
T2D34 3393:012.465    -- Filling invalid ranges in sector buffer (flash cache) for sector @ 0x00003400 if necessary
T2D34 3393:012.469    -- Filling invalid ranges in sector buffer (flash cache) for sector @ 0x00003500 if necessary
T2D34 3393:012.473    -- Filling invalid ranges in sector buffer (flash cache) for sector @ 0x00003600 if necessary
T2D34 3393:012.477    -- Filling invalid ranges in sector buffer (flash cache) for sector @ 0x00003700 if necessary
T2D34 3393:012.481    -- Filling invalid ranges in sector buffer (flash cache) for sector @ 0x00003800 if necessary
T2D34 3393:012.486    -- Filling invalid ranges in sector buffer (flash cache) for sector @ 0x00003900 if necessary
T2D34 3393:012.490    -- Filling invalid ranges in sector buffer (flash cache) for sector @ 0x00003A00 if necessary
T2D34 3393:012.494    -- Filling invalid ranges in sector buffer (flash cache) for sector @ 0x00003B00 if necessary
T2D34 3393:012.498    -- Filling invalid ranges in sector buffer (flash cache) for sector @ 0x00003C00 if necessary
T2D34 3393:012.502    -- Filling invalid ranges in sector buffer (flash cache) for sector @ 0x00003D00 if necessary
T2D34 3393:012.507    -- Filling invalid ranges in sector buffer (flash cache) for sector @ 0x00003E00 if necessary
T2D34 3393:012.511    -- Filling invalid ranges in sector buffer (flash cache) for sector @ 0x00003F00 if necessary
T2D34 3393:012.516    -- Filling invalid ranges in sector buffer (flash cache) for sector @ 0x00004000 if necessary
T2D34 3393:012.520    -- Filling invalid ranges in sector buffer (flash cache) for sector @ 0x00004100 if necessary
T2D34 3393:012.524    -- Filling invalid ranges in sector buffer (flash cache) for sector @ 0x00004200 if necessary
T2D34 3393:012.528    -- Filling invalid ranges in sector buffer (flash cache) for sector @ 0x00004300 if necessary
T2D34 3393:012.532    -- Filling invalid ranges in sector buffer (flash cache) for sector @ 0x00004400 if necessary
T2D34 3393:012.537    -- Filling invalid ranges in sector buffer (flash cache) for sector @ 0x00004500 if necessary
T2D34 3393:012.541    -- Filling invalid ranges in sector buffer (flash cache) for sector @ 0x00004600 if necessary
T2D34 3393:012.545    -- Filling invalid ranges in sector buffer (flash cache) for sector @ 0x00004700 if necessary
T2D34 3393:012.549    -- Filling invalid ranges in sector buffer (flash cache) for sector @ 0x00004800 if necessary
T2D34 3393:012.553    -- Filling invalid ranges in sector buffer (flash cache) for sector @ 0x00004900 if necessary
T2D34 3393:012.558    -- Filling invalid ranges in sector buffer (flash cache) for sector @ 0x00004A00 if necessary
T2D34 3393:012.562    -- Filling invalid ranges in sector buffer (flash cache) for sector @ 0x00004B00 if necessary
T2D34 3393:012.566    -- Filling invalid ranges in sector buffer (flash cache) for sector @ 0x00004C00 if necessary
T2D34 3393:012.570    -- Filling invalid ranges in sector buffer (flash cache) for sector @ 0x00004D00 if necessary
T2D34 3393:012.574    -- Filling invalid ranges in sector buffer (flash cache) for sector @ 0x00004E00 if necessary
T2D34 3393:012.578    -- Filling invalid ranges in sector buffer (flash cache) for sector @ 0x00004F00 if necessary
T2D34 3393:012.583    -- Filling invalid ranges in sector buffer (flash cache) for sector @ 0x00005000 if necessary
T2D34 3393:012.587    -- Filling invalid ranges in sector buffer (flash cache) for sector @ 0x00005100 if necessary
T2D34 3393:012.591    -- Filling invalid ranges in sector buffer (flash cache) for sector @ 0x00005200 if necessary
T2D34 3393:012.595    -- Filling invalid ranges in sector buffer (flash cache) for sector @ 0x00005300 if necessary
T2D34 3393:012.599    -- Filling invalid ranges in sector buffer (flash cache) for sector @ 0x00005400 if necessary
T2D34 3393:012.608    -- Filling invalid ranges in sector buffer (flash cache) for sector @ 0x00005500 if necessary
T2D34 3393:012.612    -- Filling invalid ranges in sector buffer (flash cache) for sector @ 0x00005600 if necessary
T2D34 3393:012.617    -- Filling invalid ranges in sector buffer (flash cache) for sector @ 0x00005700 if necessary
T2D34 3393:012.621    -- Filling invalid ranges in sector buffer (flash cache) for sector @ 0x00005800 if necessary
T2D34 3393:012.625    -- Filling invalid ranges in sector buffer (flash cache) for sector @ 0x00005900 if necessary
T2D34 3393:012.629    -- Filling invalid ranges in sector buffer (flash cache) for sector @ 0x00005A00 if necessary
T2D34 3393:012.633    -- Filling invalid ranges in sector buffer (flash cache) for sector @ 0x00005B00 if necessary
T2D34 3393:012.638    -- Filling invalid ranges in sector buffer (flash cache) for sector @ 0x00005C00 if necessary
T2D34 3393:012.642    -- Filling invalid ranges in sector buffer (flash cache) for sector @ 0x00005D00 if necessary
T2D34 3393:012.646    -- Filling invalid ranges in sector buffer (flash cache) for sector @ 0x00005E00 if necessary
T2D34 3393:012.650    -- Filling invalid ranges in sector buffer (flash cache) for sector @ 0x00005F00 if necessary
T2D34 3393:012.654    -- Filling invalid ranges in sector buffer (flash cache) for sector @ 0x00006000 if necessary
T2D34 3393:012.658    -- Filling invalid ranges in sector buffer (flash cache) for sector @ 0x00006100 if necessary
T2D34 3393:012.663    -- Filling invalid ranges in sector buffer (flash cache) for sector @ 0x00006200 if necessary
T2D34 3393:012.679    -- Filling invalid ranges in sector buffer (flash cache) for sector @ 0x00006300 if necessary
T2D34 3393:012.683    -- Filling invalid ranges in sector buffer (flash cache) for sector @ 0x00006400 if necessary
T2D34 3393:012.687    -- Filling invalid ranges in sector buffer (flash cache) for sector @ 0x00006500 if necessary
T2D34 3393:012.691    -- Filling invalid ranges in sector buffer (flash cache) for sector @ 0x00006600 if necessary
T2D34 3393:012.696    -- Filling invalid ranges in sector buffer (flash cache) for sector @ 0x00006700 if necessary
T2D34 3393:012.700    -- Filling invalid ranges in sector buffer (flash cache) for sector @ 0x00006800 if necessary
T2D34 3393:012.704    -- Filling invalid ranges in sector buffer (flash cache) for sector @ 0x00006900 if necessary
T2D34 3393:012.708    -- Filling invalid ranges in sector buffer (flash cache) for sector @ 0x00006A00 if necessary
T2D34 3393:012.712    -- Filling invalid ranges in sector buffer (flash cache) for sector @ 0x00006B00 if necessary
T2D34 3393:012.716    -- Filling invalid ranges in sector buffer (flash cache) for sector @ 0x00006C00 if necessary
T2D34 3393:012.720    -- Filling invalid ranges in sector buffer (flash cache) for sector @ 0x00006D00 if necessary
T2D34 3393:012.724    -- Filling invalid ranges in sector buffer (flash cache) for sector @ 0x00006E00 if necessary
T2D34 3393:012.728    -- Filling invalid ranges in sector buffer (flash cache) for sector @ 0x00006F00 if necessary
T2D34 3393:012.732    -- Filling invalid ranges in sector buffer (flash cache) for sector @ 0x00007000 if necessary
T2D34 3393:012.736    -- Filling invalid ranges in sector buffer (flash cache) for sector @ 0x00007100 if necessary
T2D34 3393:012.740    -- Filling invalid ranges in sector buffer (flash cache) for sector @ 0x00007200 if necessary
T2D34 3393:012.744    -- Filling invalid ranges in sector buffer (flash cache) for sector @ 0x00007300 if necessary
T2D34 3393:012.748    -- Filling invalid ranges in sector buffer (flash cache) for sector @ 0x00007400 if necessary
T2D34 3393:012.752    -- Filling invalid ranges in sector buffer (flash cache) for sector @ 0x00007500 if necessary
T2D34 3393:012.756    -- Filling invalid ranges in sector buffer (flash cache) for sector @ 0x00007600 if necessary
T2D34 3393:012.760    -- Filling invalid ranges in sector buffer (flash cache) for sector @ 0x00007700 if necessary
T2D34 3393:012.764    -- Filling invalid ranges in sector buffer (flash cache) for sector @ 0x00007800 if necessary
T2D34 3393:012.768    -- Filling invalid ranges in sector buffer (flash cache) for sector @ 0x00007900 if necessary
T2D34 3393:012.772    -- Filling invalid ranges in sector buffer (flash cache) for sector @ 0x00007A00 if necessary
T2D34 3393:012.776    -- Filling invalid ranges in sector buffer (flash cache) for sector @ 0x00007B00 if necessary
T2D34 3393:012.780    -- Filling invalid ranges in sector buffer (flash cache) for sector @ 0x00007C00 if necessary
T2D34 3393:012.784    -- Filling invalid ranges in sector buffer (flash cache) for sector @ 0x00007D00 if necessary
T2D34 3393:012.788    -- Filling invalid ranges in sector buffer (flash cache) for sector @ 0x00007E00 if necessary
T2D34 3393:012.792    -- Filling invalid ranges in sector buffer (flash cache) for sector @ 0x00007F00 if necessary
T2D34 3393:012.796    -- Filling invalid ranges in sector buffer (flash cache) for sector @ 0x00008000 if necessary
T2D34 3393:012.800    -- Filling invalid ranges in sector buffer (flash cache) for sector @ 0x00008100 if necessary
T2D34 3393:012.804    -- Filling invalid ranges in sector buffer (flash cache) for sector @ 0x00008200 if necessary
T2D34 3393:012.808    -- Filling invalid ranges in sector buffer (flash cache) for sector @ 0x00008300 if necessary
T2D34 3393:012.812    -- Filling invalid ranges in sector buffer (flash cache) for sector @ 0x00008400 if necessary
T2D34 3393:012.816    -- Filling invalid ranges in sector buffer (flash cache) for sector @ 0x00008500 if necessary
T2D34 3393:012.821    -- Filling invalid ranges in sector buffer (flash cache) for sector @ 0x00008600 if necessary
T2D34 3393:012.825    -- Filling invalid ranges in sector buffer (flash cache) for sector @ 0x00008700 if necessary
T2D34 3393:012.829    -- Filling invalid ranges in sector buffer (flash cache) for sector @ 0x00008800 if necessary
T2D34 3393:012.833    -- Filling invalid ranges in sector buffer (flash cache) for sector @ 0x00008900 if necessary
T2D34 3393:012.837    -- Filling invalid ranges in sector buffer (flash cache) for sector @ 0x00008A00 if necessary
T2D34 3393:012.841    -- Filling invalid ranges in sector buffer (flash cache) for sector @ 0x00008B00 if necessary
T2D34 3393:012.845    -- Filling invalid ranges in sector buffer (flash cache) for sector @ 0x00008C00 if necessary
T2D34 3393:012.849    -- Filling invalid ranges in sector buffer (flash cache) for sector @ 0x00008D00 if necessary
T2D34 3393:012.853    -- Filling invalid ranges in sector buffer (flash cache) for sector @ 0x00008E00 if necessary
T2D34 3393:012.857    -- Filling invalid ranges in sector buffer (flash cache) for sector @ 0x00008F00 if necessary
T2D34 3393:012.861    -- Filling invalid ranges in sector buffer (flash cache) for sector @ 0x00009000 if necessary
T2D34 3393:012.865    -- Filling invalid ranges in sector buffer (flash cache) for sector @ 0x00009100 if necessary
T2D34 3393:012.869    -- Filling invalid ranges in sector buffer (flash cache) for sector @ 0x00009200 if necessary
T2D34 3393:012.873    -- Filling invalid ranges in sector buffer (flash cache) for sector @ 0x00009300 if necessary
T2D34 3393:012.877    -- Filling invalid ranges in sector buffer (flash cache) for sector @ 0x00009400 if necessary
T2D34 3393:012.881    -- Filling invalid ranges in sector buffer (flash cache) for sector @ 0x00009500 if necessary
T2D34 3393:012.885    -- Filling invalid ranges in sector buffer (flash cache) for sector @ 0x00009600 if necessary
T2D34 3393:012.889    -- Filling invalid ranges in sector buffer (flash cache) for sector @ 0x00009700 if necessary
T2D34 3393:012.893    -- Filling invalid ranges in sector buffer (flash cache) for sector @ 0x00009800 if necessary
T2D34 3393:012.897    -- Filling invalid ranges in sector buffer (flash cache) for sector @ 0x00009900 if necessary
T2D34 3393:012.901    -- Filling invalid ranges in sector buffer (flash cache) for sector @ 0x00009A00 if necessary
T2D34 3393:012.905    -- Filling invalid ranges in sector buffer (flash cache) for sector @ 0x00009B00 if necessary
T2D34 3393:012.909    -- Filling invalid ranges in sector buffer (flash cache) for sector @ 0x00009C00 if necessary
T2D34 3393:012.913    -- Filling invalid ranges in sector buffer (flash cache) for sector @ 0x00009D00 if necessary
T2D34 3393:012.917    -- Filling invalid ranges in sector buffer (flash cache) for sector @ 0x00009E00 if necessary
T2D34 3393:012.921    -- Filling invalid ranges in sector buffer (flash cache) for sector @ 0x00009F00 if necessary
T2D34 3393:012.925    -- Filling invalid ranges in sector buffer (flash cache) for sector @ 0x0000A000 if necessary
T2D34 3393:012.929    -- Filling invalid ranges in sector buffer (flash cache) for sector @ 0x0000A100 if necessary
T2D34 3393:012.933    -- Filling invalid ranges in sector buffer (flash cache) for sector @ 0x0000A200 if necessary
T2D34 3393:012.937    -- Filling invalid ranges in sector buffer (flash cache) for sector @ 0x0000A300 if necessary
T2D34 3393:012.941    -- Filling invalid ranges in sector buffer (flash cache) for sector @ 0x0000A400 if necessary
T2D34 3393:012.945    -- Filling invalid ranges in sector buffer (flash cache) for sector @ 0x0000A500 if necessary
T2D34 3393:012.954    -- Filling invalid ranges in sector buffer (flash cache) for sector @ 0x0000A600 if necessary
T2D34 3393:012.958    -- Filling invalid ranges in sector buffer (flash cache) for sector @ 0x0000A700 if necessary
T2D34 3393:012.962    -- Filling invalid ranges in sector buffer (flash cache) for sector @ 0x0000A800 if necessary
T2D34 3393:012.967    -- Filling invalid ranges in sector buffer (flash cache) for sector @ 0x0000A900 if necessary
T2D34 3393:012.971    -- Filling invalid ranges in sector buffer (flash cache) for sector @ 0x0000AA00 if necessary
T2D34 3393:012.975    -- Filling invalid ranges in sector buffer (flash cache) for sector @ 0x0000AB00 if necessary
T2D34 3393:012.979    -- Filling invalid ranges in sector buffer (flash cache) for sector @ 0x0000AC00 if necessary
T2D34 3393:012.983    -- Filling invalid ranges in sector buffer (flash cache) for sector @ 0x0000AD00 if necessary
T2D34 3393:012.987    -- Filling invalid ranges in sector buffer (flash cache) for sector @ 0x0000AE00 if necessary
T2D34 3393:012.991    -- Filling invalid ranges in sector buffer (flash cache) for sector @ 0x0000AF00 if necessary
T2D34 3393:012.995    -- Filling invalid ranges in sector buffer (flash cache) for sector @ 0x0000B000 if necessary
T2D34 3393:012.999    -- Filling invalid ranges in sector buffer (flash cache) for sector @ 0x0000B100 if necessary
T2D34 3393:013.003    -- Filling invalid ranges in sector buffer (flash cache) for sector @ 0x0000B200 if necessary
T2D34 3393:013.007    -- Filling invalid ranges in sector buffer (flash cache) for sector @ 0x0000B300 if necessary
T2D34 3393:013.011    -- Filling invalid ranges in sector buffer (flash cache) for sector @ 0x0000B400 if necessary
T2D34 3393:013.015    -- Filling invalid ranges in sector buffer (flash cache) for sector @ 0x0000B500 if necessary
T2D34 3393:013.019    -- Filling invalid ranges in sector buffer (flash cache) for sector @ 0x0000B600 if necessary
T2D34 3393:013.023    -- Filling invalid ranges in sector buffer (flash cache) for sector @ 0x0000B700 if necessary
T2D34 3393:013.026    -- Filling invalid ranges in sector buffer (flash cache) for sector @ 0x0000B800 if necessary
T2D34 3393:013.030    -- Filling invalid ranges in sector buffer (flash cache) for sector @ 0x0000B900 if necessary
T2D34 3393:013.034    -- Filling invalid ranges in sector buffer (flash cache) for sector @ 0x0000BA00 if necessary
T2D34 3393:013.038    -- Filling invalid ranges in sector buffer (flash cache) for sector @ 0x0000BB00 if necessary
T2D34 3393:013.042    -- Filling invalid ranges in sector buffer (flash cache) for sector @ 0x0000BC00 if necessary
T2D34 3393:013.046    -- Filling invalid ranges in sector buffer (flash cache) for sector @ 0x0000BD00 if necessary
T2D34 3393:013.051    -- Filling invalid ranges in sector buffer (flash cache) for sector @ 0x0000BE00 if necessary
T2D34 3393:013.055    -- Filling invalid ranges in sector buffer (flash cache) for sector @ 0x0000BF00 if necessary
T2D34 3393:013.058    -- Filling invalid ranges in sector buffer (flash cache) for sector @ 0x0000C000 if necessary
T2D34 3393:013.062    -- Filling invalid ranges in sector buffer (flash cache) for sector @ 0x0000C100 if necessary
T2D34 3393:013.066    -- Filling invalid ranges in sector buffer (flash cache) for sector @ 0x0000C200 if necessary
T2D34 3393:013.070    -- Filling invalid ranges in sector buffer (flash cache) for sector @ 0x0000C300 if necessary
T2D34 3393:013.075    -- Filling invalid ranges in sector buffer (flash cache) for sector @ 0x0000C400 if necessary
T2D34 3393:013.079    -- Filling invalid ranges in sector buffer (flash cache) for sector @ 0x0000C500 if necessary
T2D34 3393:013.083    -- Filling invalid ranges in sector buffer (flash cache) for sector @ 0x0000C600 if necessary
T2D34 3393:013.087    -- Filling invalid ranges in sector buffer (flash cache) for sector @ 0x0000C700 if necessary
T2D34 3393:013.091    -- Filling invalid ranges in sector buffer (flash cache) for sector @ 0x0000C800 if necessary
T2D34 3393:013.095    -- Filling invalid ranges in sector buffer (flash cache) for sector @ 0x0000C900 if necessary
T2D34 3393:013.099    -- Filling invalid ranges in sector buffer (flash cache) for sector @ 0x0000CA00 if necessary
T2D34 3393:013.103    -- Filling invalid ranges in sector buffer (flash cache) for sector @ 0x0000CB00 if necessary
T2D34 3393:013.108    -- Filling invalid ranges in sector buffer (flash cache) for sector @ 0x0000CC00 if necessary
T2D34 3393:013.112    -- Filling invalid ranges in sector buffer (flash cache) for sector @ 0x0000CD00 if necessary
T2D34 3393:013.116    -- Filling invalid ranges in sector buffer (flash cache) for sector @ 0x0000CE00 if necessary
T2D34 3393:013.120    -- Filling invalid ranges in sector buffer (flash cache) for sector @ 0x0000CF00 if necessary
T2D34 3393:013.124    -- Filling invalid ranges in sector buffer (flash cache) for sector @ 0x0000D000 if necessary
T2D34 3393:013.128    -- Filling invalid ranges in sector buffer (flash cache) for sector @ 0x0000D100 if necessary
T2D34 3393:013.132    -- Filling invalid ranges in sector buffer (flash cache) for sector @ 0x0000D200 if necessary
T2D34 3393:013.136    -- Filling invalid ranges in sector buffer (flash cache) for sector @ 0x0000D300 if necessary
T2D34 3393:013.140    -- Filling invalid ranges in sector buffer (flash cache) for sector @ 0x0000D400 if necessary
T2D34 3393:013.144    -- Filling invalid ranges in sector buffer (flash cache) for sector @ 0x0000D500 if necessary
T2D34 3393:013.148    -- Filling invalid ranges in sector buffer (flash cache) for sector @ 0x0000D600 if necessary
T2D34 3393:013.152    -- Filling invalid ranges in sector buffer (flash cache) for sector @ 0x0000D700 if necessary
T2D34 3393:013.156    -- Filling invalid ranges in sector buffer (flash cache) for sector @ 0x0000D800 if necessary
T2D34 3393:013.160    -- Filling invalid ranges in sector buffer (flash cache) for sector @ 0x0000D900 if necessary
T2D34 3393:013.164    -- Filling invalid ranges in sector buffer (flash cache) for sector @ 0x0000DA00 if necessary
T2D34 3393:013.168    -- Filling invalid ranges in sector buffer (flash cache) for sector @ 0x0000DB00 if necessary
T2D34 3393:013.172    -- Filling invalid ranges in sector buffer (flash cache) for sector @ 0x0000DC00 if necessary
T2D34 3393:013.176    -- Filling invalid ranges in sector buffer (flash cache) for sector @ 0x0000DD00 if necessary
T2D34 3393:013.180    -- Filling invalid ranges in sector buffer (flash cache) for sector @ 0x0000DE00 if necessary
T2D34 3393:013.184    -- Filling invalid ranges in sector buffer (flash cache) for sector @ 0x0000DF00 if necessary
T2D34 3393:013.188    -- Filling invalid ranges in sector buffer (flash cache) for sector @ 0x0000E000 if necessary
T2D34 3393:013.192    -- Filling invalid ranges in sector buffer (flash cache) for sector @ 0x0000E100 if necessary
T2D34 3393:013.196    -- Filling invalid ranges in sector buffer (flash cache) for sector @ 0x0000E200 if necessary
T2D34 3393:013.200    -- Filling invalid ranges in sector buffer (flash cache) for sector @ 0x0000E300 if necessary
T2D34 3393:013.204    -- Filling invalid ranges in sector buffer (flash cache) for sector @ 0x0000E400 if necessary
T2D34 3393:013.208    -- Filling invalid ranges in sector buffer (flash cache) for sector @ 0x0000E500 if necessary
T2D34 3393:013.212    -- Filling invalid ranges in sector buffer (flash cache) for sector @ 0x0000E600 if necessary
T2D34 3393:013.216    -- Filling invalid ranges in sector buffer (flash cache) for sector @ 0x0000E700 if necessary
T2D34 3393:013.220    -- Filling invalid ranges in sector buffer (flash cache) for sector @ 0x0000E800 if necessary
T2D34 3393:013.224    -- Filling invalid ranges in sector buffer (flash cache) for sector @ 0x0000E900 if necessary
T2D34 3393:013.228    -- Filling invalid ranges in sector buffer (flash cache) for sector @ 0x0000EA00 if necessary
T2D34 3393:013.232    -- Filling invalid ranges in sector buffer (flash cache) for sector @ 0x0000EB00 if necessary
T2D34 3393:013.236    -- Filling invalid ranges in sector buffer (flash cache) for sector @ 0x0000EC00 if necessary
T2D34 3393:013.240    -- Filling invalid ranges in sector buffer (flash cache) for sector @ 0x0000ED00 if necessary
T2D34 3393:013.244    -- Filling invalid ranges in sector buffer (flash cache) for sector @ 0x0000EE00 if necessary
T2D34 3393:013.255    -- Filling invalid ranges in sector buffer (flash cache) for sector @ 0x0000EF00 if necessary
T2D34 3393:013.259    -- Filling invalid ranges in sector buffer (flash cache) for sector @ 0x0000F000 if necessary
T2D34 3393:013.263    -- Filling invalid ranges in sector buffer (flash cache) for sector @ 0x0000F100 if necessary
T2D34 3393:013.267    -- Filling invalid ranges in sector buffer (flash cache) for sector @ 0x0000F200 if necessary
T2D34 3393:013.294    -- End of determining dirty areas
T2D34 3393:013.298    -- Start of preparing flash programming
T2D34 3393:013.302    -- Calculating RAM usage
T2D34 3393:013.311    -- RAM usage = 3908 Bytes
T2D34 3393:013.315    -- Preserving CPU registers
T2D34 3393:013.325    -- Preparing target
T2D34 3393:013.329    -- Preserving target RAM temporarily used for programming
T2D34 3393:033.877    -- Downloading RAMCode
T2D34 3393:050.382    -- Preparing RAMCode
T2D34 3393:055.756    -- End of preparing flash programming
T2D34 3393:060.533    -- CPU speed could not be measured.
T2D34 3393:060.544    -- Start of comparing flash
T2D34 3393:060.549    -- CRC check was estimated as fastest method
T2D34 3393:073.392    -- Comparing range 0x0000 - 0x7FFF (128 Sectors, 32 KB), using multi-block CRC calculation
T2D34 3393:097.979    -- CRC does not match for sectors 0-1, 3-4, 13, 28-68, 70-72, 75, 77, 79, 82, 85-87, 89-97, 99-104, 106
T2D34 3393:098.196    -- Comparing range 0x8000 - 0xF2FF (115 Sectors, 28 KB), using multi-block CRC calculation
T2D34 3393:121.676    -- CRC does not match for sectors 6-7, 93, 112
T2D34 3393:125.083    -- Comparing range 0x0200 - 0x02FF (1 Sector, 256 Bytes), using alternative multi-block CRC calculation
T2D34 3393:131.149    -- All CRCs match
T2D34 3393:131.272    -- Comparing range 0x0500 - 0x0CFF (8 Sectors, 2 KB), using alternative multi-block CRC calculation
T2D34 3393:135.823    -- All CRCs match
T2D34 3393:136.093    -- Comparing range 0x0E00 - 0x1BFF (14 Sectors, 3 KB), using alternative multi-block CRC calculation
T2D34 3393:144.377    -- All CRCs match
T2D34 3393:144.520    -- Comparing range 0x4500 - 0x45FF (1 Sector, 256 Bytes), using alternative multi-block CRC calculation
T2D34 3393:146.535    -- All CRCs match
T2D34 3393:147.479    -- Comparing range 0x4900 - 0x4AFF (2 Sectors, 512 Bytes), using alternative multi-block CRC calculation
T2D34 3393:151.038    -- All CRCs match
T2D34 3393:151.165    -- Comparing range 0x4C00 - 0x4CFF (1 Sector, 256 Bytes), using alternative multi-block CRC calculation
T2D34 3393:153.310    -- All CRCs match
T2D34 3393:153.435    -- Comparing range 0x4E00 - 0x4EFF (1 Sector, 256 Bytes), using alternative multi-block CRC calculation
T2D34 3393:155.492    -- All CRCs match
T2D34 3393:155.620    -- Comparing range 0x5000 - 0x51FF (2 Sectors, 512 Bytes), using alternative multi-block CRC calculation
T2D34 3393:158.600    -- All CRCs match
T2D34 3393:158.741    -- Comparing range 0x5300 - 0x54FF (2 Sectors, 512 Bytes), using alternative multi-block CRC calculation
T2D34 3393:161.404    -- All CRCs match
T2D34 3393:161.753    -- Comparing range 0x5800 - 0x58FF (1 Sector, 256 Bytes), using alternative multi-block CRC calculation
T2D34 3393:163.710    -- All CRCs match
T2D34 3393:163.900    -- Comparing range 0x6200 - 0x62FF (1 Sector, 256 Bytes), using alternative multi-block CRC calculation
T2D34 3393:166.060    -- All CRCs match
T2D34 3393:166.258    -- Comparing range 0x6900 - 0x69FF (1 Sector, 256 Bytes), using alternative multi-block CRC calculation
T2D34 3393:169.123    -- All CRCs match
T2D34 3393:169.324    -- Comparing range 0x6B00 - 0x85FF (27 Sectors, 6 KB), using alternative multi-block CRC calculation
T2D34 3393:176.684    -- All CRCs match
T2D34 3393:176.832    -- Comparing range 0x8800 - 0xDCFF (85 Sectors, 21 KB), using alternative multi-block CRC calculation
T2D34 3393:194.642    -- All CRCs match
T2D34 3393:194.779    -- Comparing range 0xDE00 - 0xEFFF (18 Sectors, 4 KB), using alternative multi-block CRC calculation
T2D34 3393:200.504    -- All CRCs match
T2D34 3393:200.653    -- Comparing range 0xF100 - 0xF2FF (2 Sectors, 512 Bytes), using alternative multi-block CRC calculation
T2D34 3393:203.255    -- All CRCs match
T2D34 3393:203.264    -- End of comparing flash
T2D34 3393:203.268    -- Start of erasing sectors
T2D34 3393:203.273    -- Erasing range 0x00000000 - 0x000001FF (  2 Sectors, 512 Bytes)
T2D34 3393:211.368    -- Erasing range 0x00000300 - 0x000004FF (  2 Sectors, 512 Bytes)
T2D34 3393:215.213    -- Erasing range 0x00000D00 - 0x00000DFF (  1 Sector, 256 Bytes)
T2D34 3393:217.718    -- Erasing range 0x00001C00 - 0x000044FF ( 41 Sectors, 10 KB)
T2D34 3393:264.521    -- Erasing range 0x00004600 - 0x000048FF (  3 Sectors, 768 Bytes)
T2D34 3393:272.344    -- Erasing range 0x00004B00 - 0x00004BFF (  1 Sector, 256 Bytes)
T2D34 3393:275.181    -- Erasing range 0x00004D00 - 0x00004DFF (  1 Sector, 256 Bytes)
T2D34 3393:278.043    -- Erasing range 0x00004F00 - 0x00004FFF (  1 Sector, 256 Bytes)
T2D34 3393:281.026    -- Erasing range 0x00005200 - 0x000052FF (  1 Sector, 256 Bytes)
T2D34 3393:285.053    -- Erasing range 0x00005500 - 0x000057FF (  3 Sectors, 768 Bytes)
T2D34 3393:290.157    -- Erasing range 0x00005900 - 0x000061FF (  9 Sectors, 2 KB)
T2D34 3393:302.383    -- Erasing range 0x00006300 - 0x000068FF (  6 Sectors, 1 KB)
T2D34 3393:310.659    -- Erasing range 0x00006A00 - 0x00006AFF (  1 Sector, 256 Bytes)
T2D34 3393:313.604    -- Erasing range 0x00008600 - 0x000087FF (  2 Sectors, 512 Bytes)
T2D34 3393:317.559    -- Erasing range 0x0000DD00 - 0x0000DDFF (  1 Sector, 256 Bytes)
T2D34 3393:320.504    -- Erasing range 0x0000F000 - 0x0000F0FF (  1 Sector, 256 Bytes)
T2D34 3393:323.242    -- End of erasing sectors
T2D34 3393:323.252    -- Start of flash programming
T2D34 3393:323.257    -- Programming range 0x00000000 - 0x000001FF (  2 Sectors, 512 Bytes)
T2D34 3393:326.471    -- Programming range 0x00000300 - 0x000004FF (  2 Sectors, 512 Bytes)
T2D34 3393:327.481    -- Programming range 0x00000D00 - 0x00000DFF (  1 Sector, 256 Bytes)
T2D34 3393:336.259    -- Programming range 0x00001C00 - 0x000044FF ( 41 Sectors, 10 KB)
T2D34 3393:411.611    -- Programming range 0x00004600 - 0x000048FF (  3 Sectors, 768 Bytes)
T2D34 3393:416.042    -- Programming range 0x00004B00 - 0x00004BFF (  1 Sector, 256 Bytes)
T2D34 3393:422.166    -- Programming range 0x00004D00 - 0x00004DFF (  1 Sector, 256 Bytes)
T2D34 3393:425.768    -- Programming range 0x00004F00 - 0x00004FFF (  1 Sector, 256 Bytes)
T2D34 3393:429.317    -- Programming range 0x00005200 - 0x000052FF (  1 Sector, 256 Bytes)
T2D34 3393:432.837    -- Programming range 0x00005500 - 0x000057FF (  3 Sectors, 768 Bytes)
T2D34 3393:436.676    -- Programming range 0x00005900 - 0x000061FF (  9 Sectors, 2 KB)
T2D34 3393:457.101    -- Programming range 0x00006300 - 0x000068FF (  6 Sectors, 1 KB)
T2D34 3393:468.316    -- Programming range 0x00006A00 - 0x00006AFF (  1 Sector, 256 Bytes)
T2D34 3393:473.282    -- Programming range 0x00008600 - 0x000087FF (  2 Sectors, 512 Bytes)
T2D34 3393:477.070    -- Programming range 0x0000DD00 - 0x0000DDFF (  1 Sector, 256 Bytes)
T2D34 3393:481.873    -- Programming range 0x0000F000 - 0x0000F0FF (  1 Sector, 256 Bytes)
T2D34 3393:485.249    -- End of flash programming
T2D34 3393:485.258    -- 0x0000 - 0x01FF (  2 Sectors, 512 Bytes)
T2D34 3393:485.263    -- 0x0300 - 0x04FF (  2 Sectors, 512 Bytes)
T2D34 3393:485.267    -- 0x0D00 - 0x0DFF (  1 Sector, 256 Bytes)
T2D34 3393:485.271    -- 0x1C00 - 0x44FF ( 41 Sectors, 10 KB)
T2D34 3393:485.275    -- 0x4600 - 0x48FF (  3 Sectors, 768 Bytes)
T2D34 3393:485.278    -- 0x4B00 - 0x4BFF (  1 Sector, 256 Bytes)
T2D34 3393:485.282    -- 0x4D00 - 0x4DFF (  1 Sector, 256 Bytes)
T2D34 3393:485.286    -- 0x4F00 - 0x4FFF (  1 Sector, 256 Bytes)
T2D34 3393:485.290    -- 0x5200 - 0x52FF (  1 Sector, 256 Bytes)
T2D34 3393:485.294    -- 0x5500 - 0x57FF (  3 Sectors, 768 Bytes)
T2D34 3393:485.298    -- 0x5900 - 0x61FF (  9 Sectors, 2 KB)
T2D34 3393:485.305    -- 0x6300 - 0x68FF (  6 Sectors, 1 KB)
T2D34 3393:485.309    -- 0x6A00 - 0x6AFF (  1 Sector, 256 Bytes)
T2D34 3393:485.313    -- 0x8600 - 0x87FF (  2 Sectors, 512 Bytes)
T2D34 3393:485.317    -- 0xDD00 - 0xDDFF (  1 Sector, 256 Bytes)
T2D34 3393:485.320    -- 0xF000 - 0xF0FF (  1 Sector, 256 Bytes)
T2D34 3393:485.324    -- Start of restoring
T2D34 3393:485.328    -- Restoring RAMCode
T2D34 3393:493.391    -- Restoring target memory
T2D34 3393:512.894    -- Restore target
T2D34 3393:512.903    -- Restoring CPU registers
T2D34 3393:512.914    -- End of restoring
T2D34 3393:512.954    -- Bank 0 @ 0x00000000: 16 ranges affected (19456 bytes)
T2D34 3393:512.964    -- Total: 0.499s (Prepare: 0.047s, Compare: 0.142s, Erase: 0.119s, Program & Verify: 0.166s, Restore: 0.023s)
T2D34 3393:512.971    -- Program & Verify speed: 114 KB/s
T2D34 3393:514.069 - 502.865ms returns 19456 (0x4C00)
T2D34 3393:514.104 JLINK_ResetPullsRESET(ON)
T2D34 3393:514.107 - 0.003ms
T2D34 3393:514.110 JLINK_ResetNoHalt()
T2D34 3393:514.249   InitTarget() start
T2D34 3393:514.258    J-Link Script File: Executing InitTarget()
T2D34 3393:514.271   InitTarget()
T2D34 3393:516.700   InitTarget() end - Took 2.42ms
T2D34 3393:517.293   Found SW-DP with ID 0x0BC11477
T2D34 3393:519.390   DPIDR: 0x0BC11477
T2D34 3393:519.399   CoreSight SoC-400 or earlier
T2D34 3393:519.407   AP map detection skipped. Manually configured AP map found.
T2D34 3393:519.414   AP[0]: AHB-AP (IDR: Not set)
T2D34 3393:520.390   AP[0]: Core found
T2D34 3393:520.411   AP[0]: AHB-AP ROM base: 0x41003000
T2D34 3393:520.795   CPUID register: 0x410CC601. Implementer code: 0x41 (ARM)
T2D34 3393:520.803   Found Cortex-M0 r0p1, Little endian.
T2D34 3393:520.990   -- Max. mem block: 0x00002860
T2D34 3393:520.999   CPU_ReadMem(4 bytes @ 0xE000EDF0)
T2D34 3393:521.279   CPU_ReadMem(4 bytes @ 0xE0002000)
T2D34 3393:521.557   FPUnit: 4 code (BP) slots and 0 literal slots
T2D34 3393:521.563   CPU_ReadMem(4 bytes @ 0xE000EDFC)
T2D34 3393:521.809   CPU_ReadMem(4 bytes @ 0xE0001000)
T2D34 3393:522.083   CoreSight components:
T2D34 3393:522.093   ROMTbl[0] @ 41003000
T2D34 3393:522.098   CPU_ReadMem(64 bytes @ 0x41003000)
T2D34 3393:522.752   CPU_ReadMem(32 bytes @ 0xE00FFFE0)
T2D34 3393:523.322   [0][0]: E00FF000 CID B105100D PID 000BB4C0 ROM Table
T2D34 3393:523.332   ROMTbl[1] @ E00FF000
T2D34 3393:523.336   CPU_ReadMem(64 bytes @ 0xE00FF000)
T2D34 3393:524.091   CPU_ReadMem(32 bytes @ 0xE000EFE0)
T2D34 3393:524.591   [1][0]: E000E000 CID B105E00D PID 000BB008 SCS
T2D34 3393:524.600   CPU_ReadMem(32 bytes @ 0xE0001FE0)
T2D34 3393:525.071   [1][1]: E0001000 CID B105E00D PID 000BB00A DWT
T2D34 3393:525.076   CPU_ReadMem(32 bytes @ 0xE0002FE0)
T2D34 3393:525.619   [1][2]: E0002000 CID B105E00D PID 000BB00B FPB
T2D34 3393:525.625   CPU_ReadMem(32 bytes @ 0x41006FE0)
T2D34 3393:526.048   [0][1]: 41006000 CID B105900D PID 001BB932 MTB-M0+
T2D34 3393:526.063   JLINK_Reset()
T2D34 3393:526.068     CPU_ReadMem(4 bytes @ 0x20000000)
T2D34 3393:526.311     CPU_WriteMem(4 bytes @ 0x20000000)
T2D34 3393:526.583     ResetTarget() start
T2D34 3393:526.587      J-Link Script File: Executing ResetTarget()
T2D34 3393:526.835     CPU_ReadMem(4 bytes @ 0xE000EDFC)
T2D34 3393:527.197     CPU_WriteMem(4 bytes @ 0xE000EDFC)
T2D34 3393:527.487     CPU_WriteMem(4 bytes @ 0xE000ED0C)
T2D34 3393:528.816     CPU_ReadMem(4 bytes @ 0xE000EDF0)
T2D34 3393:529.116     CPU_ReadMem(4 bytes @ 0x41002100)
T2D34 3393:529.386     CPU_WriteMem(4 bytes @ 0xE000EDFC)
T2D34 3393:529.687     ResetTarget() end - Took 3.08ms
T2D34 3393:533.075     CPU_WriteMem(4 bytes @ 0xE0002000)
T2D34 3393:533.484     CPU_ReadMem(4 bytes @ 0xE000EDFC)
T2D34 3393:533.757     CPU_ReadMem(4 bytes @ 0xE0001000)
T2D34 3393:536.089     CPU_WriteMem(4 bytes @ 0xE0001000)
T2D34 3393:536.391   - 10.332ms
T2D34 3393:536.398   JLINK_Go()
T2D34 3393:536.404     CPU_ReadMem(4 bytes @ 0xE0001000)
T2D34 3393:536.671     CPU_WriteMem(4 bytes @ 0xE0001000)
T2D34 3393:536.988     CPU_WriteMem(4 bytes @ 0xE0001004)
T2D34 3393:537.795     Memory map 'after startup completion point' is active
T2D34 3393:537.801   - 1.403ms
T2D34 3393:537.804 - 23.693ms
T2D34 3393:547.515 JLINK_Close()
T2D34 3393:561.050 - 13.533ms
T2D34 3393:561.057   
T2D34 3393:561.060   Closed
